<?xml version="1.0" encoding="UTF-8"?>
<testsuites name="Prototyp Filialsuche (RC18) 13_03_2018" time="1470" tests="50" failures="7" errors="0">
   <testsuite name="Prototyp Filialsuche (RC18) 13_03_2018" tests="50" failures="7" errors="0" time="1470" timestamp="2018-03-13 10:44:53" hostname="lbut - Unitb-Dell22.Werk.UnitB.de" id="Test Suites/Prototyp Filialsuche (RC18) 13_03_2018">
      <properties>
[...]
</properties>
      <testcase name="Test Cases/Prototyp_Filialsuche (RC 18)/01_Testfall" classname="Test Cases/Prototyp_Filialsuche (RC 18)/01_Testfall" status="PASSED">
         <system-out><![CDATA[2018-03-13 10:44:54 - [TEST_CASE][PASSED] - Test Cases/Prototyp_Filialsuche (RC 18)/01_Testfall: Test Cases/Prototyp_Filialsuche (RC 18)/01_Testfall

2018-03-13 10:44:55 - [TEST_STEP][PASSED] - openBrowser: Browser is opened with url: ''

2018-03-13 10:45:07 - [MESSAGE][PASSED] - Browser is opened with url: ''

2018-03-13 10:45:07 - [TEST_STEP][PASSED] - deleteAllCookies: Delete all cookies successfully

2018-03-13 10:45:07 - [MESSAGE][PASSED] - Delete all cookies successfully

2018-03-13 10:45:07 - [TEST_STEP][PASSED] - maximizeWindow: Current window maximized

2018-03-13 10:45:07 - [MESSAGE][PASSED] - Current window maximized

2018-03-13 10:45:07 - [TEST_STEP][PASSED] - navigateToUrl: Navigate to 'http://rc-ogrhtmlprototyp.testintern/18-1-0/filialsuche.html' successfully

2018-03-13 10:45:17 - [MESSAGE][PASSED] - Navigate to 'http://rc-ogrhtmlprototyp.testintern/18-1-0/filialsuche.html' successfully

2018-03-13 10:45:17 - [TEST_STEP][PASSED] - delay: Delayed 5 second(s)

2018-03-13 10:45:22 - [MESSAGE][PASSED] - Delayed 5 second(s)

2018-03-13 10:45:22 - [TEST_STEP][PASSED] - Statement - wes = com.kms.katalon.core.webui.common.WebUiCommonHelper.findWebElements(com.kms.katalon.core.testobject.ObjectRepository.findTestObject(filial_map), 5): Found 61 web elements with id: 'Object Repository/filial_map' located by 'By.xpath: //div[@class='aps-map__custom-marker']' in '5' second(s)

2018-03-13 10:45:24 - [TEST_STEP][PASSED] - Statement - For ([i = 0, i < wes.size(), (i++)]): null

2018-03-13 10:45:24 - [TEST_STEP][PASSED] - Statement - el = wes.get(i): null

2018-03-13 10:45:24 - [TEST_STEP][PASSED] - Statement - If (!(el.isDisplayed())): null

2018-03-13 10:45:24 - [TEST_STEP][PASSED] - Statement - el = wes.get(i): null

2018-03-13 10:45:24 - [TEST_STEP][PASSED] - Statement - If (!(el.isDisplayed())): null

2018-03-13 10:45:24 - [TEST_STEP][PASSED] - Statement - el = wes.get(i): null

2018-03-13 10:45:24 - [TEST_STEP][PASSED] - Statement - If (!(el.isDisplayed())): null

2018-03-13 10:45:24 - [TEST_STEP][PASSED] - Statement - el = wes.get(i): null

2018-03-13 10:45:24 - [TEST_STEP][PASSED] - Statement - If (!(el.isDisplayed())): null

2018-03-13 10:45:24 - [TEST_STEP][PASSED] - Statement - el = wes.get(i): null

2018-03-13 10:45:24 - [TEST_STEP][PASSED] - Statement - If (!(el.isDisplayed())): null

2018-03-13 10:45:25 - [TEST_STEP][PASSED] - Statement - el = wes.get(i): null

2018-03-13 10:45:25 - [TEST_STEP][PASSED] - Statement - If (!(el.isDisplayed())): null

2018-03-13 10:45:25 - [TEST_STEP][PASSED] - Statement - el = wes.get(i): null

2018-03-13 10:45:25 - [TEST_STEP][PASSED] - Statement - If (!(el.isDisplayed())): null

2018-03-13 10:45:25 - [TEST_STEP][PASSED] - Statement - el = wes.get(i): null

2018-03-13 10:45:25 - [TEST_STEP][PASSED] - Statement - If (!(el.isDisplayed())): null

2018-03-13 10:45:25 - [TEST_STEP][PASSED] - Statement - el = wes.get(i): null

2018-03-13 10:45:25 - [TEST_STEP][PASSED] - Statement - If (!(el.isDisplayed())): null

2018-03-13 10:45:25 - [TEST_STEP][PASSED] - Statement - el = wes.get(i): null

2018-03-13 10:45:25 - [TEST_STEP][PASSED] - Statement - If (!(el.isDisplayed())): null

2018-03-13 10:45:25 - [TEST_STEP][PASSED] - Statement - el = wes.get(i): null

2018-03-13 10:45:25 - [TEST_STEP][PASSED] - Statement - If (!(el.isDisplayed())): null

2018-03-13 10:45:25 - [TEST_STEP][PASSED] - Statement - el = wes.get(i): null

2018-03-13 10:45:25 - [TEST_STEP][PASSED] - Statement - If (!(el.isDisplayed())): null

2018-03-13 10:45:25 - [TEST_STEP][PASSED] - Statement - el = wes.get(i): null

2018-03-13 10:45:25 - [TEST_STEP][PASSED] - Statement - If (!(el.isDisplayed())): null

2018-03-13 10:45:25 - [TEST_STEP][PASSED] - Statement - el = wes.get(i): null

2018-03-13 10:45:25 - [TEST_STEP][PASSED] - Statement - If (!(el.isDisplayed())): null

2018-03-13 10:45:25 - [TEST_STEP][PASSED] - Statement - el = wes.get(i): null

2018-03-13 10:45:25 - [TEST_STEP][PASSED] - Statement - If (!(el.isDisplayed())): null

2018-03-13 10:45:25 - [TEST_STEP][PASSED] - Statement - el = wes.get(i): null

2018-03-13 10:45:25 - [TEST_STEP][PASSED] - Statement - If (!(el.isDisplayed())): null

2018-03-13 10:45:25 - [TEST_STEP][PASSED] - Statement - el = wes.get(i): null

2018-03-13 10:45:25 - [TEST_STEP][PASSED] - Statement - If (!(el.isDisplayed())): null

2018-03-13 10:45:25 - [TEST_STEP][PASSED] - Statement - el = wes.get(i): null

2018-03-13 10:45:25 - [TEST_STEP][PASSED] - Statement - If (!(el.isDisplayed())): null

2018-03-13 10:45:25 - [TEST_STEP][PASSED] - Statement - el = wes.get(i): null

2018-03-13 10:45:25 - [TEST_STEP][PASSED] - Statement - If (!(el.isDisplayed())): null

2018-03-13 10:45:25 - [TEST_STEP][PASSED] - Statement - el = wes.get(i): null

2018-03-13 10:45:25 - [TEST_STEP][PASSED] - Statement - If (!(el.isDisplayed())): null

2018-03-13 10:45:25 - [TEST_STEP][PASSED] - Statement - el = wes.get(i): null

2018-03-13 10:45:25 - [TEST_STEP][PASSED] - Statement - If (!(el.isDisplayed())): null

2018-03-13 10:45:25 - [TEST_STEP][PASSED] - Statement - el = wes.get(i): null

2018-03-13 10:45:25 - [TEST_STEP][PASSED] - Statement - If (!(el.isDisplayed())): null

2018-03-13 10:45:25 - [TEST_STEP][PASSED] - Statement - el = wes.get(i): null

2018-03-13 10:45:25 - [TEST_STEP][PASSED] - Statement - If (!(el.isDisplayed())): null

2018-03-13 10:45:25 - [TEST_STEP][PASSED] - Statement - el = wes.get(i): null

2018-03-13 10:45:25 - [TEST_STEP][PASSED] - Statement - If (!(el.isDisplayed())): null

2018-03-13 10:45:25 - [TEST_STEP][PASSED] - Statement - el = wes.get(i): null

2018-03-13 10:45:25 - [TEST_STEP][PASSED] - Statement - If (!(el.isDisplayed())): null

2018-03-13 10:45:25 - [TEST_STEP][PASSED] - Statement - el = wes.get(i): null

2018-03-13 10:45:25 - [TEST_STEP][PASSED] - Statement - If (!(el.isDisplayed())): null

2018-03-13 10:45:25 - [TEST_STEP][PASSED] - Statement - el = wes.get(i): null

2018-03-13 10:45:25 - [TEST_STEP][PASSED] - Statement - If (!(el.isDisplayed())): null

2018-03-13 10:45:25 - [TEST_STEP][PASSED] - Statement - el = wes.get(i): null

2018-03-13 10:45:25 - [TEST_STEP][PASSED] - Statement - If (!(el.isDisplayed())): null

2018-03-13 10:45:25 - [TEST_STEP][PASSED] - Statement - el = wes.get(i): null

2018-03-13 10:45:25 - [TEST_STEP][PASSED] - Statement - If (!(el.isDisplayed())): null

2018-03-13 10:45:26 - [TEST_STEP][PASSED] - Statement - el = wes.get(i): null

2018-03-13 10:45:26 - [TEST_STEP][PASSED] - Statement - If (!(el.isDisplayed())): null

2018-03-13 10:45:26 - [TEST_STEP][PASSED] - Statement - el = wes.get(i): null

2018-03-13 10:45:26 - [TEST_STEP][PASSED] - Statement - If (!(el.isDisplayed())): null

2018-03-13 10:45:26 - [TEST_STEP][PASSED] - Statement - el = wes.get(i): null

2018-03-13 10:45:26 - [TEST_STEP][PASSED] - Statement - If (!(el.isDisplayed())): null

2018-03-13 10:45:26 - [TEST_STEP][PASSED] - Statement - el = wes.get(i): null

2018-03-13 10:45:26 - [TEST_STEP][PASSED] - Statement - If (!(el.isDisplayed())): null

2018-03-13 10:45:26 - [TEST_STEP][PASSED] - Statement - el = wes.get(i): null

2018-03-13 10:45:26 - [TEST_STEP][PASSED] - Statement - If (!(el.isDisplayed())): null

2018-03-13 10:45:26 - [TEST_STEP][PASSED] - Statement - el = wes.get(i): null

2018-03-13 10:45:26 - [TEST_STEP][PASSED] - Statement - If (!(el.isDisplayed())): null

2018-03-13 10:45:26 - [TEST_STEP][PASSED] - Statement - el = wes.get(i): null

2018-03-13 10:45:26 - [TEST_STEP][PASSED] - Statement - If (!(el.isDisplayed())): null

2018-03-13 10:45:26 - [TEST_STEP][PASSED] - Statement - el = wes.get(i): null

2018-03-13 10:45:26 - [TEST_STEP][PASSED] - Statement - If (!(el.isDisplayed())): null

2018-03-13 10:45:26 - [TEST_STEP][PASSED] - Statement - el = wes.get(i): null

2018-03-13 10:45:26 - [TEST_STEP][PASSED] - Statement - If (!(el.isDisplayed())): null

2018-03-13 10:45:26 - [TEST_STEP][PASSED] - Statement - el = wes.get(i): null

2018-03-13 10:45:26 - [TEST_STEP][PASSED] - Statement - If (!(el.isDisplayed())): null

2018-03-13 10:45:26 - [TEST_STEP][PASSED] - Statement - el = wes.get(i): null

2018-03-13 10:45:26 - [TEST_STEP][PASSED] - Statement - If (!(el.isDisplayed())): null

2018-03-13 10:45:26 - [TEST_STEP][PASSED] - Statement - el = wes.get(i): null

2018-03-13 10:45:26 - [TEST_STEP][PASSED] - Statement - If (!(el.isDisplayed())): null

2018-03-13 10:45:26 - [TEST_STEP][PASSED] - Statement - el = wes.get(i): null

2018-03-13 10:45:26 - [TEST_STEP][PASSED] - Statement - If (!(el.isDisplayed())): null

2018-03-13 10:45:26 - [TEST_STEP][PASSED] - Statement - el = wes.get(i): null

2018-03-13 10:45:26 - [TEST_STEP][PASSED] - Statement - If (!(el.isDisplayed())): null

2018-03-13 10:45:26 - [TEST_STEP][PASSED] - Statement - el = wes.get(i): null

2018-03-13 10:45:26 - [TEST_STEP][PASSED] - Statement - If (!(el.isDisplayed())): null

2018-03-13 10:45:27 - [TEST_STEP][PASSED] - Statement - el = wes.get(i): null

2018-03-13 10:45:27 - [TEST_STEP][PASSED] - Statement - If (!(el.isDisplayed())): null

2018-03-13 10:45:27 - [TEST_STEP][PASSED] - Statement - el = wes.get(i): null

2018-03-13 10:45:27 - [TEST_STEP][PASSED] - Statement - If (!(el.isDisplayed())): null

2018-03-13 10:45:27 - [TEST_STEP][PASSED] - Statement - el = wes.get(i): null

2018-03-13 10:45:27 - [TEST_STEP][PASSED] - Statement - If (!(el.isDisplayed())): null

2018-03-13 10:45:27 - [TEST_STEP][PASSED] - Statement - el = wes.get(i): null

2018-03-13 10:45:27 - [TEST_STEP][PASSED] - Statement - If (!(el.isDisplayed())): null

2018-03-13 10:45:27 - [TEST_STEP][PASSED] - Statement - el = wes.get(i): null

2018-03-13 10:45:27 - [TEST_STEP][PASSED] - Statement - If (!(el.isDisplayed())): null

2018-03-13 10:45:27 - [TEST_STEP][PASSED] - Statement - el = wes.get(i): null

2018-03-13 10:45:27 - [TEST_STEP][PASSED] - Statement - If (!(el.isDisplayed())): null

2018-03-13 10:45:27 - [TEST_STEP][PASSED] - Statement - el = wes.get(i): null

2018-03-13 10:45:27 - [TEST_STEP][PASSED] - Statement - If (!(el.isDisplayed())): null

2018-03-13 10:45:27 - [TEST_STEP][PASSED] - Statement - el = wes.get(i): null

2018-03-13 10:45:27 - [TEST_STEP][PASSED] - Statement - If (!(el.isDisplayed())): null

2018-03-13 10:45:27 - [TEST_STEP][PASSED] - Statement - el = wes.get(i): null

2018-03-13 10:45:27 - [TEST_STEP][PASSED] - Statement - If (!(el.isDisplayed())): null

2018-03-13 10:45:27 - [TEST_STEP][PASSED] - Statement - el = wes.get(i): null

2018-03-13 10:45:27 - [TEST_STEP][PASSED] - Statement - If (!(el.isDisplayed())): null

2018-03-13 10:45:27 - [TEST_STEP][PASSED] - Statement - el = wes.get(i): null

2018-03-13 10:45:27 - [TEST_STEP][PASSED] - Statement - If (!(el.isDisplayed())): null

2018-03-13 10:45:27 - [TEST_STEP][PASSED] - Statement - el = wes.get(i): null

2018-03-13 10:45:27 - [TEST_STEP][PASSED] - Statement - If (!(el.isDisplayed())): null

2018-03-13 10:45:28 - [TEST_STEP][PASSED] - Statement - el = wes.get(i): null

2018-03-13 10:45:28 - [TEST_STEP][PASSED] - Statement - If (!(el.isDisplayed())): null

2018-03-13 10:45:28 - [TEST_STEP][PASSED] - Statement - el = wes.get(i): null

2018-03-13 10:45:28 - [TEST_STEP][PASSED] - Statement - If (!(el.isDisplayed())): null

2018-03-13 10:45:28 - [TEST_STEP][PASSED] - Statement - el = wes.get(i): null

2018-03-13 10:45:28 - [TEST_STEP][PASSED] - Statement - If (!(el.isDisplayed())): null

2018-03-13 10:45:28 - [TEST_STEP][PASSED] - Statement - el = wes.get(i): null

2018-03-13 10:45:28 - [TEST_STEP][PASSED] - Statement - If (!(el.isDisplayed())): null

2018-03-13 10:45:28 - [TEST_STEP][PASSED] - Statement - el = wes.get(i): null

2018-03-13 10:45:28 - [TEST_STEP][PASSED] - Statement - If (!(el.isDisplayed())): null

2018-03-13 10:45:28 - [TEST_STEP][PASSED] - closeBrowser: Browser is closed

2018-03-13 10:45:29 - [MESSAGE][PASSED] - Browser is closed]]></system-out>
         <system-err><![CDATA[]]></system-err>
      </testcase>
      <testcase name="Test Cases/Prototyp_Filialsuche (RC 18)/02_Testfall" classname="Test Cases/Prototyp_Filialsuche (RC 18)/02_Testfall" status="PASSED">
         <system-out><![CDATA[2018-03-13 10:45:29 - [TEST_CASE][PASSED] - Test Cases/Prototyp_Filialsuche (RC 18)/02_Testfall: Test Cases/Prototyp_Filialsuche (RC 18)/02_Testfall

2018-03-13 10:45:29 - [TEST_STEP][PASSED] - openBrowser: Browser is opened with url: ''

2018-03-13 10:45:31 - [MESSAGE][PASSED] - Browser is opened with url: ''

2018-03-13 10:45:31 - [TEST_STEP][PASSED] - deleteAllCookies: Delete all cookies successfully

2018-03-13 10:45:31 - [MESSAGE][PASSED] - Delete all cookies successfully

2018-03-13 10:45:31 - [TEST_STEP][PASSED] - maximizeWindow: Current window maximized

2018-03-13 10:45:31 - [MESSAGE][PASSED] - Current window maximized

2018-03-13 10:45:31 - [TEST_STEP][PASSED] - navigateToUrl: Navigate to 'http://rc-ogrhtmlprototyp.testintern/18-1-0/filialsuche-wangen.html' successfully

2018-03-13 10:45:32 - [MESSAGE][PASSED] - Navigate to 'http://rc-ogrhtmlprototyp.testintern/18-1-0/filialsuche-wangen.html' successfully

2018-03-13 10:45:32 - [TEST_STEP][PASSED] - delay: Delayed 5 second(s)

2018-03-13 10:45:37 - [MESSAGE][PASSED] - Delayed 5 second(s)

2018-03-13 10:45:37 - [TEST_STEP][PASSED] - Statement - wes = com.kms.katalon.core.webui.common.WebUiCommonHelper.findWebElements(com.kms.katalon.core.testobject.ObjectRepository.findTestObject(filial_map), 5): Found 4 web elements with id: 'Object Repository/filial_map' located by 'By.xpath: //div[@class='aps-map__custom-marker']' in '5' second(s)

2018-03-13 10:45:37 - [TEST_STEP][PASSED] - Statement - For ([i = 0, i < wes.size(), (i++)]): null

2018-03-13 10:45:37 - [TEST_STEP][PASSED] - Statement - el = wes.get(i): null

2018-03-13 10:45:37 - [TEST_STEP][PASSED] - Statement - If (!(el.isDisplayed())): null

2018-03-13 10:45:37 - [TEST_STEP][PASSED] - Statement - el = wes.get(i): null

2018-03-13 10:45:37 - [TEST_STEP][PASSED] - Statement - If (!(el.isDisplayed())): null

2018-03-13 10:45:38 - [TEST_STEP][PASSED] - Statement - el = wes.get(i): null

2018-03-13 10:45:38 - [TEST_STEP][PASSED] - Statement - If (!(el.isDisplayed())): null

2018-03-13 10:45:38 - [TEST_STEP][PASSED] - Statement - el = wes.get(i): null

2018-03-13 10:45:38 - [TEST_STEP][PASSED] - Statement - If (!(el.isDisplayed())): null

2018-03-13 10:45:38 - [TEST_STEP][PASSED] - closeBrowser: Browser is closed

2018-03-13 10:45:38 - [MESSAGE][PASSED] - Browser is closed]]></system-out>
         <system-err><![CDATA[]]></system-err>
      </testcase>
      <testcase name="Test Cases/Prototyp_Filialsuche (RC 18)/03_Testfall" classname="Test Cases/Prototyp_Filialsuche (RC 18)/03_Testfall" status="PASSED">
         <system-out><![CDATA[2018-03-13 10:45:38 - [TEST_CASE][PASSED] - Test Cases/Prototyp_Filialsuche (RC 18)/03_Testfall: Test Cases/Prototyp_Filialsuche (RC 18)/03_Testfall

2018-03-13 10:45:39 - [TEST_STEP][PASSED] - openBrowser: Browser is opened with url: ''

2018-03-13 10:45:41 - [MESSAGE][PASSED] - Browser is opened with url: ''

2018-03-13 10:45:41 - [TEST_STEP][PASSED] - deleteAllCookies: Delete all cookies successfully

2018-03-13 10:45:41 - [MESSAGE][PASSED] - Delete all cookies successfully

2018-03-13 10:45:41 - [TEST_STEP][PASSED] - maximizeWindow: Current window maximized

2018-03-13 10:45:41 - [MESSAGE][PASSED] - Current window maximized

2018-03-13 10:45:41 - [TEST_STEP][PASSED] - navigateToUrl: Navigate to 'http://rc-ogrhtmlprototyp.testintern/18-1-0/filialsuche-rotenburg.html' successfully

2018-03-13 10:45:41 - [MESSAGE][PASSED] - Navigate to 'http://rc-ogrhtmlprototyp.testintern/18-1-0/filialsuche-rotenburg.html' successfully

2018-03-13 10:45:41 - [TEST_STEP][PASSED] - delay: Delayed 5 second(s)

2018-03-13 10:45:46 - [MESSAGE][PASSED] - Delayed 5 second(s)

2018-03-13 10:45:46 - [TEST_STEP][PASSED] - Statement - wes = com.kms.katalon.core.webui.common.WebUiCommonHelper.findWebElements(com.kms.katalon.core.testobject.ObjectRepository.findTestObject(filial_map), 5): Found 19 web elements with id: 'Object Repository/filial_map' located by 'By.xpath: //div[@class='aps-map__custom-marker']' in '5' second(s)

2018-03-13 10:45:47 - [TEST_STEP][PASSED] - Statement - For ([i = 0, i < wes.size(), (i++)]): null

2018-03-13 10:45:47 - [TEST_STEP][PASSED] - Statement - el = wes.get(i): null

2018-03-13 10:45:47 - [TEST_STEP][PASSED] - Statement - If (!(el.isDisplayed())): null

2018-03-13 10:45:47 - [TEST_STEP][PASSED] - Statement - el = wes.get(i): null

2018-03-13 10:45:47 - [TEST_STEP][PASSED] - Statement - If (!(el.isDisplayed())): null

2018-03-13 10:45:47 - [TEST_STEP][PASSED] - Statement - el = wes.get(i): null

2018-03-13 10:45:47 - [TEST_STEP][PASSED] - Statement - If (!(el.isDisplayed())): null

2018-03-13 10:45:47 - [TEST_STEP][PASSED] - Statement - el = wes.get(i): null

2018-03-13 10:45:47 - [TEST_STEP][PASSED] - Statement - If (!(el.isDisplayed())): null

2018-03-13 10:45:47 - [TEST_STEP][PASSED] - Statement - el = wes.get(i): null

2018-03-13 10:45:47 - [TEST_STEP][PASSED] - Statement - If (!(el.isDisplayed())): null

2018-03-13 10:45:47 - [TEST_STEP][PASSED] - Statement - el = wes.get(i): null

2018-03-13 10:45:47 - [TEST_STEP][PASSED] - Statement - If (!(el.isDisplayed())): null

2018-03-13 10:45:47 - [TEST_STEP][PASSED] - Statement - el = wes.get(i): null

2018-03-13 10:45:47 - [TEST_STEP][PASSED] - Statement - If (!(el.isDisplayed())): null

2018-03-13 10:45:47 - [TEST_STEP][PASSED] - Statement - el = wes.get(i): null

2018-03-13 10:45:47 - [TEST_STEP][PASSED] - Statement - If (!(el.isDisplayed())): null

2018-03-13 10:45:48 - [TEST_STEP][PASSED] - Statement - el = wes.get(i): null

2018-03-13 10:45:48 - [TEST_STEP][PASSED] - Statement - If (!(el.isDisplayed())): null

2018-03-13 10:45:48 - [TEST_STEP][PASSED] - Statement - el = wes.get(i): null

2018-03-13 10:45:48 - [TEST_STEP][PASSED] - Statement - If (!(el.isDisplayed())): null

2018-03-13 10:45:48 - [TEST_STEP][PASSED] - Statement - el = wes.get(i): null

2018-03-13 10:45:48 - [TEST_STEP][PASSED] - Statement - If (!(el.isDisplayed())): null

2018-03-13 10:45:48 - [TEST_STEP][PASSED] - Statement - el = wes.get(i): null

2018-03-13 10:45:48 - [TEST_STEP][PASSED] - Statement - If (!(el.isDisplayed())): null

2018-03-13 10:45:48 - [TEST_STEP][PASSED] - Statement - el = wes.get(i): null

2018-03-13 10:45:48 - [TEST_STEP][PASSED] - Statement - If (!(el.isDisplayed())): null

2018-03-13 10:45:48 - [TEST_STEP][PASSED] - Statement - el = wes.get(i): null

2018-03-13 10:45:48 - [TEST_STEP][PASSED] - Statement - If (!(el.isDisplayed())): null

2018-03-13 10:45:48 - [TEST_STEP][PASSED] - Statement - el = wes.get(i): null

2018-03-13 10:45:48 - [TEST_STEP][PASSED] - Statement - If (!(el.isDisplayed())): null

2018-03-13 10:45:48 - [TEST_STEP][PASSED] - Statement - el = wes.get(i): null

2018-03-13 10:45:48 - [TEST_STEP][PASSED] - Statement - If (!(el.isDisplayed())): null

2018-03-13 10:45:48 - [TEST_STEP][PASSED] - Statement - el = wes.get(i): null

2018-03-13 10:45:48 - [TEST_STEP][PASSED] - Statement - If (!(el.isDisplayed())): null

2018-03-13 10:45:48 - [TEST_STEP][PASSED] - Statement - el = wes.get(i): null

2018-03-13 10:45:48 - [TEST_STEP][PASSED] - Statement - If (!(el.isDisplayed())): null

2018-03-13 10:45:48 - [TEST_STEP][PASSED] - Statement - el = wes.get(i): null

2018-03-13 10:45:48 - [TEST_STEP][PASSED] - Statement - If (!(el.isDisplayed())): null

2018-03-13 10:45:48 - [TEST_STEP][PASSED] - closeBrowser: Browser is closed

2018-03-13 10:45:49 - [MESSAGE][PASSED] - Browser is closed]]></system-out>
         <system-err><![CDATA[]]></system-err>
      </testcase>
      <testcase name="Test Cases/Prototyp_Filialsuche (RC 18)/04_Testfall" classname="Test Cases/Prototyp_Filialsuche (RC 18)/04_Testfall" status="PASSED">
         <system-out><![CDATA[2018-03-13 10:45:49 - [TEST_CASE][PASSED] - Test Cases/Prototyp_Filialsuche (RC 18)/04_Testfall: Test Cases/Prototyp_Filialsuche (RC 18)/04_Testfall

2018-03-13 10:45:49 - [TEST_STEP][PASSED] - openBrowser: Browser is opened with url: ''

2018-03-13 10:45:51 - [MESSAGE][PASSED] - Browser is opened with url: ''

2018-03-13 10:45:51 - [TEST_STEP][PASSED] - deleteAllCookies: Delete all cookies successfully

2018-03-13 10:45:51 - [MESSAGE][PASSED] - Delete all cookies successfully

2018-03-13 10:45:51 - [TEST_STEP][PASSED] - maximizeWindow: Current window maximized

2018-03-13 10:45:52 - [MESSAGE][PASSED] - Current window maximized

2018-03-13 10:45:52 - [TEST_STEP][PASSED] - navigateToUrl: Navigate to 'http://rc-ogrhtmlprototyp.testintern/18-1-0/filialsuche-nuernberg.html' successfully

2018-03-13 10:45:53 - [MESSAGE][PASSED] - Navigate to 'http://rc-ogrhtmlprototyp.testintern/18-1-0/filialsuche-nuernberg.html' successfully

2018-03-13 10:45:53 - [TEST_STEP][PASSED] - delay: Delayed 5 second(s)

2018-03-13 10:45:58 - [MESSAGE][PASSED] - Delayed 5 second(s)

2018-03-13 10:45:58 - [TEST_STEP][PASSED] - Statement - wes = com.kms.katalon.core.webui.common.WebUiCommonHelper.findWebElements(com.kms.katalon.core.testobject.ObjectRepository.findTestObject(filial_map), 5): Found 10 web elements with id: 'Object Repository/filial_map' located by 'By.xpath: //div[@class='aps-map__custom-marker']' in '5' second(s)

2018-03-13 10:46:01 - [TEST_STEP][PASSED] - Statement - For ([i = 0, i < wes.size(), (i++)]): null

2018-03-13 10:46:01 - [TEST_STEP][PASSED] - Statement - el = wes.get(i): null

2018-03-13 10:46:01 - [TEST_STEP][PASSED] - Statement - If (!(el.isDisplayed())): null

2018-03-13 10:46:01 - [TEST_STEP][PASSED] - Statement - el = wes.get(i): null

2018-03-13 10:46:01 - [TEST_STEP][PASSED] - Statement - If (!(el.isDisplayed())): null

2018-03-13 10:46:01 - [TEST_STEP][PASSED] - Statement - el = wes.get(i): null

2018-03-13 10:46:01 - [TEST_STEP][PASSED] - Statement - If (!(el.isDisplayed())): null

2018-03-13 10:46:01 - [TEST_STEP][PASSED] - Statement - el = wes.get(i): null

2018-03-13 10:46:01 - [TEST_STEP][PASSED] - Statement - If (!(el.isDisplayed())): null

2018-03-13 10:46:01 - [TEST_STEP][PASSED] - Statement - el = wes.get(i): null

2018-03-13 10:46:01 - [TEST_STEP][PASSED] - Statement - If (!(el.isDisplayed())): null

2018-03-13 10:46:01 - [TEST_STEP][PASSED] - Statement - el = wes.get(i): null

2018-03-13 10:46:01 - [TEST_STEP][PASSED] - Statement - If (!(el.isDisplayed())): null

2018-03-13 10:46:01 - [TEST_STEP][PASSED] - Statement - el = wes.get(i): null

2018-03-13 10:46:01 - [TEST_STEP][PASSED] - Statement - If (!(el.isDisplayed())): null

2018-03-13 10:46:01 - [TEST_STEP][PASSED] - Statement - el = wes.get(i): null

2018-03-13 10:46:01 - [TEST_STEP][PASSED] - Statement - If (!(el.isDisplayed())): null

2018-03-13 10:46:01 - [TEST_STEP][PASSED] - Statement - el = wes.get(i): null

2018-03-13 10:46:01 - [TEST_STEP][PASSED] - Statement - If (!(el.isDisplayed())): null

2018-03-13 10:46:01 - [TEST_STEP][PASSED] - Statement - el = wes.get(i): null

2018-03-13 10:46:01 - [TEST_STEP][PASSED] - Statement - If (!(el.isDisplayed())): null

2018-03-13 10:46:01 - [TEST_STEP][PASSED] - closeBrowser: Browser is closed

2018-03-13 10:46:02 - [MESSAGE][PASSED] - Browser is closed]]></system-out>
         <system-err><![CDATA[]]></system-err>
      </testcase>
      <testcase name="Test Cases/Prototyp_Filialsuche (RC 18)/05_Testfall" classname="Test Cases/Prototyp_Filialsuche (RC 18)/05_Testfall" status="PASSED">
         <system-out><![CDATA[2018-03-13 10:46:02 - [TEST_CASE][PASSED] - Test Cases/Prototyp_Filialsuche (RC 18)/05_Testfall: Test Cases/Prototyp_Filialsuche (RC 18)/05_Testfall

2018-03-13 10:46:02 - [TEST_STEP][PASSED] - openBrowser: Browser is opened with url: ''

2018-03-13 10:46:04 - [MESSAGE][PASSED] - Browser is opened with url: ''

2018-03-13 10:46:04 - [TEST_STEP][PASSED] - maximizeWindow: Current window maximized

2018-03-13 10:46:04 - [MESSAGE][PASSED] - Current window maximized

2018-03-13 10:46:04 - [TEST_STEP][PASSED] - deleteAllCookies: Delete all cookies successfully

2018-03-13 10:46:04 - [MESSAGE][PASSED] - Delete all cookies successfully

2018-03-13 10:46:04 - [TEST_STEP][PASSED] - navigateToUrl: Navigate to 'http://rc-ogrhtmlprototyp.testintern/18-1-0/filialsuche.html' successfully

2018-03-13 10:46:04 - [MESSAGE][PASSED] - Navigate to 'http://rc-ogrhtmlprototyp.testintern/18-1-0/filialsuche.html' successfully

2018-03-13 10:46:04 - [TEST_STEP][PASSED] - delay: Delayed 5 second(s)

2018-03-13 10:46:09 - [MESSAGE][PASSED] - Delayed 5 second(s)

2018-03-13 10:46:09 - [TEST_STEP][PASSED] - verifyElementNotPresent: Web element with id: 'Object Repository/Akkordeon_plus_filialsuche' located by 'By.xpath: //a[@class='acc-header acc-header--open']' is not present after '5' second(s)

2018-03-13 10:46:10 - [MESSAGE][PASSED] - Web element with id: 'Object Repository/Akkordeon_plus_filialsuche' located by 'By.xpath: //a[@class='acc-header acc-header--open']' is not present after '5' second(s)

2018-03-13 10:46:10 - [TEST_STEP][PASSED] - closeBrowser: Browser is closed

2018-03-13 10:46:10 - [MESSAGE][PASSED] - Browser is closed]]></system-out>
         <system-err><![CDATA[]]></system-err>
      </testcase>
      <testcase name="Test Cases/Prototyp_Filialsuche (RC 18)/06_Testfall" classname="Test Cases/Prototyp_Filialsuche (RC 18)/06_Testfall" status="PASSED">
         <system-out><![CDATA[2018-03-13 10:46:10 - [TEST_CASE][PASSED] - Test Cases/Prototyp_Filialsuche (RC 18)/06_Testfall: Test Cases/Prototyp_Filialsuche (RC 18)/06_Testfall

2018-03-13 10:46:10 - [TEST_STEP][PASSED] - openBrowser: Browser is opened with url: ''

2018-03-13 10:46:12 - [MESSAGE][PASSED] - Browser is opened with url: ''

2018-03-13 10:46:12 - [TEST_STEP][PASSED] - maximizeWindow: Current window maximized

2018-03-13 10:46:12 - [MESSAGE][PASSED] - Current window maximized

2018-03-13 10:46:12 - [TEST_STEP][PASSED] - deleteAllCookies: Delete all cookies successfully

2018-03-13 10:46:12 - [MESSAGE][PASSED] - Delete all cookies successfully

2018-03-13 10:46:12 - [TEST_STEP][PASSED] - navigateToUrl: Navigate to 'http://rc-ogrhtmlprototyp.testintern/18-1-0/filialsuche-wangen.html' successfully

2018-03-13 10:46:13 - [MESSAGE][PASSED] - Navigate to 'http://rc-ogrhtmlprototyp.testintern/18-1-0/filialsuche-wangen.html' successfully

2018-03-13 10:46:13 - [TEST_STEP][PASSED] - delay: Delayed 5 second(s)

2018-03-13 10:46:18 - [MESSAGE][PASSED] - Delayed 5 second(s)

2018-03-13 10:46:18 - [TEST_STEP][PASSED] - verifyElementNotPresent: Web element with id: 'Object Repository/Akkordeon_plus_filialsuche' located by 'By.xpath: //a[@class='acc-header acc-header--open']' is not present after '5' second(s)

2018-03-13 10:46:23 - [MESSAGE][PASSED] - Web element with id: 'Object Repository/Akkordeon_plus_filialsuche' located by 'By.xpath: //a[@class='acc-header acc-header--open']' is not present after '5' second(s)

2018-03-13 10:46:23 - [TEST_STEP][PASSED] - closeBrowser: Browser is closed

2018-03-13 10:46:24 - [MESSAGE][PASSED] - Browser is closed]]></system-out>
         <system-err><![CDATA[]]></system-err>
      </testcase>
      <testcase name="Test Cases/Prototyp_Filialsuche (RC 18)/07_Testfall" classname="Test Cases/Prototyp_Filialsuche (RC 18)/07_Testfall" status="PASSED">
         <system-out><![CDATA[2018-03-13 10:46:24 - [TEST_CASE][PASSED] - Test Cases/Prototyp_Filialsuche (RC 18)/07_Testfall: Test Cases/Prototyp_Filialsuche (RC 18)/07_Testfall

2018-03-13 10:46:24 - [TEST_STEP][PASSED] - openBrowser: Browser is opened with url: ''

2018-03-13 10:46:32 - [MESSAGE][PASSED] - Browser is opened with url: ''

2018-03-13 10:46:32 - [TEST_STEP][PASSED] - maximizeWindow: Current window maximized

2018-03-13 10:46:32 - [MESSAGE][PASSED] - Current window maximized

2018-03-13 10:46:32 - [TEST_STEP][PASSED] - deleteAllCookies: Delete all cookies successfully

2018-03-13 10:46:34 - [MESSAGE][PASSED] - Delete all cookies successfully

2018-03-13 10:46:34 - [TEST_STEP][PASSED] - navigateToUrl: Navigate to 'http://rc-ogrhtmlprototyp.testintern/18-1-0/filialsuche-rotenburg.html' successfully

2018-03-13 10:46:43 - [MESSAGE][PASSED] - Navigate to 'http://rc-ogrhtmlprototyp.testintern/18-1-0/filialsuche-rotenburg.html' successfully

2018-03-13 10:46:43 - [TEST_STEP][PASSED] - delay: Delayed 5 second(s)

2018-03-13 10:46:48 - [MESSAGE][PASSED] - Delayed 5 second(s)

2018-03-13 10:46:48 - [TEST_STEP][PASSED] - verifyElementNotPresent: Web element with id: 'Object Repository/Akkordeon_plus_filialsuche' located by 'By.xpath: //a[@class='acc-header acc-header--open']' is not present after '5' second(s)

2018-03-13 10:46:50 - [MESSAGE][PASSED] - Web element with id: 'Object Repository/Akkordeon_plus_filialsuche' located by 'By.xpath: //a[@class='acc-header acc-header--open']' is not present after '5' second(s)

2018-03-13 10:46:50 - [TEST_STEP][PASSED] - closeBrowser: Browser is closed

2018-03-13 10:46:50 - [MESSAGE][PASSED] - Browser is closed]]></system-out>
         <system-err><![CDATA[]]></system-err>
      </testcase>
      <testcase name="Test Cases/Prototyp_Filialsuche (RC 18)/08_Testfall" classname="Test Cases/Prototyp_Filialsuche (RC 18)/08_Testfall" status="PASSED">
         <system-out><![CDATA[2018-03-13 10:46:50 - [TEST_CASE][PASSED] - Test Cases/Prototyp_Filialsuche (RC 18)/08_Testfall: Test Cases/Prototyp_Filialsuche (RC 18)/08_Testfall

2018-03-13 10:46:50 - [TEST_STEP][PASSED] - openBrowser: Browser is opened with url: ''

2018-03-13 10:46:53 - [MESSAGE][PASSED] - Browser is opened with url: ''

2018-03-13 10:46:53 - [TEST_STEP][PASSED] - maximizeWindow: Current window maximized

2018-03-13 10:46:53 - [MESSAGE][PASSED] - Current window maximized

2018-03-13 10:46:53 - [TEST_STEP][PASSED] - deleteAllCookies: Delete all cookies successfully

2018-03-13 10:46:53 - [MESSAGE][PASSED] - Delete all cookies successfully

2018-03-13 10:46:53 - [TEST_STEP][PASSED] - navigateToUrl: Navigate to 'http://rc-ogrhtmlprototyp.testintern/18-1-0/filialsuche-nuernberg.html' successfully

2018-03-13 10:46:56 - [MESSAGE][PASSED] - Navigate to 'http://rc-ogrhtmlprototyp.testintern/18-1-0/filialsuche-nuernberg.html' successfully

2018-03-13 10:46:56 - [TEST_STEP][PASSED] - delay: Delayed 5 second(s)

2018-03-13 10:47:01 - [MESSAGE][PASSED] - Delayed 5 second(s)

2018-03-13 10:47:01 - [TEST_STEP][PASSED] - verifyElementNotPresent: Web element with id: 'Object Repository/Akkordeon_plus_filialsuche' located by 'By.xpath: //a[@class='acc-header acc-header--open']' is not present after '5' second(s)

2018-03-13 10:47:02 - [MESSAGE][PASSED] - Web element with id: 'Object Repository/Akkordeon_plus_filialsuche' located by 'By.xpath: //a[@class='acc-header acc-header--open']' is not present after '5' second(s)

2018-03-13 10:47:02 - [TEST_STEP][PASSED] - closeBrowser: Browser is closed

2018-03-13 10:47:02 - [MESSAGE][PASSED] - Browser is closed]]></system-out>
         <system-err><![CDATA[]]></system-err>
      </testcase>
      <testcase name="Test Cases/Prototyp_Filialsuche (RC 18)/09_Testfall" classname="Test Cases/Prototyp_Filialsuche (RC 18)/09_Testfall" status="PASSED">
         <system-out><![CDATA[2018-03-13 10:47:02 - [TEST_CASE][PASSED] - Test Cases/Prototyp_Filialsuche (RC 18)/09_Testfall: Test Cases/Prototyp_Filialsuche (RC 18)/09_Testfall

2018-03-13 10:47:02 - [TEST_STEP][PASSED] - openBrowser: Browser is opened with url: ''

2018-03-13 10:47:04 - [MESSAGE][PASSED] - Browser is opened with url: ''

2018-03-13 10:47:04 - [TEST_STEP][PASSED] - maximizeWindow: Current window maximized

2018-03-13 10:47:04 - [MESSAGE][PASSED] - Current window maximized

2018-03-13 10:47:04 - [TEST_STEP][PASSED] - deleteAllCookies: Delete all cookies successfully

2018-03-13 10:47:04 - [MESSAGE][PASSED] - Delete all cookies successfully

2018-03-13 10:47:04 - [TEST_STEP][PASSED] - navigateToUrl: Navigate to 'http://rc-ogrhtmlprototyp.testintern/18-1-0/filialsuche.html' successfully

2018-03-13 10:47:05 - [MESSAGE][PASSED] - Navigate to 'http://rc-ogrhtmlprototyp.testintern/18-1-0/filialsuche.html' successfully

2018-03-13 10:47:05 - [TEST_STEP][PASSED] - delay: Delayed 5 second(s)

2018-03-13 10:47:10 - [MESSAGE][PASSED] - Delayed 5 second(s)

2018-03-13 10:47:10 - [TEST_STEP][PASSED] - verifyElementNotPresent: Web element with id: 'Object Repository/Entfernung_filialsuche' located by 'By.xpath: //span[@class='loc-distance']' is not present after '5' second(s)

2018-03-13 10:47:11 - [MESSAGE][PASSED] - Web element with id: 'Object Repository/Entfernung_filialsuche' located by 'By.xpath: //span[@class='loc-distance']' is not present after '5' second(s)

2018-03-13 10:47:11 - [TEST_STEP][PASSED] - closeBrowser: Browser is closed

2018-03-13 10:47:12 - [MESSAGE][PASSED] - Browser is closed]]></system-out>
         <system-err><![CDATA[]]></system-err>
      </testcase>
      <testcase name="Test Cases/Prototyp_Filialsuche (RC 18)/10_Testfall" classname="Test Cases/Prototyp_Filialsuche (RC 18)/10_Testfall" status="PASSED">
         <system-out><![CDATA[2018-03-13 10:47:12 - [TEST_CASE][PASSED] - Test Cases/Prototyp_Filialsuche (RC 18)/10_Testfall: Test Cases/Prototyp_Filialsuche (RC 18)/10_Testfall

2018-03-13 10:47:12 - [TEST_STEP][PASSED] - openBrowser: Browser is opened with url: ''

2018-03-13 10:47:15 - [MESSAGE][PASSED] - Browser is opened with url: ''

2018-03-13 10:47:15 - [TEST_STEP][PASSED] - maximizeWindow: Current window maximized

2018-03-13 10:47:15 - [MESSAGE][PASSED] - Current window maximized

2018-03-13 10:47:15 - [TEST_STEP][PASSED] - deleteAllCookies: Delete all cookies successfully

2018-03-13 10:47:16 - [MESSAGE][PASSED] - Delete all cookies successfully

2018-03-13 10:47:16 - [TEST_STEP][PASSED] - navigateToUrl: Navigate to 'http://rc-ogrhtmlprototyp.testintern/18-1-0/filialsuche-wangen.html' successfully

2018-03-13 10:47:17 - [MESSAGE][PASSED] - Navigate to 'http://rc-ogrhtmlprototyp.testintern/18-1-0/filialsuche-wangen.html' successfully

2018-03-13 10:47:17 - [TEST_STEP][PASSED] - delay: Delayed 5 second(s)

2018-03-13 10:47:22 - [MESSAGE][PASSED] - Delayed 5 second(s)

2018-03-13 10:47:22 - [TEST_STEP][PASSED] - verifyElementNotPresent: Web element with id: 'Object Repository/Entfernung_filialsuche' located by 'By.xpath: //span[@class='loc-distance']' is not present after '5' second(s)

2018-03-13 10:47:22 - [MESSAGE][PASSED] - Web element with id: 'Object Repository/Entfernung_filialsuche' located by 'By.xpath: //span[@class='loc-distance']' is not present after '5' second(s)

2018-03-13 10:47:22 - [TEST_STEP][PASSED] - closeBrowser: Browser is closed

2018-03-13 10:47:23 - [MESSAGE][PASSED] - Browser is closed]]></system-out>
         <system-err><![CDATA[]]></system-err>
      </testcase>
      <testcase name="Test Cases/Prototyp_Filialsuche (RC 18)/11_Testfall" classname="Test Cases/Prototyp_Filialsuche (RC 18)/11_Testfall" status="PASSED">
         <system-out><![CDATA[2018-03-13 10:47:23 - [TEST_CASE][PASSED] - Test Cases/Prototyp_Filialsuche (RC 18)/11_Testfall: Test Cases/Prototyp_Filialsuche (RC 18)/11_Testfall

2018-03-13 10:47:23 - [TEST_STEP][PASSED] - openBrowser: Browser is opened with url: ''

2018-03-13 10:47:25 - [MESSAGE][PASSED] - Browser is opened with url: ''

2018-03-13 10:47:25 - [TEST_STEP][PASSED] - maximizeWindow: Current window maximized

2018-03-13 10:47:25 - [MESSAGE][PASSED] - Current window maximized

2018-03-13 10:47:25 - [TEST_STEP][PASSED] - deleteAllCookies: Delete all cookies successfully

2018-03-13 10:47:25 - [MESSAGE][PASSED] - Delete all cookies successfully

2018-03-13 10:47:25 - [TEST_STEP][PASSED] - navigateToUrl: Navigate to 'http://rc-ogrhtmlprototyp.testintern/18-1-0/filialsuche-rotenburg.html' successfully

2018-03-13 10:47:26 - [MESSAGE][PASSED] - Navigate to 'http://rc-ogrhtmlprototyp.testintern/18-1-0/filialsuche-rotenburg.html' successfully

2018-03-13 10:47:26 - [TEST_STEP][PASSED] - delay: Delayed 5 second(s)

2018-03-13 10:47:31 - [MESSAGE][PASSED] - Delayed 5 second(s)

2018-03-13 10:47:31 - [TEST_STEP][PASSED] - verifyElementNotPresent: Web element with id: 'Object Repository/Entfernung_filialsuche' located by 'By.xpath: //span[@class='loc-distance']' is not present after '5' second(s)

2018-03-13 10:47:32 - [MESSAGE][PASSED] - Web element with id: 'Object Repository/Entfernung_filialsuche' located by 'By.xpath: //span[@class='loc-distance']' is not present after '5' second(s)

2018-03-13 10:47:32 - [TEST_STEP][PASSED] - closeBrowser: Browser is closed

2018-03-13 10:47:32 - [MESSAGE][PASSED] - Browser is closed]]></system-out>
         <system-err><![CDATA[]]></system-err>
      </testcase>
      <testcase name="Test Cases/Prototyp_Filialsuche (RC 18)/12_Testfall" classname="Test Cases/Prototyp_Filialsuche (RC 18)/12_Testfall" status="PASSED">
         <system-out><![CDATA[2018-03-13 10:47:32 - [TEST_CASE][PASSED] - Test Cases/Prototyp_Filialsuche (RC 18)/12_Testfall: Test Cases/Prototyp_Filialsuche (RC 18)/12_Testfall

2018-03-13 10:47:32 - [TEST_STEP][PASSED] - openBrowser: Browser is opened with url: ''

2018-03-13 10:47:39 - [MESSAGE][PASSED] - Browser is opened with url: ''

2018-03-13 10:47:39 - [TEST_STEP][PASSED] - maximizeWindow: Current window maximized

2018-03-13 10:47:39 - [MESSAGE][PASSED] - Current window maximized

2018-03-13 10:47:39 - [TEST_STEP][PASSED] - deleteAllCookies: Delete all cookies successfully

2018-03-13 10:47:39 - [MESSAGE][PASSED] - Delete all cookies successfully

2018-03-13 10:47:39 - [TEST_STEP][PASSED] - navigateToUrl: Navigate to 'http://rc-ogrhtmlprototyp.testintern/18-1-0/filialsuche-nuernberg.html' successfully

2018-03-13 10:47:39 - [MESSAGE][PASSED] - Navigate to 'http://rc-ogrhtmlprototyp.testintern/18-1-0/filialsuche-nuernberg.html' successfully

2018-03-13 10:47:39 - [TEST_STEP][PASSED] - delay: Delayed 5 second(s)

2018-03-13 10:47:44 - [MESSAGE][PASSED] - Delayed 5 second(s)

2018-03-13 10:47:44 - [TEST_STEP][PASSED] - verifyElementNotPresent: Web element with id: 'Object Repository/Entfernung_filialsuche' located by 'By.xpath: //span[@class='loc-distance']' is not present after '5' second(s)

2018-03-13 10:47:45 - [MESSAGE][PASSED] - Web element with id: 'Object Repository/Entfernung_filialsuche' located by 'By.xpath: //span[@class='loc-distance']' is not present after '5' second(s)

2018-03-13 10:47:45 - [TEST_STEP][PASSED] - closeBrowser: Browser is closed

2018-03-13 10:47:46 - [MESSAGE][PASSED] - Browser is closed]]></system-out>
         <system-err><![CDATA[]]></system-err>
      </testcase>
      <testcase name="Test Cases/Prototyp_Filialsuche (RC 18)/13_Testfall" classname="Test Cases/Prototyp_Filialsuche (RC 18)/13_Testfall" status="PASSED">
         <system-out><![CDATA[2018-03-13 10:47:46 - [TEST_CASE][PASSED] - Test Cases/Prototyp_Filialsuche (RC 18)/13_Testfall: Test Cases/Prototyp_Filialsuche (RC 18)/13_Testfall

2018-03-13 10:47:46 - [TEST_STEP][PASSED] - openBrowser: Browser is opened with url: ''

2018-03-13 10:47:48 - [MESSAGE][PASSED] - Browser is opened with url: ''

2018-03-13 10:47:48 - [TEST_STEP][PASSED] - deleteAllCookies: Delete all cookies successfully

2018-03-13 10:47:48 - [MESSAGE][PASSED] - Delete all cookies successfully

2018-03-13 10:47:48 - [TEST_STEP][PASSED] - maximizeWindow: Current window maximized

2018-03-13 10:47:48 - [MESSAGE][PASSED] - Current window maximized

2018-03-13 10:47:48 - [TEST_STEP][PASSED] - navigateToUrl: Navigate to 'http://rc-ogrhtmlprototyp.testintern/18-1-0/filialsuche.html' successfully

2018-03-13 10:47:49 - [MESSAGE][PASSED] - Navigate to 'http://rc-ogrhtmlprototyp.testintern/18-1-0/filialsuche.html' successfully

2018-03-13 10:47:49 - [TEST_STEP][PASSED] - delay: Delayed 5 second(s)

2018-03-13 10:47:54 - [MESSAGE][PASSED] - Delayed 5 second(s)

2018-03-13 10:47:54 - [TEST_STEP][PASSED] - Statement - wes1 = com.kms.katalon.core.webui.common.WebUiCommonHelper.findWebElements(com.kms.katalon.core.testobject.ObjectRepository.findTestObject(filial_map), 5): Found 61 web elements with id: 'Object Repository/filial_map' located by 'By.xpath: //div[@class='aps-map__custom-marker']' in '5' second(s)

2018-03-13 10:47:56 - [TEST_STEP][PASSED] - Statement - wes2 = com.kms.katalon.core.webui.common.WebUiCommonHelper.findWebElements(com.kms.katalon.core.testobject.ObjectRepository.findTestObject(loc_steet_filialsuche), 5): Found 61 web elements with id: 'Object Repository/loc_steet_filialsuche' located by 'By.xpath: //div[@class='loc-street']' in '5' second(s)

2018-03-13 10:47:56 - [TEST_STEP][PASSED] - Statement - filial_maps_count = wes1.size(): null

2018-03-13 10:47:56 - [TEST_STEP][PASSED] - Statement - filial_accordeon_count = wes2.size(): null

2018-03-13 10:47:56 - [TEST_STEP][PASSED] - Statement - filial_count = 61: null

2018-03-13 10:47:56 - [TEST_STEP][PASSED] - Statement - If (filial_maps_count != filial_count): null

2018-03-13 10:47:56 - [TEST_STEP][PASSED] - closeBrowser: Browser is closed

2018-03-13 10:47:57 - [MESSAGE][PASSED] - Browser is closed]]></system-out>
         <system-err><![CDATA[]]></system-err>
      </testcase>
      <testcase name="Test Cases/Prototyp_Filialsuche (RC 18)/14_Testfall" classname="Test Cases/Prototyp_Filialsuche (RC 18)/14_Testfall" status="PASSED">
         <system-out><![CDATA[2018-03-13 10:47:57 - [TEST_CASE][PASSED] - Test Cases/Prototyp_Filialsuche (RC 18)/14_Testfall: Test Cases/Prototyp_Filialsuche (RC 18)/14_Testfall

2018-03-13 10:47:57 - [TEST_STEP][PASSED] - openBrowser: Browser is opened with url: ''

2018-03-13 10:47:59 - [MESSAGE][PASSED] - Browser is opened with url: ''

2018-03-13 10:47:59 - [TEST_STEP][PASSED] - deleteAllCookies: Delete all cookies successfully

2018-03-13 10:47:59 - [MESSAGE][PASSED] - Delete all cookies successfully

2018-03-13 10:47:59 - [TEST_STEP][PASSED] - maximizeWindow: Current window maximized

2018-03-13 10:47:59 - [MESSAGE][PASSED] - Current window maximized

2018-03-13 10:47:59 - [TEST_STEP][PASSED] - navigateToUrl: Navigate to 'http://rc-ogrhtmlprototyp.testintern/18-1-0/filialsuche.html' successfully

2018-03-13 10:48:01 - [MESSAGE][PASSED] - Navigate to 'http://rc-ogrhtmlprototyp.testintern/18-1-0/filialsuche.html' successfully

2018-03-13 10:48:01 - [TEST_STEP][PASSED] - delay: Delayed 5 second(s)

2018-03-13 10:48:06 - [MESSAGE][PASSED] - Delayed 5 second(s)

2018-03-13 10:48:06 - [TEST_STEP][PASSED] - click: Object: 'Object Repository/002/Page_Filialsuche-rotenburg - BVR HT/svg_dropdown-icons' is clicked on

2018-03-13 10:48:10 - [MESSAGE][PASSED] - Object: 'Object Repository/002/Page_Filialsuche-rotenburg - BVR HT/svg_dropdown-icons' is clicked on

2018-03-13 10:48:10 - [TEST_STEP][PASSED] - delay: Delayed 2 second(s)

2018-03-13 10:48:12 - [MESSAGE][PASSED] - Delayed 2 second(s)

2018-03-13 10:48:12 - [TEST_STEP][PASSED] - mouseOver: Object: 'Object Repository/Belitz_option' is hovered

2018-03-13 10:48:13 - [MESSAGE][PASSED] - Object: 'Object Repository/Belitz_option' is hovered

2018-03-13 10:48:13 - [TEST_STEP][PASSED] - delay: Delayed 2 second(s)

2018-03-13 10:48:15 - [MESSAGE][PASSED] - Delayed 2 second(s)

2018-03-13 10:48:15 - [TEST_STEP][PASSED] - click: Object: 'Object Repository/Belitz_option' is clicked on

2018-03-13 10:48:16 - [MESSAGE][PASSED] - Object: 'Object Repository/Belitz_option' is clicked on

2018-03-13 10:48:16 - [TEST_STEP][PASSED] - delay: Delayed 5 second(s)

2018-03-13 10:48:21 - [MESSAGE][PASSED] - Delayed 5 second(s)

2018-03-13 10:48:21 - [TEST_STEP][PASSED] - Statement - wes1 = com.kms.katalon.core.webui.common.WebUiCommonHelper.findWebElements(com.kms.katalon.core.testobject.ObjectRepository.findTestObject(filial_map), 5): Found 37 web elements with id: 'Object Repository/filial_map' located by 'By.xpath: //div[@class='aps-map__custom-marker']' in '5' second(s)

2018-03-13 10:48:21 - [TEST_STEP][PASSED] - Statement - wes2 = com.kms.katalon.core.webui.common.WebUiCommonHelper.findWebElements(com.kms.katalon.core.testobject.ObjectRepository.findTestObject(loc_steet_filialsuche), 5): Found 37 web elements with id: 'Object Repository/loc_steet_filialsuche' located by 'By.xpath: //div[@class='loc-street']' in '5' second(s)

2018-03-13 10:48:21 - [TEST_STEP][PASSED] - Statement - wes3 = com.kms.katalon.core.webui.common.WebUiCommonHelper.findWebElements(com.kms.katalon.core.testobject.ObjectRepository.findTestObject(filialsuche_loc_city), 5): Finding web element with id: 'Object Repository/filialsuche_loc_city' located by 'By.xpath: /div[@class='loc-city']' in '5' second(s)

2018-03-13 10:48:29 - [TEST_STEP][PASSED] - Statement - filial_maps_count = wes1.size(): null

2018-03-13 10:48:29 - [TEST_STEP][PASSED] - Statement - filial_accordeon_count = wes2.size(): null

2018-03-13 10:48:29 - [TEST_STEP][PASSED] - Statement - filial_count = 37: null

2018-03-13 10:48:29 - [TEST_STEP][PASSED] - Statement - city_name = "Berlin": null

2018-03-13 10:48:29 - [TEST_STEP][PASSED] - Statement - If (filial_maps_count != filial_count): null

2018-03-13 10:48:29 - [TEST_STEP][PASSED] - Statement - For ([i = 0, i < wes3.size(), (i++)]): null

2018-03-13 10:48:29 - [TEST_STEP][PASSED] - closeBrowser: Browser is closed

2018-03-13 10:48:30 - [MESSAGE][PASSED] - Browser is closed]]></system-out>
         <system-err><![CDATA[]]></system-err>
      </testcase>
      <testcase name="Test Cases/Prototyp_Filialsuche (RC 18)/15_Testfall" classname="Test Cases/Prototyp_Filialsuche (RC 18)/15_Testfall" status="PASSED">
         <system-out><![CDATA[2018-03-13 10:48:30 - [TEST_CASE][PASSED] - Test Cases/Prototyp_Filialsuche (RC 18)/15_Testfall: Test Cases/Prototyp_Filialsuche (RC 18)/15_Testfall

2018-03-13 10:48:30 - [TEST_STEP][PASSED] - openBrowser: Browser is opened with url: ''

2018-03-13 10:48:32 - [MESSAGE][PASSED] - Browser is opened with url: ''

2018-03-13 10:48:32 - [TEST_STEP][PASSED] - maximizeWindow: Current window maximized

2018-03-13 10:48:32 - [MESSAGE][PASSED] - Current window maximized

2018-03-13 10:48:32 - [TEST_STEP][PASSED] - deleteAllCookies: Delete all cookies successfully

2018-03-13 10:48:32 - [MESSAGE][PASSED] - Delete all cookies successfully

2018-03-13 10:48:32 - [TEST_STEP][PASSED] - navigateToUrl: Navigate to 'http://rc-ogrhtmlprototyp.testintern/18-1-0/filialsuche-textinput.html' successfully

2018-03-13 10:48:33 - [MESSAGE][PASSED] - Navigate to 'http://rc-ogrhtmlprototyp.testintern/18-1-0/filialsuche-textinput.html' successfully

2018-03-13 10:48:33 - [TEST_STEP][PASSED] - delay: Delayed 5 second(s)

2018-03-13 10:48:38 - [MESSAGE][PASSED] - Delayed 5 second(s)

2018-03-13 10:48:38 - [TEST_STEP][PASSED] - setText: Text 'Berlin' is set on object 'Object Repository/Filialsuche_Inputtext'

2018-03-13 10:48:40 - [MESSAGE][PASSED] - Text 'Berlin' is set on object 'Object Repository/Filialsuche_Inputtext'

2018-03-13 10:48:40 - [TEST_STEP][PASSED] - delay: Delayed 2 second(s)

2018-03-13 10:48:42 - [MESSAGE][PASSED] - Delayed 2 second(s)

2018-03-13 10:48:42 - [TEST_STEP][PASSED] - submit: The form containing object: 'Object Repository/Filialsuche_submit_button' is submitted

2018-03-13 10:48:42 - [MESSAGE][PASSED] - The form containing object: 'Object Repository/Filialsuche_submit_button' is submitted

2018-03-13 10:48:42 - [TEST_STEP][PASSED] - delay: Delayed 2 second(s)

2018-03-13 10:48:44 - [MESSAGE][PASSED] - Delayed 2 second(s)

2018-03-13 10:48:44 - [TEST_STEP][PASSED] - Statement - wes = com.kms.katalon.core.webui.common.WebUiCommonHelper.findWebElements(com.kms.katalon.core.testobject.ObjectRepository.findTestObject(Filialsuche_loc_distance), 5): Found 25 web elements with id: 'Object Repository/Filialsuche_loc_distance' located by 'By.xpath: //span[@class='loc-distance']' in '5' second(s)

2018-03-13 10:48:44 - [TEST_STEP][PASSED] - Statement - For ([i = 1, i < wes.size(), (i++)]): null

2018-03-13 10:48:44 - [TEST_STEP][PASSED] - Statement - el1 = wes.get(i): null

2018-03-13 10:48:44 - [TEST_STEP][PASSED] - Statement - text1 = el1.getAttribute("innerHTML"): null

2018-03-13 10:48:45 - [TEST_STEP][PASSED] - Statement - tmp1 = text1.split(" "): null

2018-03-13 10:48:45 - [TEST_STEP][PASSED] - Statement - num1 = tmp1[0].replaceAll(",", "."): null

2018-03-13 10:48:45 - [TEST_STEP][PASSED] - Statement - km1 = java.lang.Float.parseFloat(num1): null

2018-03-13 10:48:45 - [TEST_STEP][PASSED] - Statement - el2 = wes.get(i - 1): null

2018-03-13 10:48:45 - [TEST_STEP][PASSED] - Statement - text2 = el2.getAttribute("innerHTML"): null

2018-03-13 10:48:45 - [TEST_STEP][PASSED] - Statement - tmp2 = text2.split(" "): null

2018-03-13 10:48:45 - [TEST_STEP][PASSED] - Statement - num2 = tmp2[0].replaceAll(",", "."): null

2018-03-13 10:48:45 - [TEST_STEP][PASSED] - Statement - km2 = java.lang.Float.parseFloat(num2): null

2018-03-13 10:48:45 - [TEST_STEP][PASSED] - Statement - If (km2 > km1): null

2018-03-13 10:48:45 - [TEST_STEP][PASSED] - Statement - el1 = wes.get(i): null

2018-03-13 10:48:45 - [TEST_STEP][PASSED] - Statement - text1 = el1.getAttribute("innerHTML"): null

2018-03-13 10:48:45 - [TEST_STEP][PASSED] - Statement - tmp1 = text1.split(" "): null

2018-03-13 10:48:45 - [TEST_STEP][PASSED] - Statement - num1 = tmp1[0].replaceAll(",", "."): null

2018-03-13 10:48:45 - [TEST_STEP][PASSED] - Statement - km1 = java.lang.Float.parseFloat(num1): null

2018-03-13 10:48:45 - [TEST_STEP][PASSED] - Statement - el2 = wes.get(i - 1): null

2018-03-13 10:48:45 - [TEST_STEP][PASSED] - Statement - text2 = el2.getAttribute("innerHTML"): null

2018-03-13 10:48:45 - [TEST_STEP][PASSED] - Statement - tmp2 = text2.split(" "): null

2018-03-13 10:48:45 - [TEST_STEP][PASSED] - Statement - num2 = tmp2[0].replaceAll(",", "."): null

2018-03-13 10:48:45 - [TEST_STEP][PASSED] - Statement - km2 = java.lang.Float.parseFloat(num2): null

2018-03-13 10:48:45 - [TEST_STEP][PASSED] - Statement - If (km2 > km1): null

2018-03-13 10:48:45 - [TEST_STEP][PASSED] - Statement - el1 = wes.get(i): null

2018-03-13 10:48:45 - [TEST_STEP][PASSED] - Statement - text1 = el1.getAttribute("innerHTML"): null

2018-03-13 10:48:45 - [TEST_STEP][PASSED] - Statement - tmp1 = text1.split(" "): null

2018-03-13 10:48:45 - [TEST_STEP][PASSED] - Statement - num1 = tmp1[0].replaceAll(",", "."): null

2018-03-13 10:48:45 - [TEST_STEP][PASSED] - Statement - km1 = java.lang.Float.parseFloat(num1): null

2018-03-13 10:48:45 - [TEST_STEP][PASSED] - Statement - el2 = wes.get(i - 1): null

2018-03-13 10:48:45 - [TEST_STEP][PASSED] - Statement - text2 = el2.getAttribute("innerHTML"): null

2018-03-13 10:48:45 - [TEST_STEP][PASSED] - Statement - tmp2 = text2.split(" "): null

2018-03-13 10:48:45 - [TEST_STEP][PASSED] - Statement - num2 = tmp2[0].replaceAll(",", "."): null

2018-03-13 10:48:45 - [TEST_STEP][PASSED] - Statement - km2 = java.lang.Float.parseFloat(num2): null

2018-03-13 10:48:45 - [TEST_STEP][PASSED] - Statement - If (km2 > km1): null

2018-03-13 10:48:45 - [TEST_STEP][PASSED] - Statement - el1 = wes.get(i): null

2018-03-13 10:48:45 - [TEST_STEP][PASSED] - Statement - text1 = el1.getAttribute("innerHTML"): null

2018-03-13 10:48:45 - [TEST_STEP][PASSED] - Statement - tmp1 = text1.split(" "): null

2018-03-13 10:48:45 - [TEST_STEP][PASSED] - Statement - num1 = tmp1[0].replaceAll(",", "."): null

2018-03-13 10:48:45 - [TEST_STEP][PASSED] - Statement - km1 = java.lang.Float.parseFloat(num1): null

2018-03-13 10:48:45 - [TEST_STEP][PASSED] - Statement - el2 = wes.get(i - 1): null

2018-03-13 10:48:45 - [TEST_STEP][PASSED] - Statement - text2 = el2.getAttribute("innerHTML"): null

2018-03-13 10:48:46 - [TEST_STEP][PASSED] - Statement - tmp2 = text2.split(" "): null

2018-03-13 10:48:46 - [TEST_STEP][PASSED] - Statement - num2 = tmp2[0].replaceAll(",", "."): null

2018-03-13 10:48:46 - [TEST_STEP][PASSED] - Statement - km2 = java.lang.Float.parseFloat(num2): null

2018-03-13 10:48:46 - [TEST_STEP][PASSED] - Statement - If (km2 > km1): null

2018-03-13 10:48:46 - [TEST_STEP][PASSED] - Statement - el1 = wes.get(i): null

2018-03-13 10:48:46 - [TEST_STEP][PASSED] - Statement - text1 = el1.getAttribute("innerHTML"): null

2018-03-13 10:48:46 - [TEST_STEP][PASSED] - Statement - tmp1 = text1.split(" "): null

2018-03-13 10:48:46 - [TEST_STEP][PASSED] - Statement - num1 = tmp1[0].replaceAll(",", "."): null

2018-03-13 10:48:46 - [TEST_STEP][PASSED] - Statement - km1 = java.lang.Float.parseFloat(num1): null

2018-03-13 10:48:46 - [TEST_STEP][PASSED] - Statement - el2 = wes.get(i - 1): null

2018-03-13 10:48:46 - [TEST_STEP][PASSED] - Statement - text2 = el2.getAttribute("innerHTML"): null

2018-03-13 10:48:46 - [TEST_STEP][PASSED] - Statement - tmp2 = text2.split(" "): null

2018-03-13 10:48:46 - [TEST_STEP][PASSED] - Statement - num2 = tmp2[0].replaceAll(",", "."): null

2018-03-13 10:48:46 - [TEST_STEP][PASSED] - Statement - km2 = java.lang.Float.parseFloat(num2): null

2018-03-13 10:48:46 - [TEST_STEP][PASSED] - Statement - If (km2 > km1): null

2018-03-13 10:48:46 - [TEST_STEP][PASSED] - Statement - el1 = wes.get(i): null

2018-03-13 10:48:46 - [TEST_STEP][PASSED] - Statement - text1 = el1.getAttribute("innerHTML"): null

2018-03-13 10:48:46 - [TEST_STEP][PASSED] - Statement - tmp1 = text1.split(" "): null

2018-03-13 10:48:46 - [TEST_STEP][PASSED] - Statement - num1 = tmp1[0].replaceAll(",", "."): null

2018-03-13 10:48:46 - [TEST_STEP][PASSED] - Statement - km1 = java.lang.Float.parseFloat(num1): null

2018-03-13 10:48:46 - [TEST_STEP][PASSED] - Statement - el2 = wes.get(i - 1): null

2018-03-13 10:48:46 - [TEST_STEP][PASSED] - Statement - text2 = el2.getAttribute("innerHTML"): null

2018-03-13 10:48:46 - [TEST_STEP][PASSED] - Statement - tmp2 = text2.split(" "): null

2018-03-13 10:48:46 - [TEST_STEP][PASSED] - Statement - num2 = tmp2[0].replaceAll(",", "."): null

2018-03-13 10:48:46 - [TEST_STEP][PASSED] - Statement - km2 = java.lang.Float.parseFloat(num2): null

2018-03-13 10:48:46 - [TEST_STEP][PASSED] - Statement - If (km2 > km1): null

2018-03-13 10:48:46 - [TEST_STEP][PASSED] - Statement - el1 = wes.get(i): null

2018-03-13 10:48:46 - [TEST_STEP][PASSED] - Statement - text1 = el1.getAttribute("innerHTML"): null

2018-03-13 10:48:46 - [TEST_STEP][PASSED] - Statement - tmp1 = text1.split(" "): null

2018-03-13 10:48:46 - [TEST_STEP][PASSED] - Statement - num1 = tmp1[0].replaceAll(",", "."): null

2018-03-13 10:48:46 - [TEST_STEP][PASSED] - Statement - km1 = java.lang.Float.parseFloat(num1): null

2018-03-13 10:48:46 - [TEST_STEP][PASSED] - Statement - el2 = wes.get(i - 1): null

2018-03-13 10:48:46 - [TEST_STEP][PASSED] - Statement - text2 = el2.getAttribute("innerHTML"): null

2018-03-13 10:48:46 - [TEST_STEP][PASSED] - Statement - tmp2 = text2.split(" "): null

2018-03-13 10:48:46 - [TEST_STEP][PASSED] - Statement - num2 = tmp2[0].replaceAll(",", "."): null

2018-03-13 10:48:46 - [TEST_STEP][PASSED] - Statement - km2 = java.lang.Float.parseFloat(num2): null

2018-03-13 10:48:46 - [TEST_STEP][PASSED] - Statement - If (km2 > km1): null

2018-03-13 10:48:46 - [TEST_STEP][PASSED] - Statement - el1 = wes.get(i): null

2018-03-13 10:48:46 - [TEST_STEP][PASSED] - Statement - text1 = el1.getAttribute("innerHTML"): null

2018-03-13 10:48:46 - [TEST_STEP][PASSED] - Statement - tmp1 = text1.split(" "): null

2018-03-13 10:48:46 - [TEST_STEP][PASSED] - Statement - num1 = tmp1[0].replaceAll(",", "."): null

2018-03-13 10:48:46 - [TEST_STEP][PASSED] - Statement - km1 = java.lang.Float.parseFloat(num1): null

2018-03-13 10:48:46 - [TEST_STEP][PASSED] - Statement - el2 = wes.get(i - 1): null

2018-03-13 10:48:46 - [TEST_STEP][PASSED] - Statement - text2 = el2.getAttribute("innerHTML"): null

2018-03-13 10:48:46 - [TEST_STEP][PASSED] - Statement - tmp2 = text2.split(" "): null

2018-03-13 10:48:46 - [TEST_STEP][PASSED] - Statement - num2 = tmp2[0].replaceAll(",", "."): null

2018-03-13 10:48:46 - [TEST_STEP][PASSED] - Statement - km2 = java.lang.Float.parseFloat(num2): null

2018-03-13 10:48:46 - [TEST_STEP][PASSED] - Statement - If (km2 > km1): null

2018-03-13 10:48:46 - [TEST_STEP][PASSED] - Statement - el1 = wes.get(i): null

2018-03-13 10:48:46 - [TEST_STEP][PASSED] - Statement - text1 = el1.getAttribute("innerHTML"): null

2018-03-13 10:48:46 - [TEST_STEP][PASSED] - Statement - tmp1 = text1.split(" "): null

2018-03-13 10:48:46 - [TEST_STEP][PASSED] - Statement - num1 = tmp1[0].replaceAll(",", "."): null

2018-03-13 10:48:46 - [TEST_STEP][PASSED] - Statement - km1 = java.lang.Float.parseFloat(num1): null

2018-03-13 10:48:46 - [TEST_STEP][PASSED] - Statement - el2 = wes.get(i - 1): null

2018-03-13 10:48:46 - [TEST_STEP][PASSED] - Statement - text2 = el2.getAttribute("innerHTML"): null

2018-03-13 10:48:46 - [TEST_STEP][PASSED] - Statement - tmp2 = text2.split(" "): null

2018-03-13 10:48:46 - [TEST_STEP][PASSED] - Statement - num2 = tmp2[0].replaceAll(",", "."): null

2018-03-13 10:48:46 - [TEST_STEP][PASSED] - Statement - km2 = java.lang.Float.parseFloat(num2): null

2018-03-13 10:48:46 - [TEST_STEP][PASSED] - Statement - If (km2 > km1): null

2018-03-13 10:48:46 - [TEST_STEP][PASSED] - Statement - el1 = wes.get(i): null

2018-03-13 10:48:46 - [TEST_STEP][PASSED] - Statement - text1 = el1.getAttribute("innerHTML"): null

2018-03-13 10:48:46 - [TEST_STEP][PASSED] - Statement - tmp1 = text1.split(" "): null

2018-03-13 10:48:46 - [TEST_STEP][PASSED] - Statement - num1 = tmp1[0].replaceAll(",", "."): null

2018-03-13 10:48:46 - [TEST_STEP][PASSED] - Statement - km1 = java.lang.Float.parseFloat(num1): null

2018-03-13 10:48:46 - [TEST_STEP][PASSED] - Statement - el2 = wes.get(i - 1): null

2018-03-13 10:48:46 - [TEST_STEP][PASSED] - Statement - text2 = el2.getAttribute("innerHTML"): null

2018-03-13 10:48:46 - [TEST_STEP][PASSED] - Statement - tmp2 = text2.split(" "): null

2018-03-13 10:48:46 - [TEST_STEP][PASSED] - Statement - num2 = tmp2[0].replaceAll(",", "."): null

2018-03-13 10:48:46 - [TEST_STEP][PASSED] - Statement - km2 = java.lang.Float.parseFloat(num2): null

2018-03-13 10:48:46 - [TEST_STEP][PASSED] - Statement - If (km2 > km1): null

2018-03-13 10:48:46 - [TEST_STEP][PASSED] - Statement - el1 = wes.get(i): null

2018-03-13 10:48:46 - [TEST_STEP][PASSED] - Statement - text1 = el1.getAttribute("innerHTML"): null

2018-03-13 10:48:46 - [TEST_STEP][PASSED] - Statement - tmp1 = text1.split(" "): null

2018-03-13 10:48:46 - [TEST_STEP][PASSED] - Statement - num1 = tmp1[0].replaceAll(",", "."): null

2018-03-13 10:48:46 - [TEST_STEP][PASSED] - Statement - km1 = java.lang.Float.parseFloat(num1): null

2018-03-13 10:48:46 - [TEST_STEP][PASSED] - Statement - el2 = wes.get(i - 1): null

2018-03-13 10:48:46 - [TEST_STEP][PASSED] - Statement - text2 = el2.getAttribute("innerHTML"): null

2018-03-13 10:48:46 - [TEST_STEP][PASSED] - Statement - tmp2 = text2.split(" "): null

2018-03-13 10:48:46 - [TEST_STEP][PASSED] - Statement - num2 = tmp2[0].replaceAll(",", "."): null

2018-03-13 10:48:46 - [TEST_STEP][PASSED] - Statement - km2 = java.lang.Float.parseFloat(num2): null

2018-03-13 10:48:46 - [TEST_STEP][PASSED] - Statement - If (km2 > km1): null

2018-03-13 10:48:46 - [TEST_STEP][PASSED] - Statement - el1 = wes.get(i): null

2018-03-13 10:48:46 - [TEST_STEP][PASSED] - Statement - text1 = el1.getAttribute("innerHTML"): null

2018-03-13 10:48:46 - [TEST_STEP][PASSED] - Statement - tmp1 = text1.split(" "): null

2018-03-13 10:48:46 - [TEST_STEP][PASSED] - Statement - num1 = tmp1[0].replaceAll(",", "."): null

2018-03-13 10:48:46 - [TEST_STEP][PASSED] - Statement - km1 = java.lang.Float.parseFloat(num1): null

2018-03-13 10:48:46 - [TEST_STEP][PASSED] - Statement - el2 = wes.get(i - 1): null

2018-03-13 10:48:46 - [TEST_STEP][PASSED] - Statement - text2 = el2.getAttribute("innerHTML"): null

2018-03-13 10:48:46 - [TEST_STEP][PASSED] - Statement - tmp2 = text2.split(" "): null

2018-03-13 10:48:46 - [TEST_STEP][PASSED] - Statement - num2 = tmp2[0].replaceAll(",", "."): null

2018-03-13 10:48:46 - [TEST_STEP][PASSED] - Statement - km2 = java.lang.Float.parseFloat(num2): null

2018-03-13 10:48:46 - [TEST_STEP][PASSED] - Statement - If (km2 > km1): null

2018-03-13 10:48:46 - [TEST_STEP][PASSED] - Statement - el1 = wes.get(i): null

2018-03-13 10:48:46 - [TEST_STEP][PASSED] - Statement - text1 = el1.getAttribute("innerHTML"): null

2018-03-13 10:48:47 - [TEST_STEP][PASSED] - Statement - tmp1 = text1.split(" "): null

2018-03-13 10:48:47 - [TEST_STEP][PASSED] - Statement - num1 = tmp1[0].replaceAll(",", "."): null

2018-03-13 10:48:47 - [TEST_STEP][PASSED] - Statement - km1 = java.lang.Float.parseFloat(num1): null

2018-03-13 10:48:47 - [TEST_STEP][PASSED] - Statement - el2 = wes.get(i - 1): null

2018-03-13 10:48:47 - [TEST_STEP][PASSED] - Statement - text2 = el2.getAttribute("innerHTML"): null

2018-03-13 10:48:47 - [TEST_STEP][PASSED] - Statement - tmp2 = text2.split(" "): null

2018-03-13 10:48:47 - [TEST_STEP][PASSED] - Statement - num2 = tmp2[0].replaceAll(",", "."): null

2018-03-13 10:48:47 - [TEST_STEP][PASSED] - Statement - km2 = java.lang.Float.parseFloat(num2): null

2018-03-13 10:48:47 - [TEST_STEP][PASSED] - Statement - If (km2 > km1): null

2018-03-13 10:48:47 - [TEST_STEP][PASSED] - Statement - el1 = wes.get(i): null

2018-03-13 10:48:47 - [TEST_STEP][PASSED] - Statement - text1 = el1.getAttribute("innerHTML"): null

2018-03-13 10:48:47 - [TEST_STEP][PASSED] - Statement - tmp1 = text1.split(" "): null

2018-03-13 10:48:47 - [TEST_STEP][PASSED] - Statement - num1 = tmp1[0].replaceAll(",", "."): null

2018-03-13 10:48:47 - [TEST_STEP][PASSED] - Statement - km1 = java.lang.Float.parseFloat(num1): null

2018-03-13 10:48:47 - [TEST_STEP][PASSED] - Statement - el2 = wes.get(i - 1): null

2018-03-13 10:48:47 - [TEST_STEP][PASSED] - Statement - text2 = el2.getAttribute("innerHTML"): null

2018-03-13 10:48:47 - [TEST_STEP][PASSED] - Statement - tmp2 = text2.split(" "): null

2018-03-13 10:48:47 - [TEST_STEP][PASSED] - Statement - num2 = tmp2[0].replaceAll(",", "."): null

2018-03-13 10:48:47 - [TEST_STEP][PASSED] - Statement - km2 = java.lang.Float.parseFloat(num2): null

2018-03-13 10:48:47 - [TEST_STEP][PASSED] - Statement - If (km2 > km1): null

2018-03-13 10:48:47 - [TEST_STEP][PASSED] - Statement - el1 = wes.get(i): null

2018-03-13 10:48:47 - [TEST_STEP][PASSED] - Statement - text1 = el1.getAttribute("innerHTML"): null

2018-03-13 10:48:47 - [TEST_STEP][PASSED] - Statement - tmp1 = text1.split(" "): null

2018-03-13 10:48:47 - [TEST_STEP][PASSED] - Statement - num1 = tmp1[0].replaceAll(",", "."): null

2018-03-13 10:48:47 - [TEST_STEP][PASSED] - Statement - km1 = java.lang.Float.parseFloat(num1): null

2018-03-13 10:48:47 - [TEST_STEP][PASSED] - Statement - el2 = wes.get(i - 1): null

2018-03-13 10:48:47 - [TEST_STEP][PASSED] - Statement - text2 = el2.getAttribute("innerHTML"): null

2018-03-13 10:48:47 - [TEST_STEP][PASSED] - Statement - tmp2 = text2.split(" "): null

2018-03-13 10:48:47 - [TEST_STEP][PASSED] - Statement - num2 = tmp2[0].replaceAll(",", "."): null

2018-03-13 10:48:47 - [TEST_STEP][PASSED] - Statement - km2 = java.lang.Float.parseFloat(num2): null

2018-03-13 10:48:47 - [TEST_STEP][PASSED] - Statement - If (km2 > km1): null

2018-03-13 10:48:47 - [TEST_STEP][PASSED] - Statement - el1 = wes.get(i): null

2018-03-13 10:48:47 - [TEST_STEP][PASSED] - Statement - text1 = el1.getAttribute("innerHTML"): null

2018-03-13 10:48:47 - [TEST_STEP][PASSED] - Statement - tmp1 = text1.split(" "): null

2018-03-13 10:48:47 - [TEST_STEP][PASSED] - Statement - num1 = tmp1[0].replaceAll(",", "."): null

2018-03-13 10:48:47 - [TEST_STEP][PASSED] - Statement - km1 = java.lang.Float.parseFloat(num1): null

2018-03-13 10:48:47 - [TEST_STEP][PASSED] - Statement - el2 = wes.get(i - 1): null

2018-03-13 10:48:47 - [TEST_STEP][PASSED] - Statement - text2 = el2.getAttribute("innerHTML"): null

2018-03-13 10:48:47 - [TEST_STEP][PASSED] - Statement - tmp2 = text2.split(" "): null

2018-03-13 10:48:47 - [TEST_STEP][PASSED] - Statement - num2 = tmp2[0].replaceAll(",", "."): null

2018-03-13 10:48:47 - [TEST_STEP][PASSED] - Statement - km2 = java.lang.Float.parseFloat(num2): null

2018-03-13 10:48:47 - [TEST_STEP][PASSED] - Statement - If (km2 > km1): null

2018-03-13 10:48:47 - [TEST_STEP][PASSED] - Statement - el1 = wes.get(i): null

2018-03-13 10:48:47 - [TEST_STEP][PASSED] - Statement - text1 = el1.getAttribute("innerHTML"): null

2018-03-13 10:48:47 - [TEST_STEP][PASSED] - Statement - tmp1 = text1.split(" "): null

2018-03-13 10:48:47 - [TEST_STEP][PASSED] - Statement - num1 = tmp1[0].replaceAll(",", "."): null

2018-03-13 10:48:47 - [TEST_STEP][PASSED] - Statement - km1 = java.lang.Float.parseFloat(num1): null

2018-03-13 10:48:47 - [TEST_STEP][PASSED] - Statement - el2 = wes.get(i - 1): null

2018-03-13 10:48:47 - [TEST_STEP][PASSED] - Statement - text2 = el2.getAttribute("innerHTML"): null

2018-03-13 10:48:47 - [TEST_STEP][PASSED] - Statement - tmp2 = text2.split(" "): null

2018-03-13 10:48:47 - [TEST_STEP][PASSED] - Statement - num2 = tmp2[0].replaceAll(",", "."): null

2018-03-13 10:48:47 - [TEST_STEP][PASSED] - Statement - km2 = java.lang.Float.parseFloat(num2): null

2018-03-13 10:48:47 - [TEST_STEP][PASSED] - Statement - If (km2 > km1): null

2018-03-13 10:48:47 - [TEST_STEP][PASSED] - Statement - el1 = wes.get(i): null

2018-03-13 10:48:47 - [TEST_STEP][PASSED] - Statement - text1 = el1.getAttribute("innerHTML"): null

2018-03-13 10:48:47 - [TEST_STEP][PASSED] - Statement - tmp1 = text1.split(" "): null

2018-03-13 10:48:47 - [TEST_STEP][PASSED] - Statement - num1 = tmp1[0].replaceAll(",", "."): null

2018-03-13 10:48:47 - [TEST_STEP][PASSED] - Statement - km1 = java.lang.Float.parseFloat(num1): null

2018-03-13 10:48:47 - [TEST_STEP][PASSED] - Statement - el2 = wes.get(i - 1): null

2018-03-13 10:48:47 - [TEST_STEP][PASSED] - Statement - text2 = el2.getAttribute("innerHTML"): null

2018-03-13 10:48:47 - [TEST_STEP][PASSED] - Statement - tmp2 = text2.split(" "): null

2018-03-13 10:48:47 - [TEST_STEP][PASSED] - Statement - num2 = tmp2[0].replaceAll(",", "."): null

2018-03-13 10:48:47 - [TEST_STEP][PASSED] - Statement - km2 = java.lang.Float.parseFloat(num2): null

2018-03-13 10:48:47 - [TEST_STEP][PASSED] - Statement - If (km2 > km1): null

2018-03-13 10:48:47 - [TEST_STEP][PASSED] - Statement - el1 = wes.get(i): null

2018-03-13 10:48:47 - [TEST_STEP][PASSED] - Statement - text1 = el1.getAttribute("innerHTML"): null

2018-03-13 10:48:47 - [TEST_STEP][PASSED] - Statement - tmp1 = text1.split(" "): null

2018-03-13 10:48:47 - [TEST_STEP][PASSED] - Statement - num1 = tmp1[0].replaceAll(",", "."): null

2018-03-13 10:48:47 - [TEST_STEP][PASSED] - Statement - km1 = java.lang.Float.parseFloat(num1): null

2018-03-13 10:48:47 - [TEST_STEP][PASSED] - Statement - el2 = wes.get(i - 1): null

2018-03-13 10:48:47 - [TEST_STEP][PASSED] - Statement - text2 = el2.getAttribute("innerHTML"): null

2018-03-13 10:48:47 - [TEST_STEP][PASSED] - Statement - tmp2 = text2.split(" "): null

2018-03-13 10:48:47 - [TEST_STEP][PASSED] - Statement - num2 = tmp2[0].replaceAll(",", "."): null

2018-03-13 10:48:47 - [TEST_STEP][PASSED] - Statement - km2 = java.lang.Float.parseFloat(num2): null

2018-03-13 10:48:47 - [TEST_STEP][PASSED] - Statement - If (km2 > km1): null

2018-03-13 10:48:47 - [TEST_STEP][PASSED] - Statement - el1 = wes.get(i): null

2018-03-13 10:48:47 - [TEST_STEP][PASSED] - Statement - text1 = el1.getAttribute("innerHTML"): null

2018-03-13 10:48:47 - [TEST_STEP][PASSED] - Statement - tmp1 = text1.split(" "): null

2018-03-13 10:48:47 - [TEST_STEP][PASSED] - Statement - num1 = tmp1[0].replaceAll(",", "."): null

2018-03-13 10:48:47 - [TEST_STEP][PASSED] - Statement - km1 = java.lang.Float.parseFloat(num1): null

2018-03-13 10:48:47 - [TEST_STEP][PASSED] - Statement - el2 = wes.get(i - 1): null

2018-03-13 10:48:47 - [TEST_STEP][PASSED] - Statement - text2 = el2.getAttribute("innerHTML"): null

2018-03-13 10:48:47 - [TEST_STEP][PASSED] - Statement - tmp2 = text2.split(" "): null

2018-03-13 10:48:47 - [TEST_STEP][PASSED] - Statement - num2 = tmp2[0].replaceAll(",", "."): null

2018-03-13 10:48:47 - [TEST_STEP][PASSED] - Statement - km2 = java.lang.Float.parseFloat(num2): null

2018-03-13 10:48:47 - [TEST_STEP][PASSED] - Statement - If (km2 > km1): null

2018-03-13 10:48:47 - [TEST_STEP][PASSED] - Statement - el1 = wes.get(i): null

2018-03-13 10:48:47 - [TEST_STEP][PASSED] - Statement - text1 = el1.getAttribute("innerHTML"): null

2018-03-13 10:48:47 - [TEST_STEP][PASSED] - Statement - tmp1 = text1.split(" "): null

2018-03-13 10:48:47 - [TEST_STEP][PASSED] - Statement - num1 = tmp1[0].replaceAll(",", "."): null

2018-03-13 10:48:47 - [TEST_STEP][PASSED] - Statement - km1 = java.lang.Float.parseFloat(num1): null

2018-03-13 10:48:47 - [TEST_STEP][PASSED] - Statement - el2 = wes.get(i - 1): null

2018-03-13 10:48:47 - [TEST_STEP][PASSED] - Statement - text2 = el2.getAttribute("innerHTML"): null

2018-03-13 10:48:48 - [TEST_STEP][PASSED] - Statement - tmp2 = text2.split(" "): null

2018-03-13 10:48:48 - [TEST_STEP][PASSED] - Statement - num2 = tmp2[0].replaceAll(",", "."): null

2018-03-13 10:48:48 - [TEST_STEP][PASSED] - Statement - km2 = java.lang.Float.parseFloat(num2): null

2018-03-13 10:48:48 - [TEST_STEP][PASSED] - Statement - If (km2 > km1): null

2018-03-13 10:48:48 - [TEST_STEP][PASSED] - Statement - el1 = wes.get(i): null

2018-03-13 10:48:48 - [TEST_STEP][PASSED] - Statement - text1 = el1.getAttribute("innerHTML"): null

2018-03-13 10:48:48 - [TEST_STEP][PASSED] - Statement - tmp1 = text1.split(" "): null

2018-03-13 10:48:48 - [TEST_STEP][PASSED] - Statement - num1 = tmp1[0].replaceAll(",", "."): null

2018-03-13 10:48:48 - [TEST_STEP][PASSED] - Statement - km1 = java.lang.Float.parseFloat(num1): null

2018-03-13 10:48:48 - [TEST_STEP][PASSED] - Statement - el2 = wes.get(i - 1): null

2018-03-13 10:48:48 - [TEST_STEP][PASSED] - Statement - text2 = el2.getAttribute("innerHTML"): null

2018-03-13 10:48:48 - [TEST_STEP][PASSED] - Statement - tmp2 = text2.split(" "): null

2018-03-13 10:48:48 - [TEST_STEP][PASSED] - Statement - num2 = tmp2[0].replaceAll(",", "."): null

2018-03-13 10:48:48 - [TEST_STEP][PASSED] - Statement - km2 = java.lang.Float.parseFloat(num2): null

2018-03-13 10:48:48 - [TEST_STEP][PASSED] - Statement - If (km2 > km1): null

2018-03-13 10:48:48 - [TEST_STEP][PASSED] - Statement - el1 = wes.get(i): null

2018-03-13 10:48:48 - [TEST_STEP][PASSED] - Statement - text1 = el1.getAttribute("innerHTML"): null

2018-03-13 10:48:48 - [TEST_STEP][PASSED] - Statement - tmp1 = text1.split(" "): null

2018-03-13 10:48:48 - [TEST_STEP][PASSED] - Statement - num1 = tmp1[0].replaceAll(",", "."): null

2018-03-13 10:48:48 - [TEST_STEP][PASSED] - Statement - km1 = java.lang.Float.parseFloat(num1): null

2018-03-13 10:48:48 - [TEST_STEP][PASSED] - Statement - el2 = wes.get(i - 1): null

2018-03-13 10:48:48 - [TEST_STEP][PASSED] - Statement - text2 = el2.getAttribute("innerHTML"): null

2018-03-13 10:48:48 - [TEST_STEP][PASSED] - Statement - tmp2 = text2.split(" "): null

2018-03-13 10:48:48 - [TEST_STEP][PASSED] - Statement - num2 = tmp2[0].replaceAll(",", "."): null

2018-03-13 10:48:48 - [TEST_STEP][PASSED] - Statement - km2 = java.lang.Float.parseFloat(num2): null

2018-03-13 10:48:48 - [TEST_STEP][PASSED] - Statement - If (km2 > km1): null

2018-03-13 10:48:48 - [TEST_STEP][PASSED] - Statement - el1 = wes.get(i): null

2018-03-13 10:48:48 - [TEST_STEP][PASSED] - Statement - text1 = el1.getAttribute("innerHTML"): null

2018-03-13 10:48:48 - [TEST_STEP][PASSED] - Statement - tmp1 = text1.split(" "): null

2018-03-13 10:48:48 - [TEST_STEP][PASSED] - Statement - num1 = tmp1[0].replaceAll(",", "."): null

2018-03-13 10:48:48 - [TEST_STEP][PASSED] - Statement - km1 = java.lang.Float.parseFloat(num1): null

2018-03-13 10:48:48 - [TEST_STEP][PASSED] - Statement - el2 = wes.get(i - 1): null

2018-03-13 10:48:48 - [TEST_STEP][PASSED] - Statement - text2 = el2.getAttribute("innerHTML"): null

2018-03-13 10:48:48 - [TEST_STEP][PASSED] - Statement - tmp2 = text2.split(" "): null

2018-03-13 10:48:48 - [TEST_STEP][PASSED] - Statement - num2 = tmp2[0].replaceAll(",", "."): null

2018-03-13 10:48:48 - [TEST_STEP][PASSED] - Statement - km2 = java.lang.Float.parseFloat(num2): null

2018-03-13 10:48:48 - [TEST_STEP][PASSED] - Statement - If (km2 > km1): null

2018-03-13 10:48:48 - [TEST_STEP][PASSED] - closeBrowser: Browser is closed

2018-03-13 10:48:48 - [MESSAGE][PASSED] - Browser is closed]]></system-out>
         <system-err><![CDATA[]]></system-err>
      </testcase>
      <testcase name="Test Cases/Prototyp_Filialsuche (RC 18)/16_Testfall" classname="Test Cases/Prototyp_Filialsuche (RC 18)/16_Testfall" status="PASSED">
         <system-out><![CDATA[2018-03-13 10:48:48 - [TEST_CASE][PASSED] - Test Cases/Prototyp_Filialsuche (RC 18)/16_Testfall: Test Cases/Prototyp_Filialsuche (RC 18)/16_Testfall

2018-03-13 10:48:48 - [TEST_STEP][PASSED] - openBrowser: Browser is opened with url: ''

2018-03-13 10:48:51 - [MESSAGE][PASSED] - Browser is opened with url: ''

2018-03-13 10:48:51 - [TEST_STEP][PASSED] - maximizeWindow: Current window maximized

2018-03-13 10:48:51 - [MESSAGE][PASSED] - Current window maximized

2018-03-13 10:48:51 - [TEST_STEP][PASSED] - deleteAllCookies: Delete all cookies successfully

2018-03-13 10:48:51 - [MESSAGE][PASSED] - Delete all cookies successfully

2018-03-13 10:48:51 - [TEST_STEP][PASSED] - navigateToUrl: Navigate to 'http://rc-ogrhtmlprototyp.testintern/18-1-0/filialsuche-textinput.html' successfully

2018-03-13 10:48:52 - [MESSAGE][PASSED] - Navigate to 'http://rc-ogrhtmlprototyp.testintern/18-1-0/filialsuche-textinput.html' successfully

2018-03-13 10:48:52 - [TEST_STEP][PASSED] - delay: Delayed 5 second(s)

2018-03-13 10:48:57 - [MESSAGE][PASSED] - Delayed 5 second(s)

2018-03-13 10:48:57 - [TEST_STEP][PASSED] - setText: Text 'Berlin' is set on object 'Object Repository/Filialsuche_Inputtext'

2018-03-13 10:48:57 - [MESSAGE][PASSED] - Text 'Berlin' is set on object 'Object Repository/Filialsuche_Inputtext'

2018-03-13 10:48:57 - [TEST_STEP][PASSED] - delay: Delayed 2 second(s)

2018-03-13 10:48:59 - [MESSAGE][PASSED] - Delayed 2 second(s)

2018-03-13 10:48:59 - [TEST_STEP][PASSED] - submit: The form containing object: 'Object Repository/Filialsuche_submit_button' is submitted

2018-03-13 10:48:59 - [MESSAGE][PASSED] - The form containing object: 'Object Repository/Filialsuche_submit_button' is submitted

2018-03-13 10:48:59 - [TEST_STEP][PASSED] - delay: Delayed 2 second(s)

2018-03-13 10:49:01 - [MESSAGE][PASSED] - Delayed 2 second(s)

2018-03-13 10:49:01 - [TEST_STEP][PASSED] - verifyElementVisible: Object 'Object Repository/Entfernung_filialsuche' is visible

2018-03-13 10:49:02 - [MESSAGE][PASSED] - Object 'Object Repository/Entfernung_filialsuche' is visible

2018-03-13 10:49:02 - [TEST_STEP][PASSED] - closeBrowser: Browser is closed

2018-03-13 10:49:02 - [MESSAGE][PASSED] - Browser is closed]]></system-out>
         <system-err><![CDATA[]]></system-err>
      </testcase>
      <testcase name="Test Cases/Prototyp_Filialsuche (RC 18)/17_Testfall" classname="Test Cases/Prototyp_Filialsuche (RC 18)/17_Testfall" status="PASSED">
         <system-out><![CDATA[2018-03-13 10:49:02 - [TEST_CASE][PASSED] - Test Cases/Prototyp_Filialsuche (RC 18)/17_Testfall: Test Cases/Prototyp_Filialsuche (RC 18)/17_Testfall

2018-03-13 10:49:02 - [TEST_STEP][PASSED] - openBrowser: Browser is opened with url: ''

2018-03-13 10:49:05 - [MESSAGE][PASSED] - Browser is opened with url: ''

2018-03-13 10:49:05 - [TEST_STEP][PASSED] - deleteAllCookies: Delete all cookies successfully

2018-03-13 10:49:05 - [MESSAGE][PASSED] - Delete all cookies successfully

2018-03-13 10:49:05 - [TEST_STEP][PASSED] - maximizeWindow: Current window maximized

2018-03-13 10:49:05 - [MESSAGE][PASSED] - Current window maximized

2018-03-13 10:49:05 - [TEST_STEP][PASSED] - navigateToUrl: Navigate to 'http://rc-ogrhtmlprototyp.testintern/18-1-0/filialsuche.html' successfully

2018-03-13 10:49:05 - [MESSAGE][PASSED] - Navigate to 'http://rc-ogrhtmlprototyp.testintern/18-1-0/filialsuche.html' successfully

2018-03-13 10:49:05 - [TEST_STEP][PASSED] - delay: Delayed 2 second(s)

2018-03-13 10:49:07 - [MESSAGE][PASSED] - Delayed 2 second(s)

2018-03-13 10:49:07 - [TEST_STEP][PASSED] - waitForPageLoad: Wait for page load successfully

2018-03-13 10:49:07 - [MESSAGE][WARNING] - Timeout '0' is invalid. Using default page load timeout: '30'

2018-03-13 10:49:09 - [MESSAGE][PASSED] - Wait for page load successfully

2018-03-13 10:49:09 - [TEST_STEP][PASSED] - delay: Delayed 2 second(s)

2018-03-13 10:49:11 - [MESSAGE][PASSED] - Delayed 2 second(s)

2018-03-13 10:49:11 - [TEST_STEP][PASSED] - click: Object: 'Object Repository/03/Page_Filialsuche-rotenburg - BVR HT/svg_dropdown-icons' is clicked on

2018-03-13 10:49:14 - [MESSAGE][PASSED] - Object: 'Object Repository/03/Page_Filialsuche-rotenburg - BVR HT/svg_dropdown-icons' is clicked on

2018-03-13 10:49:14 - [TEST_STEP][PASSED] - delay: Delayed 2 second(s)

2018-03-13 10:49:16 - [MESSAGE][PASSED] - Delayed 2 second(s)

2018-03-13 10:49:16 - [TEST_STEP][PASSED] - mouseOver: Object: 'Object Repository/002/Page_Filialsuche - BVR HTML Prototy/div_Berlin' is hovered

2018-03-13 10:49:16 - [MESSAGE][PASSED] - Object: 'Object Repository/002/Page_Filialsuche - BVR HTML Prototy/div_Berlin' is hovered

2018-03-13 10:49:16 - [TEST_STEP][PASSED] - delay: Delayed 2 second(s)

2018-03-13 10:49:18 - [MESSAGE][PASSED] - Delayed 2 second(s)

2018-03-13 10:49:18 - [TEST_STEP][PASSED] - click: Object: 'Object Repository/002/Page_Filialsuche - BVR HTML Prototy/div_Berlin' is clicked on

2018-03-13 10:49:20 - [MESSAGE][PASSED] - Object: 'Object Repository/002/Page_Filialsuche - BVR HTML Prototy/div_Berlin' is clicked on

2018-03-13 10:49:20 - [TEST_STEP][PASSED] - delay: Delayed 5 second(s)

2018-03-13 10:49:25 - [MESSAGE][PASSED] - Delayed 5 second(s)

2018-03-13 10:49:25 - [TEST_STEP][PASSED] - click: Object: 'Object Repository/TF17/Page_Filialsuche - BVR HTML Prototy/span_Berliner Volksbank eG Fil' is clicked on

2018-03-13 10:49:27 - [MESSAGE][PASSED] - Object: 'Object Repository/TF17/Page_Filialsuche - BVR HTML Prototy/span_Berliner Volksbank eG Fil' is clicked on

2018-03-13 10:49:27 - [TEST_STEP][PASSED] - delay: Delayed 2 second(s)

2018-03-13 10:49:29 - [MESSAGE][PASSED] - Delayed 2 second(s)

2018-03-13 10:49:29 - [TEST_STEP][PASSED] - verifyTextPresent: Text 'Alt-Moabit 82' is present on page 

2018-03-13 10:49:32 - [MESSAGE][PASSED] - Text 'Alt-Moabit 82' is present on page 

2018-03-13 10:49:32 - [TEST_STEP][PASSED] - verifyTextPresent: Text '10555 Berlin' is present on page 

2018-03-13 10:49:34 - [MESSAGE][PASSED] - Text '10555 Berlin' is present on page 

2018-03-13 10:49:34 - [TEST_STEP][PASSED] - click: Object: 'Object Repository/TF17/Page_Filialsuche - BVR HTML Prototy/span_Berliner Volksbank eG Fil_1' is clicked on

2018-03-13 10:49:36 - [MESSAGE][PASSED] - Object: 'Object Repository/TF17/Page_Filialsuche - BVR HTML Prototy/span_Berliner Volksbank eG Fil_1' is clicked on

2018-03-13 10:49:36 - [TEST_STEP][PASSED] - delay: Delayed 2 second(s)

2018-03-13 10:49:38 - [MESSAGE][PASSED] - Delayed 2 second(s)

2018-03-13 10:49:38 - [TEST_STEP][PASSED] - verifyTextPresent: Text 'Alt-Rudow 71' is present on page 

2018-03-13 10:49:39 - [MESSAGE][PASSED] - Text 'Alt-Rudow 71' is present on page 

2018-03-13 10:49:39 - [TEST_STEP][PASSED] - verifyTextPresent: Text '12355 Berlin' is present on page 

[...]

2018-03-13 11:09:06 - [TEST_STEP][PASSED] - verifyElementText: Actual text and expected text of test object 'Object Repository/Page_Filialsuche - Strassenname Hausnummer/05ErgebnisTest' are matched.

2018-03-13 11:09:06 - [MESSAGE][PASSED] - Actual text and expected text of test object 'Object Repository/Page_Filialsuche - Strassenname Hausnummer/05ErgebnisTest' are matched.

2018-03-13 11:09:06 - [TEST_STEP][PASSED] - verifyElementText: Actual text and expected text of test object 'Object Repository/Page_Filialsuche - Strassenname Hausnummer/06ErgebnisTest' are matched.

2018-03-13 11:09:06 - [MESSAGE][PASSED] - Actual text and expected text of test object 'Object Repository/Page_Filialsuche - Strassenname Hausnummer/06ErgebnisTest' are matched.

2018-03-13 11:09:06 - [TEST_STEP][PASSED] - click: Object: 'Object Repository/naechsteSeite' is clicked on

2018-03-13 11:09:08 - [MESSAGE][PASSED] - Object: 'Object Repository/naechsteSeite' is clicked on

2018-03-13 11:09:08 - [TEST_STEP][PASSED] - verifyElementText: Actual text and expected text of test object 'Object Repository/Page_Filialsuche - Strassenname Hausnummer/07ErgebnisTest' are matched.

2018-03-13 11:09:08 - [MESSAGE][PASSED] - Actual text and expected text of test object 'Object Repository/Page_Filialsuche - Strassenname Hausnummer/07ErgebnisTest' are matched.

2018-03-13 11:09:08 - [TEST_STEP][PASSED] - verifyElementText: Actual text and expected text of test object 'Object Repository/Page_Filialsuche - Strassenname Hausnummer/08ErgebnisTest' are matched.

2018-03-13 11:09:08 - [MESSAGE][PASSED] - Actual text and expected text of test object 'Object Repository/Page_Filialsuche - Strassenname Hausnummer/08ErgebnisTest' are matched.

2018-03-13 11:09:08 - [TEST_STEP][PASSED] - verifyElementText: Actual text and expected text of test object 'Object Repository/Page_Filialsuche - Strassenname Hausnummer/09ErgebnisTest' are matched.

2018-03-13 11:09:08 - [MESSAGE][PASSED] - Actual text and expected text of test object 'Object Repository/Page_Filialsuche - Strassenname Hausnummer/09ErgebnisTest' are matched.

2018-03-13 11:09:08 - [TEST_STEP][PASSED] - verifyElementText: Actual text and expected text of test object 'Object Repository/Page_Filialsuche - Strassenname Hausnummer/10ErgebnisTest' are matched.

2018-03-13 11:09:08 - [MESSAGE][PASSED] - Actual text and expected text of test object 'Object Repository/Page_Filialsuche - Strassenname Hausnummer/10ErgebnisTest' are matched.

2018-03-13 11:09:08 - [TEST_STEP][PASSED] - verifyElementText: Actual text and expected text of test object 'Object Repository/Page_Filialsuche - Strassenname Hausnummer/11ErgebnisTest' are matched.

2018-03-13 11:09:08 - [MESSAGE][PASSED] - Actual text and expected text of test object 'Object Repository/Page_Filialsuche - Strassenname Hausnummer/11ErgebnisTest' are matched.

2018-03-13 11:09:08 - [TEST_STEP][PASSED] - verifyElementText: Actual text and expected text of test object 'Object Repository/Page_Filialsuche - Strassenname Hausnummer/12ErgebnisTest' are matched.

2018-03-13 11:09:08 - [MESSAGE][PASSED] - Actual text and expected text of test object 'Object Repository/Page_Filialsuche - Strassenname Hausnummer/12ErgebnisTest' are matched.

2018-03-13 11:09:08 - [TEST_STEP][PASSED] - click: Object: 'Object Repository/naechsteSeite' is clicked on

2018-03-13 11:09:09 - [MESSAGE][PASSED] - Object: 'Object Repository/naechsteSeite' is clicked on

2018-03-13 11:09:09 - [TEST_STEP][PASSED] - verifyElementText: Actual text and expected text of test object 'Object Repository/Page_Filialsuche - Strassenname Hausnummer/13ErgebnisTest' are matched.

2018-03-13 11:09:09 - [MESSAGE][PASSED] - Actual text and expected text of test object 'Object Repository/Page_Filialsuche - Strassenname Hausnummer/13ErgebnisTest' are matched.

2018-03-13 11:09:09 - [TEST_STEP][PASSED] - verifyElementText: Actual text and expected text of test object 'Object Repository/Page_Filialsuche - Strassenname Hausnummer/14ErgebnisTest' are matched.

2018-03-13 11:09:09 - [MESSAGE][PASSED] - Actual text and expected text of test object 'Object Repository/Page_Filialsuche - Strassenname Hausnummer/14ErgebnisTest' are matched.

2018-03-13 11:09:09 - [TEST_STEP][PASSED] - verifyElementText: Actual text and expected text of test object 'Object Repository/Page_Filialsuche - Strassenname Hausnummer/15ErgebnisTest' are matched.

2018-03-13 11:09:09 - [MESSAGE][PASSED] - Actual text and expected text of test object 'Object Repository/Page_Filialsuche - Strassenname Hausnummer/15ErgebnisTest' are matched.

2018-03-13 11:09:09 - [TEST_STEP][PASSED] - verifyElementText: Actual text and expected text of test object 'Object Repository/Page_Filialsuche - Strassenname Hausnummer/16ErgebnisTest' are matched.

2018-03-13 11:09:09 - [MESSAGE][PASSED] - Actual text and expected text of test object 'Object Repository/Page_Filialsuche - Strassenname Hausnummer/16ErgebnisTest' are matched.

2018-03-13 11:09:09 - [TEST_STEP][PASSED] - verifyElementText: Actual text and expected text of test object 'Object Repository/Page_Filialsuche - Strassenname Hausnummer/17ErgebnisTest' are matched.

2018-03-13 11:09:09 - [MESSAGE][PASSED] - Actual text and expected text of test object 'Object Repository/Page_Filialsuche - Strassenname Hausnummer/17ErgebnisTest' are matched.

2018-03-13 11:09:09 - [TEST_STEP][PASSED] - verifyElementText: Actual text and expected text of test object 'Object Repository/Page_Filialsuche - Strassenname Hausnummer/18ErgebnisTest' are matched.

2018-03-13 11:09:09 - [MESSAGE][PASSED] - Actual text and expected text of test object 'Object Repository/Page_Filialsuche - Strassenname Hausnummer/18ErgebnisTest' are matched.

2018-03-13 11:09:09 - [TEST_STEP][PASSED] - click: Object: 'Object Repository/naechsteSeite' is clicked on

2018-03-13 11:09:10 - [MESSAGE][PASSED] - Object: 'Object Repository/naechsteSeite' is clicked on

2018-03-13 11:09:10 - [TEST_STEP][PASSED] - verifyElementText: Actual text and expected text of test object 'Object Repository/Page_Filialsuche - Strassenname Hausnummer/19ErgebnisTest' are matched.

2018-03-13 11:09:10 - [MESSAGE][PASSED] - Actual text and expected text of test object 'Object Repository/Page_Filialsuche - Strassenname Hausnummer/19ErgebnisTest' are matched.

2018-03-13 11:09:10 - [TEST_STEP][PASSED] - verifyElementText: Actual text and expected text of test object 'Object Repository/Page_Filialsuche - Strassenname Hausnummer/20ErgebnisTest' are matched.

2018-03-13 11:09:10 - [MESSAGE][PASSED] - Actual text and expected text of test object 'Object Repository/Page_Filialsuche - Strassenname Hausnummer/20ErgebnisTest' are matched.

2018-03-13 11:09:10 - [TEST_STEP][PASSED] - verifyElementText: Actual text and expected text of test object 'Object Repository/Page_Filialsuche - Strassenname Hausnummer/21ErgebnisTest' are matched.

2018-03-13 11:09:10 - [MESSAGE][PASSED] - Actual text and expected text of test object 'Object Repository/Page_Filialsuche - Strassenname Hausnummer/21ErgebnisTest' are matched.

2018-03-13 11:09:10 - [TEST_STEP][PASSED] - verifyElementText: Actual text and expected text of test object 'Object Repository/Page_Filialsuche - Strassenname Hausnummer/22ErgebnisTest' are matched.

2018-03-13 11:09:10 - [MESSAGE][PASSED] - Actual text and expected text of test object 'Object Repository/Page_Filialsuche - Strassenname Hausnummer/22ErgebnisTest' are matched.

2018-03-13 11:09:10 - [TEST_STEP][PASSED] - verifyElementText: Actual text and expected text of test object 'Object Repository/Page_Filialsuche - Strassenname Hausnummer/23ErgebnisTest' are matched.

2018-03-13 11:09:11 - [MESSAGE][PASSED] - Actual text and expected text of test object 'Object Repository/Page_Filialsuche - Strassenname Hausnummer/23ErgebnisTest' are matched.

2018-03-13 11:09:11 - [TEST_STEP][PASSED] - verifyElementText: Actual text and expected text of test object 'Object Repository/Page_Filialsuche - Strassenname Hausnummer/24ErgebnisTest' are matched.

2018-03-13 11:09:11 - [MESSAGE][PASSED] - Actual text and expected text of test object 'Object Repository/Page_Filialsuche - Strassenname Hausnummer/24ErgebnisTest' are matched.

2018-03-13 11:09:11 - [TEST_STEP][PASSED] - click: Object: 'Object Repository/naechsteSeite' is clicked on

2018-03-13 11:09:11 - [MESSAGE][PASSED] - Object: 'Object Repository/naechsteSeite' is clicked on

2018-03-13 11:09:11 - [TEST_STEP][PASSED] - verifyElementText: Actual text and expected text of test object 'Object Repository/Page_Filialsuche - Strassenname Hausnummer/25ErgebnisTest' are matched.

2018-03-13 11:09:12 - [MESSAGE][PASSED] - Actual text and expected text of test object 'Object Repository/Page_Filialsuche - Strassenname Hausnummer/25ErgebnisTest' are matched.

2018-03-13 11:09:12 - [TEST_STEP][PASSED] - verifyElementText: Actual text and expected text of test object 'Object Repository/Page_Filialsuche - Strassenname Hausnummer/26ErgebnisTest' are matched.

2018-03-13 11:09:12 - [MESSAGE][PASSED] - Actual text and expected text of test object 'Object Repository/Page_Filialsuche - Strassenname Hausnummer/26ErgebnisTest' are matched.

2018-03-13 11:09:12 - [TEST_STEP][PASSED] - verifyElementText: Actual text and expected text of test object 'Object Repository/Page_Filialsuche - Strassenname Hausnummer/27ErgebnisTest' are matched.

2018-03-13 11:09:12 - [MESSAGE][PASSED] - Actual text and expected text of test object 'Object Repository/Page_Filialsuche - Strassenname Hausnummer/27ErgebnisTest' are matched.

2018-03-13 11:09:12 - [TEST_STEP][PASSED] - verifyElementText: Actual text and expected text of test object 'Object Repository/Page_Filialsuche - Strassenname Hausnummer/28ErgebnisTest' are matched.

2018-03-13 11:09:12 - [MESSAGE][PASSED] - Actual text and expected text of test object 'Object Repository/Page_Filialsuche - Strassenname Hausnummer/28ErgebnisTest' are matched.

2018-03-13 11:09:12 - [TEST_STEP][PASSED] - verifyElementText: Actual text and expected text of test object 'Object Repository/Page_Filialsuche - Strassenname Hausnummer/29ErgebnisTest' are matched.

2018-03-13 11:09:12 - [MESSAGE][PASSED] - Actual text and expected text of test object 'Object Repository/Page_Filialsuche - Strassenname Hausnummer/29ErgebnisTest' are matched.

2018-03-13 11:09:12 - [TEST_STEP][PASSED] - verifyElementText: Actual text and expected text of test object 'Object Repository/Page_Filialsuche - Strassenname Hausnummer/30ErgebnisTest' are matched.

2018-03-13 11:09:12 - [MESSAGE][PASSED] - Actual text and expected text of test object 'Object Repository/Page_Filialsuche - Strassenname Hausnummer/30ErgebnisTest' are matched.

2018-03-13 11:09:12 - [TEST_STEP][PASSED] - click: Object: 'Object Repository/naechsteSeite' is clicked on

2018-03-13 11:09:13 - [MESSAGE][PASSED] - Object: 'Object Repository/naechsteSeite' is clicked on

2018-03-13 11:09:13 - [TEST_STEP][PASSED] - verifyElementText: Actual text and expected text of test object 'Object Repository/Page_Filialsuche - Strassenname Hausnummer/31ErgebnisTest' are matched.

2018-03-13 11:09:13 - [MESSAGE][PASSED] - Actual text and expected text of test object 'Object Repository/Page_Filialsuche - Strassenname Hausnummer/31ErgebnisTest' are matched.

2018-03-13 11:09:13 - [TEST_STEP][PASSED] - verifyElementText: Actual text and expected text of test object 'Object Repository/Page_Filialsuche - Strassenname Hausnummer/32ErgebnisTest' are matched.

2018-03-13 11:09:13 - [MESSAGE][PASSED] - Actual text and expected text of test object 'Object Repository/Page_Filialsuche - Strassenname Hausnummer/32ErgebnisTest' are matched.

2018-03-13 11:09:13 - [TEST_STEP][PASSED] - verifyElementText: Actual text and expected text of test object 'Object Repository/Page_Filialsuche - Strassenname Hausnummer/33ErgebnisTest' are matched.

2018-03-13 11:09:13 - [MESSAGE][PASSED] - Actual text and expected text of test object 'Object Repository/Page_Filialsuche - Strassenname Hausnummer/33ErgebnisTest' are matched.

2018-03-13 11:09:13 - [TEST_STEP][PASSED] - verifyElementText: Actual text and expected text of test object 'Object Repository/Page_Filialsuche - Strassenname Hausnummer/34ErgebnisTest' are matched.

2018-03-13 11:09:13 - [MESSAGE][PASSED] - Actual text and expected text of test object 'Object Repository/Page_Filialsuche - Strassenname Hausnummer/34ErgebnisTest' are matched.

2018-03-13 11:09:13 - [TEST_STEP][PASSED] - verifyElementText: Actual text and expected text of test object 'Object Repository/Page_Filialsuche - Strassenname Hausnummer/35ErgebnisTest' are matched.

2018-03-13 11:09:13 - [MESSAGE][PASSED] - Actual text and expected text of test object 'Object Repository/Page_Filialsuche - Strassenname Hausnummer/35ErgebnisTest' are matched.

2018-03-13 11:09:13 - [TEST_STEP][PASSED] - verifyElementText: Actual text and expected text of test object 'Object Repository/Page_Filialsuche - Strassenname Hausnummer/36ErgebnisTest' are matched.

2018-03-13 11:09:13 - [MESSAGE][PASSED] - Actual text and expected text of test object 'Object Repository/Page_Filialsuche - Strassenname Hausnummer/36ErgebnisTest' are matched.

2018-03-13 11:09:13 - [TEST_STEP][PASSED] - click: Object: 'Object Repository/naechsteSeite' is clicked on

2018-03-13 11:09:14 - [MESSAGE][PASSED] - Object: 'Object Repository/naechsteSeite' is clicked on

2018-03-13 11:09:14 - [TEST_STEP][PASSED] - verifyElementText: Actual text and expected text of test object 'Object Repository/Page_Filialsuche - Strassenname Hausnummer/37ErgebnisTest' are matched.

2018-03-13 11:09:14 - [MESSAGE][PASSED] - Actual text and expected text of test object 'Object Repository/Page_Filialsuche - Strassenname Hausnummer/37ErgebnisTest' are matched.

2018-03-13 11:09:14 - [TEST_STEP][PASSED] - closeBrowser: Browser is closed

2018-03-13 11:09:15 - [MESSAGE][PASSED] - Browser is closed]]></system-out>
         <system-err><![CDATA[]]></system-err>
      </testcase>
      <testcase name="Test Cases/Prototyp_Filialsuche (RC 18)/56_Testfall" classname="Test Cases/Prototyp_Filialsuche (RC 18)/56_Testfall" status="PASSED">
         <system-out><![CDATA[2018-03-13 11:09:15 - [TEST_CASE][PASSED] - Test Cases/Prototyp_Filialsuche (RC 18)/56_Testfall: Test Cases/Prototyp_Filialsuche (RC 18)/56_Testfall

2018-03-13 11:09:15 - [TEST_STEP][PASSED] - openBrowser: Browser is opened with url: ''

2018-03-13 11:09:17 - [MESSAGE][PASSED] - Browser is opened with url: ''

2018-03-13 11:09:17 - [TEST_STEP][PASSED] - maximizeWindow: Current window maximized

2018-03-13 11:09:17 - [MESSAGE][PASSED] - Current window maximized

2018-03-13 11:09:17 - [TEST_STEP][PASSED] - deleteAllCookies: Delete all cookies successfully

2018-03-13 11:09:17 - [MESSAGE][PASSED] - Delete all cookies successfully

2018-03-13 11:09:17 - [TEST_STEP][PASSED] - navigateToUrl: Navigate to 'http://rc-ogrhtmlprototyp.testintern/18-1-0/filialsuche-nuernberg.html' successfully

2018-03-13 11:09:17 - [MESSAGE][PASSED] - Navigate to 'http://rc-ogrhtmlprototyp.testintern/18-1-0/filialsuche-nuernberg.html' successfully

2018-03-13 11:09:17 - [TEST_STEP][PASSED] - delay: Delayed 5 second(s)

2018-03-13 11:09:22 - [MESSAGE][PASSED] - Delayed 5 second(s)

2018-03-13 11:09:22 - [TEST_STEP][PASSED] - Statement - wes = com.kms.katalon.core.webui.common.WebUiCommonHelper.findWebElements(com.kms.katalon.core.testobject.ObjectRepository.findTestObject(filial_map), 5): Found 10 web elements with id: 'Object Repository/filial_map' located by 'By.xpath: //div[@class='aps-map__custom-marker']' in '5' second(s)

2018-03-13 11:09:22 - [TEST_STEP][PASSED] - Statement - For ([i = 0, i < wes.size(), (i++)]): null

2018-03-13 11:09:22 - [TEST_STEP][PASSED] - Statement - el = wes.get(i): null

2018-03-13 11:09:22 - [TEST_STEP][PASSED] - Statement - text = el.getCssValue("background-image"): null

2018-03-13 11:09:23 - [TEST_STEP][PASSED] - Statement - If (!(text.contains("psd_bank.png"))): null

2018-03-13 11:09:23 - [TEST_STEP][PASSED] - Statement - el = wes.get(i): null

2018-03-13 11:09:23 - [TEST_STEP][PASSED] - Statement - text = el.getCssValue("background-image"): null

2018-03-13 11:09:23 - [TEST_STEP][PASSED] - Statement - If (!(text.contains("psd_bank.png"))): null

2018-03-13 11:09:23 - [TEST_STEP][PASSED] - Statement - el = wes.get(i): null

2018-03-13 11:09:23 - [TEST_STEP][PASSED] - Statement - text = el.getCssValue("background-image"): null

2018-03-13 11:09:23 - [TEST_STEP][PASSED] - Statement - If (!(text.contains("psd_bank.png"))): null

2018-03-13 11:09:23 - [TEST_STEP][PASSED] - Statement - el = wes.get(i): null

2018-03-13 11:09:23 - [TEST_STEP][PASSED] - Statement - text = el.getCssValue("background-image"): null

2018-03-13 11:09:23 - [TEST_STEP][PASSED] - Statement - If (!(text.contains("psd_bank.png"))): null

2018-03-13 11:09:23 - [TEST_STEP][PASSED] - Statement - el = wes.get(i): null

2018-03-13 11:09:23 - [TEST_STEP][PASSED] - Statement - text = el.getCssValue("background-image"): null

2018-03-13 11:09:23 - [TEST_STEP][PASSED] - Statement - If (!(text.contains("psd_bank.png"))): null

2018-03-13 11:09:23 - [TEST_STEP][PASSED] - Statement - el = wes.get(i): null

2018-03-13 11:09:23 - [TEST_STEP][PASSED] - Statement - text = el.getCssValue("background-image"): null

2018-03-13 11:09:23 - [TEST_STEP][PASSED] - Statement - If (!(text.contains("psd_bank.png"))): null

2018-03-13 11:09:23 - [TEST_STEP][PASSED] - Statement - el = wes.get(i): null

2018-03-13 11:09:23 - [TEST_STEP][PASSED] - Statement - text = el.getCssValue("background-image"): null

2018-03-13 11:09:23 - [TEST_STEP][PASSED] - Statement - If (!(text.contains("psd_bank.png"))): null

2018-03-13 11:09:23 - [TEST_STEP][PASSED] - Statement - el = wes.get(i): null

2018-03-13 11:09:23 - [TEST_STEP][PASSED] - Statement - text = el.getCssValue("background-image"): null

2018-03-13 11:09:23 - [TEST_STEP][PASSED] - Statement - If (!(text.contains("psd_bank.png"))): null

2018-03-13 11:09:23 - [TEST_STEP][PASSED] - Statement - el = wes.get(i): null

2018-03-13 11:09:23 - [TEST_STEP][PASSED] - Statement - text = el.getCssValue("background-image"): null

2018-03-13 11:09:23 - [TEST_STEP][PASSED] - Statement - If (!(text.contains("psd_bank.png"))): null

2018-03-13 11:09:23 - [TEST_STEP][PASSED] - Statement - el = wes.get(i): null

2018-03-13 11:09:23 - [TEST_STEP][PASSED] - Statement - text = el.getCssValue("background-image"): null

2018-03-13 11:09:23 - [TEST_STEP][PASSED] - Statement - If (!(text.contains("psd_bank.png"))): null

2018-03-13 11:09:23 - [TEST_STEP][PASSED] - closeBrowser: Browser is closed

2018-03-13 11:09:23 - [MESSAGE][PASSED] - Browser is closed]]></system-out>
         <system-err><![CDATA[]]></system-err>
      </testcase>
      <system-out><![CDATA[2018-03-13 10:44:53 - [TEST_SUITE][FAILED] - Prototyp Filialsuche (RC18) 13_03_2018: Test Cases/Prototyp_Filialsuche (RC 18)/18_Testfall FAILED because (of) Unable to move mouse over object 'Object Repository/002/Page_Filialsuche-rotenburg - BVR HT/div_Bad Hersfeld' (Root cause: com.kms.katalon.core.webui.exception.WebElementNotFoundException: Web element with id: 'Object Repository/002/Page_Filialsuche-rotenburg - BVR HT/div_Bad Hersfeld' located by 'By.xpath: //div[@id = 'ui-id-5' and (text() = 'Bad Hersfeld' or . = 'Bad Hersfeld')]' not found)]]></system-out>
      <system-err><![CDATA[2018-03-13 10:44:53 - [TEST_SUITE][FAILED] - Prototyp Filialsuche (RC18) 13_03_2018: Test Cases/Prototyp_Filialsuche (RC 18)/18_Testfall FAILED because (of) Unable to move mouse over object 'Object Repository/002/Page_Filialsuche-rotenburg - BVR HT/div_Bad Hersfeld' (Root cause: com.kms.katalon.core.webui.exception.WebElementNotFoundException: Web element with id: 'Object Repository/002/Page_Filialsuche-rotenburg - BVR HT/div_Bad Hersfeld' located by 'By.xpath: //div[@id = 'ui-id-5' and (text() = 'Bad Hersfeld' or . = 'Bad Hersfeld')]' not found)]]></system-err>
   </testsuite>
</testsuites>
