<?xml version="1.0" encoding="UTF-8"?>
<testsuites name="Prototyp Filialsuche (RC18) 13_03_2018" time="1180" tests="46" failures="17" errors="0">
   <testsuite name="Prototyp Filialsuche (RC18) 13_03_2018" tests="46" failures="17" errors="0" time="1180" timestamp="2018-03-20 09:14:46" hostname="lbut - 192.168.0.4" id="Test Suites/Prototyp Filialsuche (RC18) 13_03_2018">
      <properties>
[...]
</properties>
      <testcase name="Test Cases/Prototyp_Filialsuche (RC 18)/01_Testfall" classname="Test Cases/Prototyp_Filialsuche (RC 18)/01_Testfall" status="PASSED">
         <system-out><![CDATA[2018-03-20 09:14:46 - [TEST_CASE][PASSED] - Test Cases/Prototyp_Filialsuche (RC 18)/01_Testfall: Test Cases/Prototyp_Filialsuche (RC 18)/01_Testfall

2018-03-20 09:14:47 - [TEST_STEP][PASSED] - openBrowser: Browser is opened with url: ''

2018-03-20 09:15:03 - [MESSAGE][PASSED] - Browser is opened with url: ''

2018-03-20 09:15:03 - [TEST_STEP][PASSED] - deleteAllCookies: Delete all cookies successfully

2018-03-20 09:15:03 - [MESSAGE][PASSED] - Delete all cookies successfully

2018-03-20 09:15:03 - [TEST_STEP][PASSED] - maximizeWindow: Current window maximized

2018-03-20 09:15:03 - [MESSAGE][PASSED] - Current window maximized

2018-03-20 09:15:03 - [TEST_STEP][PASSED] - navigateToUrl: Navigate to 'http://rc-ogrhtmlprototyp.testintern/18-1-0/filialsuche.html' successfully

2018-03-20 09:15:04 - [MESSAGE][PASSED] - Navigate to 'http://rc-ogrhtmlprototyp.testintern/18-1-0/filialsuche.html' successfully

2018-03-20 09:15:04 - [TEST_STEP][PASSED] - delay: Delayed 5 second(s)

2018-03-20 09:15:09 - [MESSAGE][PASSED] - Delayed 5 second(s)

2018-03-20 09:15:09 - [TEST_STEP][PASSED] - Statement - wes = com.kms.katalon.core.webui.common.WebUiCommonHelper.findWebElements(com.kms.katalon.core.testobject.ObjectRepository.findTestObject(filial_map), 5): Found 61 web elements with id: 'Object Repository/filial_map' located by 'By.xpath: //div[@class='aps-map__custom-marker']' in '5' second(s)

2018-03-20 09:15:09 - [TEST_STEP][PASSED] - Statement - For ([i = 0, i < wes.size(), (i++)]): null

2018-03-20 09:15:09 - [TEST_STEP][PASSED] - Statement - el = wes.get(i): null

2018-03-20 09:15:09 - [TEST_STEP][PASSED] - Statement - If (!(el.isDisplayed())): null

2018-03-20 09:15:10 - [TEST_STEP][PASSED] - Statement - el = wes.get(i): null

2018-03-20 09:15:10 - [TEST_STEP][PASSED] - Statement - If (!(el.isDisplayed())): null

2018-03-20 09:15:10 - [TEST_STEP][PASSED] - Statement - el = wes.get(i): null

2018-03-20 09:15:10 - [TEST_STEP][PASSED] - Statement - If (!(el.isDisplayed())): null

2018-03-20 09:15:10 - [TEST_STEP][PASSED] - Statement - el = wes.get(i): null

2018-03-20 09:15:10 - [TEST_STEP][PASSED] - Statement - If (!(el.isDisplayed())): null

2018-03-20 09:15:10 - [TEST_STEP][PASSED] - Statement - el = wes.get(i): null

2018-03-20 09:15:10 - [TEST_STEP][PASSED] - Statement - If (!(el.isDisplayed())): null

2018-03-20 09:15:10 - [TEST_STEP][PASSED] - Statement - el = wes.get(i): null

2018-03-20 09:15:10 - [TEST_STEP][PASSED] - Statement - If (!(el.isDisplayed())): null

2018-03-20 09:15:10 - [TEST_STEP][PASSED] - Statement - el = wes.get(i): null

2018-03-20 09:15:10 - [TEST_STEP][PASSED] - Statement - If (!(el.isDisplayed())): null

2018-03-20 09:15:10 - [TEST_STEP][PASSED] - Statement - el = wes.get(i): null

2018-03-20 09:15:10 - [TEST_STEP][PASSED] - Statement - If (!(el.isDisplayed())): null

2018-03-20 09:15:10 - [TEST_STEP][PASSED] - Statement - el = wes.get(i): null

2018-03-20 09:15:10 - [TEST_STEP][PASSED] - Statement - If (!(el.isDisplayed())): null

2018-03-20 09:15:10 - [TEST_STEP][PASSED] - Statement - el = wes.get(i): null

2018-03-20 09:15:10 - [TEST_STEP][PASSED] - Statement - If (!(el.isDisplayed())): null

2018-03-20 09:15:10 - [TEST_STEP][PASSED] - Statement - el = wes.get(i): null

2018-03-20 09:15:10 - [TEST_STEP][PASSED] - Statement - If (!(el.isDisplayed())): null

2018-03-20 09:15:10 - [TEST_STEP][PASSED] - Statement - el = wes.get(i): null

2018-03-20 09:15:10 - [TEST_STEP][PASSED] - Statement - If (!(el.isDisplayed())): null

2018-03-20 09:15:10 - [TEST_STEP][PASSED] - Statement - el = wes.get(i): null

2018-03-20 09:15:10 - [TEST_STEP][PASSED] - Statement - If (!(el.isDisplayed())): null

2018-03-20 09:15:10 - [TEST_STEP][PASSED] - Statement - el = wes.get(i): null

2018-03-20 09:15:10 - [TEST_STEP][PASSED] - Statement - If (!(el.isDisplayed())): null

2018-03-20 09:15:10 - [TEST_STEP][PASSED] - Statement - el = wes.get(i): null

2018-03-20 09:15:10 - [TEST_STEP][PASSED] - Statement - If (!(el.isDisplayed())): null

2018-03-20 09:15:10 - [TEST_STEP][PASSED] - Statement - el = wes.get(i): null

2018-03-20 09:15:10 - [TEST_STEP][PASSED] - Statement - If (!(el.isDisplayed())): null

2018-03-20 09:15:10 - [TEST_STEP][PASSED] - Statement - el = wes.get(i): null

2018-03-20 09:15:10 - [TEST_STEP][PASSED] - Statement - If (!(el.isDisplayed())): null

2018-03-20 09:15:10 - [TEST_STEP][PASSED] - Statement - el = wes.get(i): null

2018-03-20 09:15:10 - [TEST_STEP][PASSED] - Statement - If (!(el.isDisplayed())): null

2018-03-20 09:15:10 - [TEST_STEP][PASSED] - Statement - el = wes.get(i): null

2018-03-20 09:15:10 - [TEST_STEP][PASSED] - Statement - If (!(el.isDisplayed())): null

2018-03-20 09:15:10 - [TEST_STEP][PASSED] - Statement - el = wes.get(i): null

2018-03-20 09:15:10 - [TEST_STEP][PASSED] - Statement - If (!(el.isDisplayed())): null

2018-03-20 09:15:10 - [TEST_STEP][PASSED] - Statement - el = wes.get(i): null

2018-03-20 09:15:10 - [TEST_STEP][PASSED] - Statement - If (!(el.isDisplayed())): null

2018-03-20 09:15:10 - [TEST_STEP][PASSED] - Statement - el = wes.get(i): null

2018-03-20 09:15:10 - [TEST_STEP][PASSED] - Statement - If (!(el.isDisplayed())): null

2018-03-20 09:15:10 - [TEST_STEP][PASSED] - Statement - el = wes.get(i): null

2018-03-20 09:15:10 - [TEST_STEP][PASSED] - Statement - If (!(el.isDisplayed())): null

2018-03-20 09:15:10 - [TEST_STEP][PASSED] - Statement - el = wes.get(i): null

2018-03-20 09:15:10 - [TEST_STEP][PASSED] - Statement - If (!(el.isDisplayed())): null

2018-03-20 09:15:10 - [TEST_STEP][PASSED] - Statement - el = wes.get(i): null

2018-03-20 09:15:10 - [TEST_STEP][PASSED] - Statement - If (!(el.isDisplayed())): null

2018-03-20 09:15:10 - [TEST_STEP][PASSED] - Statement - el = wes.get(i): null

2018-03-20 09:15:10 - [TEST_STEP][PASSED] - Statement - If (!(el.isDisplayed())): null

2018-03-20 09:15:10 - [TEST_STEP][PASSED] - Statement - el = wes.get(i): null

2018-03-20 09:15:10 - [TEST_STEP][PASSED] - Statement - If (!(el.isDisplayed())): null

2018-03-20 09:15:10 - [TEST_STEP][PASSED] - Statement - el = wes.get(i): null

2018-03-20 09:15:10 - [TEST_STEP][PASSED] - Statement - If (!(el.isDisplayed())): null

2018-03-20 09:15:10 - [TEST_STEP][PASSED] - Statement - el = wes.get(i): null

2018-03-20 09:15:10 - [TEST_STEP][PASSED] - Statement - If (!(el.isDisplayed())): null

2018-03-20 09:15:10 - [TEST_STEP][PASSED] - Statement - el = wes.get(i): null

2018-03-20 09:15:10 - [TEST_STEP][PASSED] - Statement - If (!(el.isDisplayed())): null

2018-03-20 09:15:10 - [TEST_STEP][PASSED] - Statement - el = wes.get(i): null

2018-03-20 09:15:10 - [TEST_STEP][PASSED] - Statement - If (!(el.isDisplayed())): null

2018-03-20 09:15:10 - [TEST_STEP][PASSED] - Statement - el = wes.get(i): null

2018-03-20 09:15:10 - [TEST_STEP][PASSED] - Statement - If (!(el.isDisplayed())): null

2018-03-20 09:15:10 - [TEST_STEP][PASSED] - Statement - el = wes.get(i): null

2018-03-20 09:15:10 - [TEST_STEP][PASSED] - Statement - If (!(el.isDisplayed())): null

2018-03-20 09:15:10 - [TEST_STEP][PASSED] - Statement - el = wes.get(i): null

2018-03-20 09:15:10 - [TEST_STEP][PASSED] - Statement - If (!(el.isDisplayed())): null

2018-03-20 09:15:10 - [TEST_STEP][PASSED] - Statement - el = wes.get(i): null

2018-03-20 09:15:10 - [TEST_STEP][PASSED] - Statement - If (!(el.isDisplayed())): null

2018-03-20 09:15:10 - [TEST_STEP][PASSED] - Statement - el = wes.get(i): null

2018-03-20 09:15:10 - [TEST_STEP][PASSED] - Statement - If (!(el.isDisplayed())): null

2018-03-20 09:15:10 - [TEST_STEP][PASSED] - Statement - el = wes.get(i): null

2018-03-20 09:15:10 - [TEST_STEP][PASSED] - Statement - If (!(el.isDisplayed())): null

2018-03-20 09:15:10 - [TEST_STEP][PASSED] - Statement - el = wes.get(i): null

2018-03-20 09:15:10 - [TEST_STEP][PASSED] - Statement - If (!(el.isDisplayed())): null

2018-03-20 09:15:10 - [TEST_STEP][PASSED] - Statement - el = wes.get(i): null

2018-03-20 09:15:10 - [TEST_STEP][PASSED] - Statement - If (!(el.isDisplayed())): null

2018-03-20 09:15:10 - [TEST_STEP][PASSED] - Statement - el = wes.get(i): null

2018-03-20 09:15:10 - [TEST_STEP][PASSED] - Statement - If (!(el.isDisplayed())): null

2018-03-20 09:15:10 - [TEST_STEP][PASSED] - Statement - el = wes.get(i): null

2018-03-20 09:15:10 - [TEST_STEP][PASSED] - Statement - If (!(el.isDisplayed())): null

2018-03-20 09:15:10 - [TEST_STEP][PASSED] - Statement - el = wes.get(i): null

2018-03-20 09:15:10 - [TEST_STEP][PASSED] - Statement - If (!(el.isDisplayed())): null

2018-03-20 09:15:10 - [TEST_STEP][PASSED] - Statement - el = wes.get(i): null

2018-03-20 09:15:10 - [TEST_STEP][PASSED] - Statement - If (!(el.isDisplayed())): null

2018-03-20 09:15:10 - [TEST_STEP][PASSED] - Statement - el = wes.get(i): null

2018-03-20 09:15:10 - [TEST_STEP][PASSED] - Statement - If (!(el.isDisplayed())): null

2018-03-20 09:15:10 - [TEST_STEP][PASSED] - Statement - el = wes.get(i): null

2018-03-20 09:15:10 - [TEST_STEP][PASSED] - Statement - If (!(el.isDisplayed())): null

2018-03-20 09:15:10 - [TEST_STEP][PASSED] - Statement - el = wes.get(i): null

2018-03-20 09:15:10 - [TEST_STEP][PASSED] - Statement - If (!(el.isDisplayed())): null

2018-03-20 09:15:10 - [TEST_STEP][PASSED] - Statement - el = wes.get(i): null

2018-03-20 09:15:10 - [TEST_STEP][PASSED] - Statement - If (!(el.isDisplayed())): null

2018-03-20 09:15:10 - [TEST_STEP][PASSED] - Statement - el = wes.get(i): null

2018-03-20 09:15:10 - [TEST_STEP][PASSED] - Statement - If (!(el.isDisplayed())): null

2018-03-20 09:15:10 - [TEST_STEP][PASSED] - Statement - el = wes.get(i): null

2018-03-20 09:15:10 - [TEST_STEP][PASSED] - Statement - If (!(el.isDisplayed())): null

2018-03-20 09:15:10 - [TEST_STEP][PASSED] - Statement - el = wes.get(i): null

2018-03-20 09:15:10 - [TEST_STEP][PASSED] - Statement - If (!(el.isDisplayed())): null

2018-03-20 09:15:10 - [TEST_STEP][PASSED] - Statement - el = wes.get(i): null

2018-03-20 09:15:10 - [TEST_STEP][PASSED] - Statement - If (!(el.isDisplayed())): null

2018-03-20 09:15:10 - [TEST_STEP][PASSED] - Statement - el = wes.get(i): null

2018-03-20 09:15:10 - [TEST_STEP][PASSED] - Statement - If (!(el.isDisplayed())): null

2018-03-20 09:15:10 - [TEST_STEP][PASSED] - Statement - el = wes.get(i): null

2018-03-20 09:15:10 - [TEST_STEP][PASSED] - Statement - If (!(el.isDisplayed())): null

2018-03-20 09:15:10 - [TEST_STEP][PASSED] - Statement - el = wes.get(i): null

2018-03-20 09:15:10 - [TEST_STEP][PASSED] - Statement - If (!(el.isDisplayed())): null

2018-03-20 09:15:10 - [TEST_STEP][PASSED] - Statement - el = wes.get(i): null

2018-03-20 09:15:10 - [TEST_STEP][PASSED] - Statement - If (!(el.isDisplayed())): null

2018-03-20 09:15:10 - [TEST_STEP][PASSED] - Statement - el = wes.get(i): null

2018-03-20 09:15:10 - [TEST_STEP][PASSED] - Statement - If (!(el.isDisplayed())): null

2018-03-20 09:15:10 - [TEST_STEP][PASSED] - Statement - el = wes.get(i): null

2018-03-20 09:15:10 - [TEST_STEP][PASSED] - Statement - If (!(el.isDisplayed())): null

2018-03-20 09:15:10 - [TEST_STEP][PASSED] - Statement - el = wes.get(i): null

2018-03-20 09:15:10 - [TEST_STEP][PASSED] - Statement - If (!(el.isDisplayed())): null

2018-03-20 09:15:10 - [TEST_STEP][PASSED] - Statement - el = wes.get(i): null

2018-03-20 09:15:10 - [TEST_STEP][PASSED] - Statement - If (!(el.isDisplayed())): null

2018-03-20 09:15:10 - [TEST_STEP][PASSED] - Statement - el = wes.get(i): null

2018-03-20 09:15:10 - [TEST_STEP][PASSED] - Statement - If (!(el.isDisplayed())): null

2018-03-20 09:15:10 - [TEST_STEP][PASSED] - Statement - el = wes.get(i): null

2018-03-20 09:15:10 - [TEST_STEP][PASSED] - Statement - If (!(el.isDisplayed())): null

2018-03-20 09:15:10 - [TEST_STEP][PASSED] - closeBrowser: Browser is closed

2018-03-20 09:15:11 - [MESSAGE][PASSED] - Browser is closed]]></system-out>
         <system-err><![CDATA[]]></system-err>
      </testcase>
      <testcase name="Test Cases/Prototyp_Filialsuche (RC 18)/02_Testfall" classname="Test Cases/Prototyp_Filialsuche (RC 18)/02_Testfall" status="PASSED">
         <system-out><![CDATA[2018-03-20 09:15:11 - [TEST_CASE][PASSED] - Test Cases/Prototyp_Filialsuche (RC 18)/02_Testfall: Test Cases/Prototyp_Filialsuche (RC 18)/02_Testfall

2018-03-20 09:15:11 - [TEST_STEP][PASSED] - openBrowser: Browser is opened with url: ''

2018-03-20 09:15:14 - [MESSAGE][PASSED] - Browser is opened with url: ''

2018-03-20 09:15:14 - [TEST_STEP][PASSED] - deleteAllCookies: Delete all cookies successfully

2018-03-20 09:15:14 - [MESSAGE][PASSED] - Delete all cookies successfully

2018-03-20 09:15:14 - [TEST_STEP][PASSED] - maximizeWindow: Current window maximized

2018-03-20 09:15:14 - [MESSAGE][PASSED] - Current window maximized

2018-03-20 09:15:14 - [TEST_STEP][PASSED] - navigateToUrl: Navigate to 'http://rc-ogrhtmlprototyp.testintern/18-1-0/filialsuche-wangen.html' successfully

2018-03-20 09:15:17 - [MESSAGE][PASSED] - Navigate to 'http://rc-ogrhtmlprototyp.testintern/18-1-0/filialsuche-wangen.html' successfully

2018-03-20 09:15:17 - [TEST_STEP][PASSED] - delay: Delayed 5 second(s)

2018-03-20 09:15:22 - [MESSAGE][PASSED] - Delayed 5 second(s)

2018-03-20 09:15:22 - [TEST_STEP][PASSED] - Statement - wes = com.kms.katalon.core.webui.common.WebUiCommonHelper.findWebElements(com.kms.katalon.core.testobject.ObjectRepository.findTestObject(filial_map), 5): Found 4 web elements with id: 'Object Repository/filial_map' located by 'By.xpath: //div[@class='aps-map__custom-marker']' in '5' second(s)

2018-03-20 09:15:22 - [TEST_STEP][PASSED] - Statement - For ([i = 0, i < wes.size(), (i++)]): null

2018-03-20 09:15:22 - [TEST_STEP][PASSED] - Statement - el = wes.get(i): null

2018-03-20 09:15:22 - [TEST_STEP][PASSED] - Statement - If (!(el.isDisplayed())): null

2018-03-20 09:15:22 - [TEST_STEP][PASSED] - Statement - el = wes.get(i): null

2018-03-20 09:15:22 - [TEST_STEP][PASSED] - Statement - If (!(el.isDisplayed())): null

2018-03-20 09:15:22 - [TEST_STEP][PASSED] - Statement - el = wes.get(i): null

2018-03-20 09:15:22 - [TEST_STEP][PASSED] - Statement - If (!(el.isDisplayed())): null

2018-03-20 09:15:22 - [TEST_STEP][PASSED] - Statement - el = wes.get(i): null

2018-03-20 09:15:22 - [TEST_STEP][PASSED] - Statement - If (!(el.isDisplayed())): null

2018-03-20 09:15:22 - [TEST_STEP][PASSED] - closeBrowser: Browser is closed

2018-03-20 09:15:22 - [MESSAGE][PASSED] - Browser is closed]]></system-out>
         <system-err><![CDATA[]]></system-err>
      </testcase>
      <testcase name="Test Cases/Prototyp_Filialsuche (RC 18)/03_Testfall" classname="Test Cases/Prototyp_Filialsuche (RC 18)/03_Testfall" status="PASSED">
         <system-out><![CDATA[2018-03-20 09:15:22 - [TEST_CASE][PASSED] - Test Cases/Prototyp_Filialsuche (RC 18)/03_Testfall: Test Cases/Prototyp_Filialsuche (RC 18)/03_Testfall

2018-03-20 09:15:23 - [TEST_STEP][PASSED] - openBrowser: Browser is opened with url: ''

2018-03-20 09:15:25 - [MESSAGE][PASSED] - Browser is opened with url: ''

2018-03-20 09:15:25 - [TEST_STEP][PASSED] - deleteAllCookies: Delete all cookies successfully

2018-03-20 09:15:25 - [MESSAGE][PASSED] - Delete all cookies successfully

2018-03-20 09:15:25 - [TEST_STEP][PASSED] - maximizeWindow: Current window maximized

2018-03-20 09:15:25 - [MESSAGE][PASSED] - Current window maximized

2018-03-20 09:15:25 - [TEST_STEP][PASSED] - navigateToUrl: Navigate to 'http://rc-ogrhtmlprototyp.testintern/18-1-0/filialsuche-rotenburg.html' successfully

2018-03-20 09:15:30 - [MESSAGE][PASSED] - Navigate to 'http://rc-ogrhtmlprototyp.testintern/18-1-0/filialsuche-rotenburg.html' successfully

2018-03-20 09:15:30 - [TEST_STEP][PASSED] - delay: Delayed 5 second(s)

2018-03-20 09:15:35 - [MESSAGE][PASSED] - Delayed 5 second(s)

2018-03-20 09:15:35 - [TEST_STEP][PASSED] - Statement - wes = com.kms.katalon.core.webui.common.WebUiCommonHelper.findWebElements(com.kms.katalon.core.testobject.ObjectRepository.findTestObject(filial_map), 5): Found 19 web elements with id: 'Object Repository/filial_map' located by 'By.xpath: //div[@class='aps-map__custom-marker']' in '5' second(s)

2018-03-20 09:15:35 - [TEST_STEP][PASSED] - Statement - For ([i = 0, i < wes.size(), (i++)]): null

2018-03-20 09:15:35 - [TEST_STEP][PASSED] - Statement - el = wes.get(i): null

2018-03-20 09:15:35 - [TEST_STEP][PASSED] - Statement - If (!(el.isDisplayed())): null

2018-03-20 09:15:35 - [TEST_STEP][PASSED] - Statement - el = wes.get(i): null

2018-03-20 09:15:35 - [TEST_STEP][PASSED] - Statement - If (!(el.isDisplayed())): null

2018-03-20 09:15:35 - [TEST_STEP][PASSED] - Statement - el = wes.get(i): null

2018-03-20 09:15:35 - [TEST_STEP][PASSED] - Statement - If (!(el.isDisplayed())): null

2018-03-20 09:15:35 - [TEST_STEP][PASSED] - Statement - el = wes.get(i): null

2018-03-20 09:15:35 - [TEST_STEP][PASSED] - Statement - If (!(el.isDisplayed())): null

2018-03-20 09:15:35 - [TEST_STEP][PASSED] - Statement - el = wes.get(i): null

2018-03-20 09:15:35 - [TEST_STEP][PASSED] - Statement - If (!(el.isDisplayed())): null

2018-03-20 09:15:35 - [TEST_STEP][PASSED] - Statement - el = wes.get(i): null

2018-03-20 09:15:35 - [TEST_STEP][PASSED] - Statement - If (!(el.isDisplayed())): null

2018-03-20 09:15:35 - [TEST_STEP][PASSED] - Statement - el = wes.get(i): null

2018-03-20 09:15:35 - [TEST_STEP][PASSED] - Statement - If (!(el.isDisplayed())): null

2018-03-20 09:15:35 - [TEST_STEP][PASSED] - Statement - el = wes.get(i): null

2018-03-20 09:15:35 - [TEST_STEP][PASSED] - Statement - If (!(el.isDisplayed())): null

2018-03-20 09:15:35 - [TEST_STEP][PASSED] - Statement - el = wes.get(i): null

2018-03-20 09:15:35 - [TEST_STEP][PASSED] - Statement - If (!(el.isDisplayed())): null

2018-03-20 09:15:35 - [TEST_STEP][PASSED] - Statement - el = wes.get(i): null

2018-03-20 09:15:35 - [TEST_STEP][PASSED] - Statement - If (!(el.isDisplayed())): null

2018-03-20 09:15:35 - [TEST_STEP][PASSED] - Statement - el = wes.get(i): null

2018-03-20 09:15:35 - [TEST_STEP][PASSED] - Statement - If (!(el.isDisplayed())): null

2018-03-20 09:15:35 - [TEST_STEP][PASSED] - Statement - el = wes.get(i): null

2018-03-20 09:15:35 - [TEST_STEP][PASSED] - Statement - If (!(el.isDisplayed())): null

2018-03-20 09:15:35 - [TEST_STEP][PASSED] - Statement - el = wes.get(i): null

2018-03-20 09:15:35 - [TEST_STEP][PASSED] - Statement - If (!(el.isDisplayed())): null

2018-03-20 09:15:35 - [TEST_STEP][PASSED] - Statement - el = wes.get(i): null

2018-03-20 09:15:35 - [TEST_STEP][PASSED] - Statement - If (!(el.isDisplayed())): null

2018-03-20 09:15:35 - [TEST_STEP][PASSED] - Statement - el = wes.get(i): null

2018-03-20 09:15:35 - [TEST_STEP][PASSED] - Statement - If (!(el.isDisplayed())): null

2018-03-20 09:15:35 - [TEST_STEP][PASSED] - Statement - el = wes.get(i): null

2018-03-20 09:15:35 - [TEST_STEP][PASSED] - Statement - If (!(el.isDisplayed())): null

2018-03-20 09:15:35 - [TEST_STEP][PASSED] - Statement - el = wes.get(i): null

2018-03-20 09:15:35 - [TEST_STEP][PASSED] - Statement - If (!(el.isDisplayed())): null

2018-03-20 09:15:35 - [TEST_STEP][PASSED] - Statement - el = wes.get(i): null

2018-03-20 09:15:35 - [TEST_STEP][PASSED] - Statement - If (!(el.isDisplayed())): null

2018-03-20 09:15:35 - [TEST_STEP][PASSED] - Statement - el = wes.get(i): null

2018-03-20 09:15:35 - [TEST_STEP][PASSED] - Statement - If (!(el.isDisplayed())): null

2018-03-20 09:15:35 - [TEST_STEP][PASSED] - closeBrowser: Browser is closed

2018-03-20 09:15:35 - [MESSAGE][PASSED] - Browser is closed]]></system-out>
         <system-err><![CDATA[]]></system-err>
      </testcase>
      <testcase name="Test Cases/Prototyp_Filialsuche (RC 18)/04_Testfall" classname="Test Cases/Prototyp_Filialsuche (RC 18)/04_Testfall" status="PASSED">
         <system-out><![CDATA[2018-03-20 09:15:35 - [TEST_CASE][PASSED] - Test Cases/Prototyp_Filialsuche (RC 18)/04_Testfall: Test Cases/Prototyp_Filialsuche (RC 18)/04_Testfall

2018-03-20 09:15:36 - [TEST_STEP][PASSED] - openBrowser: Browser is opened with url: ''

2018-03-20 09:15:38 - [MESSAGE][PASSED] - Browser is opened with url: ''

2018-03-20 09:15:38 - [TEST_STEP][PASSED] - deleteAllCookies: Delete all cookies successfully

2018-03-20 09:15:38 - [MESSAGE][PASSED] - Delete all cookies successfully

2018-03-20 09:15:38 - [TEST_STEP][PASSED] - maximizeWindow: Current window maximized

2018-03-20 09:15:38 - [MESSAGE][PASSED] - Current window maximized

2018-03-20 09:15:38 - [TEST_STEP][PASSED] - navigateToUrl: Navigate to 'http://rc-ogrhtmlprototyp.testintern/18-1-0/filialsuche-nuernberg.html' successfully

2018-03-20 09:15:40 - [MESSAGE][PASSED] - Navigate to 'http://rc-ogrhtmlprototyp.testintern/18-1-0/filialsuche-nuernberg.html' successfully

2018-03-20 09:15:40 - [TEST_STEP][PASSED] - delay: Delayed 5 second(s)

2018-03-20 09:15:45 - [MESSAGE][PASSED] - Delayed 5 second(s)

2018-03-20 09:15:45 - [TEST_STEP][PASSED] - Statement - wes = com.kms.katalon.core.webui.common.WebUiCommonHelper.findWebElements(com.kms.katalon.core.testobject.ObjectRepository.findTestObject(filial_map), 5): Found 10 web elements with id: 'Object Repository/filial_map' located by 'By.xpath: //div[@class='aps-map__custom-marker']' in '5' second(s)

2018-03-20 09:15:45 - [TEST_STEP][PASSED] - Statement - For ([i = 0, i < wes.size(), (i++)]): null

2018-03-20 09:15:45 - [TEST_STEP][PASSED] - Statement - el = wes.get(i): null

2018-03-20 09:15:45 - [TEST_STEP][PASSED] - Statement - If (!(el.isDisplayed())): null

2018-03-20 09:15:45 - [TEST_STEP][PASSED] - Statement - el = wes.get(i): null

2018-03-20 09:15:45 - [TEST_STEP][PASSED] - Statement - If (!(el.isDisplayed())): null

2018-03-20 09:15:45 - [TEST_STEP][PASSED] - Statement - el = wes.get(i): null

2018-03-20 09:15:45 - [TEST_STEP][PASSED] - Statement - If (!(el.isDisplayed())): null

2018-03-20 09:15:45 - [TEST_STEP][PASSED] - Statement - el = wes.get(i): null

2018-03-20 09:15:45 - [TEST_STEP][PASSED] - Statement - If (!(el.isDisplayed())): null

2018-03-20 09:15:45 - [TEST_STEP][PASSED] - Statement - el = wes.get(i): null

2018-03-20 09:15:45 - [TEST_STEP][PASSED] - Statement - If (!(el.isDisplayed())): null

2018-03-20 09:15:45 - [TEST_STEP][PASSED] - Statement - el = wes.get(i): null

2018-03-20 09:15:45 - [TEST_STEP][PASSED] - Statement - If (!(el.isDisplayed())): null

2018-03-20 09:15:45 - [TEST_STEP][PASSED] - Statement - el = wes.get(i): null

2018-03-20 09:15:45 - [TEST_STEP][PASSED] - Statement - If (!(el.isDisplayed())): null

2018-03-20 09:15:45 - [TEST_STEP][PASSED] - Statement - el = wes.get(i): null

2018-03-20 09:15:45 - [TEST_STEP][PASSED] - Statement - If (!(el.isDisplayed())): null

2018-03-20 09:15:45 - [TEST_STEP][PASSED] - Statement - el = wes.get(i): null

2018-03-20 09:15:45 - [TEST_STEP][PASSED] - Statement - If (!(el.isDisplayed())): null

2018-03-20 09:15:45 - [TEST_STEP][PASSED] - Statement - el = wes.get(i): null

2018-03-20 09:15:45 - [TEST_STEP][PASSED] - Statement - If (!(el.isDisplayed())): null

2018-03-20 09:15:45 - [TEST_STEP][PASSED] - closeBrowser: Browser is closed

2018-03-20 09:15:45 - [MESSAGE][PASSED] - Browser is closed]]></system-out>
         <system-err><![CDATA[]]></system-err>
      </testcase>
      <testcase name="Test Cases/Prototyp_Filialsuche (RC 18)/05_Testfall" classname="Test Cases/Prototyp_Filialsuche (RC 18)/05_Testfall" status="PASSED">
         <system-out><![CDATA[2018-03-20 09:15:45 - [TEST_CASE][PASSED] - Test Cases/Prototyp_Filialsuche (RC 18)/05_Testfall: Test Cases/Prototyp_Filialsuche (RC 18)/05_Testfall

2018-03-20 09:15:46 - [TEST_STEP][PASSED] - openBrowser: Browser is opened with url: ''

2018-03-20 09:15:48 - [MESSAGE][PASSED] - Browser is opened with url: ''

2018-03-20 09:15:48 - [TEST_STEP][PASSED] - maximizeWindow: Current window maximized

2018-03-20 09:15:48 - [MESSAGE][PASSED] - Current window maximized

2018-03-20 09:15:48 - [TEST_STEP][PASSED] - deleteAllCookies: Delete all cookies successfully

2018-03-20 09:15:48 - [MESSAGE][PASSED] - Delete all cookies successfully

2018-03-20 09:15:48 - [TEST_STEP][PASSED] - navigateToUrl: Navigate to 'http://rc-ogrhtmlprototyp.testintern/18-1-0/filialsuche.html' successfully

2018-03-20 09:15:50 - [MESSAGE][PASSED] - Navigate to 'http://rc-ogrhtmlprototyp.testintern/18-1-0/filialsuche.html' successfully

2018-03-20 09:15:50 - [TEST_STEP][PASSED] - delay: Delayed 5 second(s)

2018-03-20 09:15:55 - [MESSAGE][PASSED] - Delayed 5 second(s)

2018-03-20 09:15:55 - [TEST_STEP][PASSED] - verifyElementNotPresent: Web element with id: 'Object Repository/Akkordeon_plus_filialsuche' located by 'By.xpath: //a[@class='acc-header acc-header--open']' is not present after '5' second(s)

2018-03-20 09:16:00 - [MESSAGE][PASSED] - Web element with id: 'Object Repository/Akkordeon_plus_filialsuche' located by 'By.xpath: //a[@class='acc-header acc-header--open']' is not present after '5' second(s)

2018-03-20 09:16:00 - [TEST_STEP][PASSED] - closeBrowser: Browser is closed

2018-03-20 09:16:00 - [MESSAGE][PASSED] - Browser is closed]]></system-out>
         <system-err><![CDATA[]]></system-err>
      </testcase>
      <testcase name="Test Cases/Prototyp_Filialsuche (RC 18)/06_Testfall" classname="Test Cases/Prototyp_Filialsuche (RC 18)/06_Testfall" status="PASSED">
         <system-out><![CDATA[2018-03-20 09:16:00 - [TEST_CASE][PASSED] - Test Cases/Prototyp_Filialsuche (RC 18)/06_Testfall: Test Cases/Prototyp_Filialsuche (RC 18)/06_Testfall

2018-03-20 09:16:00 - [TEST_STEP][PASSED] - openBrowser: Browser is opened with url: ''

2018-03-20 09:16:03 - [MESSAGE][PASSED] - Browser is opened with url: ''

2018-03-20 09:16:03 - [TEST_STEP][PASSED] - maximizeWindow: Current window maximized

2018-03-20 09:16:03 - [MESSAGE][PASSED] - Current window maximized

2018-03-20 09:16:03 - [TEST_STEP][PASSED] - deleteAllCookies: Delete all cookies successfully

2018-03-20 09:16:03 - [MESSAGE][PASSED] - Delete all cookies successfully

2018-03-20 09:16:03 - [TEST_STEP][PASSED] - navigateToUrl: Navigate to 'http://rc-ogrhtmlprototyp.testintern/18-1-0/filialsuche-wangen.html' successfully

2018-03-20 09:16:04 - [MESSAGE][PASSED] - Navigate to 'http://rc-ogrhtmlprototyp.testintern/18-1-0/filialsuche-wangen.html' successfully

2018-03-20 09:16:04 - [TEST_STEP][PASSED] - delay: Delayed 5 second(s)

2018-03-20 09:16:09 - [MESSAGE][PASSED] - Delayed 5 second(s)

2018-03-20 09:16:09 - [TEST_STEP][PASSED] - verifyElementNotPresent: Web element with id: 'Object Repository/Akkordeon_plus_filialsuche' located by 'By.xpath: //a[@class='acc-header acc-header--open']' is not present after '5' second(s)

2018-03-20 09:16:09 - [MESSAGE][PASSED] - Web element with id: 'Object Repository/Akkordeon_plus_filialsuche' located by 'By.xpath: //a[@class='acc-header acc-header--open']' is not present after '5' second(s)

2018-03-20 09:16:09 - [TEST_STEP][PASSED] - closeBrowser: Browser is closed

2018-03-20 09:16:09 - [MESSAGE][PASSED] - Browser is closed]]></system-out>
         <system-err><![CDATA[]]></system-err>
      </testcase>
      <testcase name="Test Cases/Prototyp_Filialsuche (RC 18)/07_Testfall" classname="Test Cases/Prototyp_Filialsuche (RC 18)/07_Testfall" status="PASSED">
         <system-out><![CDATA[2018-03-20 09:16:09 - [TEST_CASE][PASSED] - Test Cases/Prototyp_Filialsuche (RC 18)/07_Testfall: Test Cases/Prototyp_Filialsuche (RC 18)/07_Testfall

2018-03-20 09:16:09 - [TEST_STEP][PASSED] - openBrowser: Browser is opened with url: ''

2018-03-20 09:16:12 - [MESSAGE][PASSED] - Browser is opened with url: ''

2018-03-20 09:16:12 - [TEST_STEP][PASSED] - maximizeWindow: Current window maximized

2018-03-20 09:16:12 - [MESSAGE][PASSED] - Current window maximized

2018-03-20 09:16:12 - [TEST_STEP][PASSED] - deleteAllCookies: Delete all cookies successfully

2018-03-20 09:16:12 - [MESSAGE][PASSED] - Delete all cookies successfully

2018-03-20 09:16:12 - [TEST_STEP][PASSED] - navigateToUrl: Navigate to 'http://rc-ogrhtmlprototyp.testintern/18-1-0/filialsuche-rotenburg.html' successfully

2018-03-20 09:16:13 - [MESSAGE][PASSED] - Navigate to 'http://rc-ogrhtmlprototyp.testintern/18-1-0/filialsuche-rotenburg.html' successfully

2018-03-20 09:16:13 - [TEST_STEP][PASSED] - delay: Delayed 5 second(s)

2018-03-20 09:16:18 - [MESSAGE][PASSED] - Delayed 5 second(s)

2018-03-20 09:16:18 - [TEST_STEP][PASSED] - verifyElementNotPresent: Web element with id: 'Object Repository/Akkordeon_plus_filialsuche' located by 'By.xpath: //a[@class='acc-header acc-header--open']' is not present after '5' second(s)

2018-03-20 09:16:18 - [MESSAGE][PASSED] - Web element with id: 'Object Repository/Akkordeon_plus_filialsuche' located by 'By.xpath: //a[@class='acc-header acc-header--open']' is not present after '5' second(s)

2018-03-20 09:16:18 - [TEST_STEP][PASSED] - closeBrowser: Browser is closed

2018-03-20 09:16:18 - [MESSAGE][PASSED] - Browser is closed]]></system-out>
         <system-err><![CDATA[]]></system-err>
      </testcase>
      <testcase name="Test Cases/Prototyp_Filialsuche (RC 18)/08_Testfall" classname="Test Cases/Prototyp_Filialsuche (RC 18)/08_Testfall" status="PASSED">
         <system-out><![CDATA[2018-03-20 09:16:18 - [TEST_CASE][PASSED] - Test Cases/Prototyp_Filialsuche (RC 18)/08_Testfall: Test Cases/Prototyp_Filialsuche (RC 18)/08_Testfall

2018-03-20 09:16:18 - [TEST_STEP][PASSED] - openBrowser: Browser is opened with url: ''

2018-03-20 09:16:21 - [MESSAGE][PASSED] - Browser is opened with url: ''

2018-03-20 09:16:21 - [TEST_STEP][PASSED] - maximizeWindow: Current window maximized

2018-03-20 09:16:21 - [MESSAGE][PASSED] - Current window maximized

2018-03-20 09:16:21 - [TEST_STEP][PASSED] - deleteAllCookies: Delete all cookies successfully

2018-03-20 09:16:21 - [MESSAGE][PASSED] - Delete all cookies successfully

2018-03-20 09:16:21 - [TEST_STEP][PASSED] - navigateToUrl: Navigate to 'http://rc-ogrhtmlprototyp.testintern/18-1-0/filialsuche-nuernberg.html' successfully

2018-03-20 09:16:23 - [MESSAGE][PASSED] - Navigate to 'http://rc-ogrhtmlprototyp.testintern/18-1-0/filialsuche-nuernberg.html' successfully

2018-03-20 09:16:23 - [TEST_STEP][PASSED] - delay: Delayed 5 second(s)

2018-03-20 09:16:28 - [MESSAGE][PASSED] - Delayed 5 second(s)

2018-03-20 09:16:28 - [TEST_STEP][PASSED] - verifyElementNotPresent: Web element with id: 'Object Repository/Akkordeon_plus_filialsuche' located by 'By.xpath: //a[@class='acc-header acc-header--open']' is not present after '5' second(s)

2018-03-20 09:16:28 - [MESSAGE][PASSED] - Web element with id: 'Object Repository/Akkordeon_plus_filialsuche' located by 'By.xpath: //a[@class='acc-header acc-header--open']' is not present after '5' second(s)

2018-03-20 09:16:28 - [TEST_STEP][PASSED] - closeBrowser: Browser is closed

2018-03-20 09:16:28 - [MESSAGE][PASSED] - Browser is closed]]></system-out>
         <system-err><![CDATA[]]></system-err>
      </testcase>
      <testcase name="Test Cases/Prototyp_Filialsuche (RC 18)/09_Testfall" classname="Test Cases/Prototyp_Filialsuche (RC 18)/09_Testfall" status="PASSED">
         <system-out><![CDATA[2018-03-20 09:16:28 - [TEST_CASE][PASSED] - Test Cases/Prototyp_Filialsuche (RC 18)/09_Testfall: Test Cases/Prototyp_Filialsuche (RC 18)/09_Testfall

2018-03-20 09:16:28 - [TEST_STEP][PASSED] - openBrowser: Browser is opened with url: ''

2018-03-20 09:16:30 - [MESSAGE][PASSED] - Browser is opened with url: ''

2018-03-20 09:16:30 - [TEST_STEP][PASSED] - maximizeWindow: Current window maximized

2018-03-20 09:16:30 - [MESSAGE][PASSED] - Current window maximized

2018-03-20 09:16:30 - [TEST_STEP][PASSED] - deleteAllCookies: Delete all cookies successfully

2018-03-20 09:16:30 - [MESSAGE][PASSED] - Delete all cookies successfully

2018-03-20 09:16:30 - [TEST_STEP][PASSED] - navigateToUrl: Navigate to 'http://rc-ogrhtmlprototyp.testintern/18-1-0/filialsuche.html' successfully

2018-03-20 09:16:32 - [MESSAGE][PASSED] - Navigate to 'http://rc-ogrhtmlprototyp.testintern/18-1-0/filialsuche.html' successfully

2018-03-20 09:16:32 - [TEST_STEP][PASSED] - delay: Delayed 5 second(s)

2018-03-20 09:16:37 - [MESSAGE][PASSED] - Delayed 5 second(s)

2018-03-20 09:16:37 - [TEST_STEP][PASSED] - verifyElementNotPresent: Web element with id: 'Object Repository/Entfernung_filialsuche' located by 'By.xpath: //span[@class='loc-distance']' is not present after '5' second(s)

2018-03-20 09:16:38 - [MESSAGE][PASSED] - Web element with id: 'Object Repository/Entfernung_filialsuche' located by 'By.xpath: //span[@class='loc-distance']' is not present after '5' second(s)

2018-03-20 09:16:38 - [TEST_STEP][PASSED] - closeBrowser: Browser is closed

2018-03-20 09:16:38 - [MESSAGE][PASSED] - Browser is closed]]></system-out>
         <system-err><![CDATA[]]></system-err>
      </testcase>
      <testcase name="Test Cases/Prototyp_Filialsuche (RC 18)/10_Testfall" classname="Test Cases/Prototyp_Filialsuche (RC 18)/10_Testfall" status="PASSED">
         <system-out><![CDATA[2018-03-20 09:16:38 - [TEST_CASE][PASSED] - Test Cases/Prototyp_Filialsuche (RC 18)/10_Testfall: Test Cases/Prototyp_Filialsuche (RC 18)/10_Testfall

2018-03-20 09:16:39 - [TEST_STEP][PASSED] - openBrowser: Browser is opened with url: ''

2018-03-20 09:16:41 - [MESSAGE][PASSED] - Browser is opened with url: ''

2018-03-20 09:16:41 - [TEST_STEP][PASSED] - maximizeWindow: Current window maximized

2018-03-20 09:16:41 - [MESSAGE][PASSED] - Current window maximized

2018-03-20 09:16:41 - [TEST_STEP][PASSED] - deleteAllCookies: Delete all cookies successfully

2018-03-20 09:16:41 - [MESSAGE][PASSED] - Delete all cookies successfully

2018-03-20 09:16:41 - [TEST_STEP][PASSED] - navigateToUrl: Navigate to 'http://rc-ogrhtmlprototyp.testintern/18-1-0/filialsuche-wangen.html' successfully

2018-03-20 09:16:42 - [MESSAGE][PASSED] - Navigate to 'http://rc-ogrhtmlprototyp.testintern/18-1-0/filialsuche-wangen.html' successfully

2018-03-20 09:16:42 - [TEST_STEP][PASSED] - delay: Delayed 5 second(s)

2018-03-20 09:16:47 - [MESSAGE][PASSED] - Delayed 5 second(s)

2018-03-20 09:16:47 - [TEST_STEP][PASSED] - verifyElementNotPresent: Web element with id: 'Object Repository/Entfernung_filialsuche' located by 'By.xpath: //span[@class='loc-distance']' is not present after '5' second(s)

2018-03-20 09:16:47 - [MESSAGE][PASSED] - Web element with id: 'Object Repository/Entfernung_filialsuche' located by 'By.xpath: //span[@class='loc-distance']' is not present after '5' second(s)

2018-03-20 09:16:47 - [TEST_STEP][PASSED] - closeBrowser: Browser is closed

2018-03-20 09:16:47 - [MESSAGE][PASSED] - Browser is closed]]></system-out>
         <system-err><![CDATA[]]></system-err>
      </testcase>
      <testcase name="Test Cases/Prototyp_Filialsuche (RC 18)/11_Testfall" classname="Test Cases/Prototyp_Filialsuche (RC 18)/11_Testfall" status="PASSED">
         <system-out><![CDATA[2018-03-20 09:16:47 - [TEST_CASE][PASSED] - Test Cases/Prototyp_Filialsuche (RC 18)/11_Testfall: Test Cases/Prototyp_Filialsuche (RC 18)/11_Testfall

2018-03-20 09:16:47 - [TEST_STEP][PASSED] - openBrowser: Browser is opened with url: ''

2018-03-20 09:16:49 - [MESSAGE][PASSED] - Browser is opened with url: ''

2018-03-20 09:16:49 - [TEST_STEP][PASSED] - maximizeWindow: Current window maximized

2018-03-20 09:16:49 - [MESSAGE][PASSED] - Current window maximized

2018-03-20 09:16:49 - [TEST_STEP][PASSED] - deleteAllCookies: Delete all cookies successfully

2018-03-20 09:16:49 - [MESSAGE][PASSED] - Delete all cookies successfully

2018-03-20 09:16:49 - [TEST_STEP][PASSED] - navigateToUrl: Navigate to 'http://rc-ogrhtmlprototyp.testintern/18-1-0/filialsuche-rotenburg.html' successfully

2018-03-20 09:16:50 - [MESSAGE][PASSED] - Navigate to 'http://rc-ogrhtmlprototyp.testintern/18-1-0/filialsuche-rotenburg.html' successfully

2018-03-20 09:16:50 - [TEST_STEP][PASSED] - delay: Delayed 5 second(s)

2018-03-20 09:16:55 - [MESSAGE][PASSED] - Delayed 5 second(s)

2018-03-20 09:16:56 - [TEST_STEP][PASSED] - verifyElementNotPresent: Web element with id: 'Object Repository/Entfernung_filialsuche' located by 'By.xpath: //span[@class='loc-distance']' is not present after '5' second(s)

2018-03-20 09:16:56 - [MESSAGE][PASSED] - Web element with id: 'Object Repository/Entfernung_filialsuche' located by 'By.xpath: //span[@class='loc-distance']' is not present after '5' second(s)

2018-03-20 09:16:56 - [TEST_STEP][PASSED] - closeBrowser: Browser is closed

2018-03-20 09:16:56 - [MESSAGE][PASSED] - Browser is closed]]></system-out>
         <system-err><![CDATA[]]></system-err>
      </testcase>
      <testcase name="Test Cases/Prototyp_Filialsuche (RC 18)/12_Testfall" classname="Test Cases/Prototyp_Filialsuche (RC 18)/12_Testfall" status="PASSED">
         <system-out><![CDATA[2018-03-20 09:16:56 - [TEST_CASE][PASSED] - Test Cases/Prototyp_Filialsuche (RC 18)/12_Testfall: Test Cases/Prototyp_Filialsuche (RC 18)/12_Testfall

2018-03-20 09:16:56 - [TEST_STEP][PASSED] - openBrowser: Browser is opened with url: ''

2018-03-20 09:16:59 - [MESSAGE][PASSED] - Browser is opened with url: ''

2018-03-20 09:16:59 - [TEST_STEP][PASSED] - maximizeWindow: Current window maximized

2018-03-20 09:16:59 - [MESSAGE][PASSED] - Current window maximized

2018-03-20 09:16:59 - [TEST_STEP][PASSED] - deleteAllCookies: Delete all cookies successfully

2018-03-20 09:16:59 - [MESSAGE][PASSED] - Delete all cookies successfully

2018-03-20 09:16:59 - [TEST_STEP][PASSED] - navigateToUrl: Navigate to 'http://rc-ogrhtmlprototyp.testintern/18-1-0/filialsuche-nuernberg.html' successfully

2018-03-20 09:17:00 - [MESSAGE][PASSED] - Navigate to 'http://rc-ogrhtmlprototyp.testintern/18-1-0/filialsuche-nuernberg.html' successfully

2018-03-20 09:17:00 - [TEST_STEP][PASSED] - delay: Delayed 5 second(s)

2018-03-20 09:17:05 - [MESSAGE][PASSED] - Delayed 5 second(s)

2018-03-20 09:17:05 - [TEST_STEP][PASSED] - verifyElementNotPresent: Web element with id: 'Object Repository/Entfernung_filialsuche' located by 'By.xpath: //span[@class='loc-distance']' is not present after '5' second(s)

2018-03-20 09:17:05 - [MESSAGE][PASSED] - Web element with id: 'Object Repository/Entfernung_filialsuche' located by 'By.xpath: //span[@class='loc-distance']' is not present after '5' second(s)

2018-03-20 09:17:05 - [TEST_STEP][PASSED] - closeBrowser: Browser is closed

2018-03-20 09:17:05 - [MESSAGE][PASSED] - Browser is closed]]></system-out>
         <system-err><![CDATA[]]></system-err>
      </testcase>
      <testcase name="Test Cases/Prototyp_Filialsuche (RC 18)/13_Testfall" classname="Test Cases/Prototyp_Filialsuche (RC 18)/13_Testfall" status="PASSED">
         <system-out><![CDATA[2018-03-20 09:17:05 - [TEST_CASE][PASSED] - Test Cases/Prototyp_Filialsuche (RC 18)/13_Testfall: Test Cases/Prototyp_Filialsuche (RC 18)/13_Testfall

2018-03-20 09:17:05 - [TEST_STEP][PASSED] - openBrowser: Browser is opened with url: ''

2018-03-20 09:17:07 - [MESSAGE][PASSED] - Browser is opened with url: ''

2018-03-20 09:17:07 - [TEST_STEP][PASSED] - deleteAllCookies: Delete all cookies successfully

2018-03-20 09:17:07 - [MESSAGE][PASSED] - Delete all cookies successfully

2018-03-20 09:17:07 - [TEST_STEP][PASSED] - maximizeWindow: Current window maximized

2018-03-20 09:17:08 - [MESSAGE][PASSED] - Current window maximized

2018-03-20 09:17:08 - [TEST_STEP][PASSED] - navigateToUrl: Navigate to 'http://rc-ogrhtmlprototyp.testintern/18-1-0/filialsuche.html' successfully

2018-03-20 09:17:09 - [MESSAGE][PASSED] - Navigate to 'http://rc-ogrhtmlprototyp.testintern/18-1-0/filialsuche.html' successfully

2018-03-20 09:17:09 - [TEST_STEP][PASSED] - delay: Delayed 5 second(s)

2018-03-20 09:17:14 - [MESSAGE][PASSED] - Delayed 5 second(s)

2018-03-20 09:17:14 - [TEST_STEP][PASSED] - Statement - wes1 = com.kms.katalon.core.webui.common.WebUiCommonHelper.findWebElements(com.kms.katalon.core.testobject.ObjectRepository.findTestObject(filial_map), 5): Found 61 web elements with id: 'Object Repository/filial_map' located by 'By.xpath: //div[@class='aps-map__custom-marker']' in '5' second(s)

2018-03-20 09:17:14 - [TEST_STEP][PASSED] - Statement - wes2 = com.kms.katalon.core.webui.common.WebUiCommonHelper.findWebElements(com.kms.katalon.core.testobject.ObjectRepository.findTestObject(loc_steet_filialsuche), 5): Found 61 web elements with id: 'Object Repository/loc_steet_filialsuche' located by 'By.xpath: //div[@class='loc-street']' in '5' second(s)

2018-03-20 09:17:14 - [TEST_STEP][PASSED] - Statement - filial_maps_count = wes1.size(): null

2018-03-20 09:17:14 - [TEST_STEP][PASSED] - Statement - filial_accordeon_count = wes2.size(): null

2018-03-20 09:17:14 - [TEST_STEP][PASSED] - Statement - filial_count = 61: null

2018-03-20 09:17:14 - [TEST_STEP][PASSED] - Statement - If (filial_maps_count != filial_count): null

2018-03-20 09:17:14 - [TEST_STEP][PASSED] - closeBrowser: Browser is closed

2018-03-20 09:17:14 - [MESSAGE][PASSED] - Browser is closed]]></system-out>
         <system-err><![CDATA[]]></system-err>
      </testcase>
      <testcase name="Test Cases/Prototyp_Filialsuche (RC 18)/14_Testfall" classname="Test Cases/Prototyp_Filialsuche (RC 18)/14_Testfall" status="PASSED">
         <system-out><![CDATA[2018-03-20 09:17:14 - [TEST_CASE][PASSED] - Test Cases/Prototyp_Filialsuche (RC 18)/14_Testfall: Test Cases/Prototyp_Filialsuche (RC 18)/14_Testfall

2018-03-20 09:17:15 - [TEST_STEP][PASSED] - openBrowser: Browser is opened with url: ''

2018-03-20 09:17:17 - [MESSAGE][PASSED] - Browser is opened with url: ''

2018-03-20 09:17:17 - [TEST_STEP][PASSED] - deleteAllCookies: Delete all cookies successfully

2018-03-20 09:17:17 - [MESSAGE][PASSED] - Delete all cookies successfully

2018-03-20 09:17:17 - [TEST_STEP][PASSED] - maximizeWindow: Current window maximized

2018-03-20 09:17:17 - [MESSAGE][PASSED] - Current window maximized

2018-03-20 09:17:17 - [TEST_STEP][PASSED] - navigateToUrl: Navigate to 'http://rc-ogrhtmlprototyp.testintern/18-1-0/filialsuche.html' successfully

2018-03-20 09:17:19 - [MESSAGE][PASSED] - Navigate to 'http://rc-ogrhtmlprototyp.testintern/18-1-0/filialsuche.html' successfully

2018-03-20 09:17:19 - [TEST_STEP][PASSED] - delay: Delayed 5 second(s)

2018-03-20 09:17:24 - [MESSAGE][PASSED] - Delayed 5 second(s)

2018-03-20 09:17:24 - [TEST_STEP][PASSED] - click: Object: 'Object Repository/002/Page_Filialsuche-rotenburg - BVR HT/svg_dropdown-icons' is clicked on

2018-03-20 09:17:24 - [MESSAGE][PASSED] - Object: 'Object Repository/002/Page_Filialsuche-rotenburg - BVR HT/svg_dropdown-icons' is clicked on

2018-03-20 09:17:24 - [TEST_STEP][PASSED] - delay: Delayed 2 second(s)

2018-03-20 09:17:26 - [MESSAGE][PASSED] - Delayed 2 second(s)

2018-03-20 09:17:26 - [TEST_STEP][PASSED] - mouseOver: Object: 'Object Repository/Belitz_option' is hovered

2018-03-20 09:17:27 - [MESSAGE][PASSED] - Object: 'Object Repository/Belitz_option' is hovered

2018-03-20 09:17:27 - [TEST_STEP][PASSED] - delay: Delayed 2 second(s)

2018-03-20 09:17:29 - [MESSAGE][PASSED] - Delayed 2 second(s)

2018-03-20 09:17:29 - [TEST_STEP][PASSED] - click: Object: 'Object Repository/Belitz_option' is clicked on

2018-03-20 09:17:29 - [MESSAGE][PASSED] - Object: 'Object Repository/Belitz_option' is clicked on

2018-03-20 09:17:29 - [TEST_STEP][PASSED] - delay: Delayed 5 second(s)

2018-03-20 09:17:34 - [MESSAGE][PASSED] - Delayed 5 second(s)

2018-03-20 09:17:34 - [TEST_STEP][PASSED] - Statement - wes1 = com.kms.katalon.core.webui.common.WebUiCommonHelper.findWebElements(com.kms.katalon.core.testobject.ObjectRepository.findTestObject(filial_map), 5): Found 37 web elements with id: 'Object Repository/filial_map' located by 'By.xpath: //div[@class='aps-map__custom-marker']' in '5' second(s)

2018-03-20 09:17:34 - [TEST_STEP][PASSED] - Statement - wes2 = com.kms.katalon.core.webui.common.WebUiCommonHelper.findWebElements(com.kms.katalon.core.testobject.ObjectRepository.findTestObject(loc_steet_filialsuche), 5): Found 37 web elements with id: 'Object Repository/loc_steet_filialsuche' located by 'By.xpath: //div[@class='loc-street']' in '5' second(s)

2018-03-20 09:17:34 - [TEST_STEP][PASSED] - Statement - wes3 = com.kms.katalon.core.webui.common.WebUiCommonHelper.findWebElements(com.kms.katalon.core.testobject.ObjectRepository.findTestObject(filialsuche_loc_city), 5): Finding web element with id: 'Object Repository/filialsuche_loc_city' located by 'By.xpath: /div[@class='loc-city']' in '5' second(s)

2018-03-20 09:17:39 - [TEST_STEP][PASSED] - Statement - filial_maps_count = wes1.size(): null

2018-03-20 09:17:39 - [TEST_STEP][PASSED] - Statement - filial_accordeon_count = wes2.size(): null

2018-03-20 09:17:39 - [TEST_STEP][PASSED] - Statement - filial_count = 37: null

2018-03-20 09:17:39 - [TEST_STEP][PASSED] - Statement - city_name = "Berlin": null

2018-03-20 09:17:39 - [TEST_STEP][PASSED] - Statement - If (filial_maps_count != filial_count): null

2018-03-20 09:17:39 - [TEST_STEP][PASSED] - Statement - For ([i = 0, i < wes3.size(), (i++)]): null

2018-03-20 09:17:39 - [TEST_STEP][PASSED] - closeBrowser: Browser is closed

2018-03-20 09:17:39 - [MESSAGE][PASSED] - Browser is closed]]></system-out>
         <system-err><![CDATA[]]></system-err>
      </testcase>
      <testcase name="Test Cases/Prototyp_Filialsuche (RC 18)/15_Testfall" classname="Test Cases/Prototyp_Filialsuche (RC 18)/15_Testfall" status="PASSED">
         <system-out><![CDATA[2018-03-20 09:17:39 - [TEST_CASE][PASSED] - Test Cases/Prototyp_Filialsuche (RC 18)/15_Testfall: Test Cases/Prototyp_Filialsuche (RC 18)/15_Testfall

2018-03-20 09:17:39 - [TEST_STEP][PASSED] - openBrowser: Browser is opened with url: ''

2018-03-20 09:17:43 - [MESSAGE][PASSED] - Browser is opened with url: ''

2018-03-20 09:17:43 - [TEST_STEP][PASSED] - maximizeWindow: Current window maximized

2018-03-20 09:17:44 - [MESSAGE][PASSED] - Current window maximized

2018-03-20 09:17:44 - [TEST_STEP][PASSED] - deleteAllCookies: Delete all cookies successfully

2018-03-20 09:17:44 - [MESSAGE][PASSED] - Delete all cookies successfully

2018-03-20 09:17:44 - [TEST_STEP][PASSED] - navigateToUrl: Navigate to 'http://rc-ogrhtmlprototyp.testintern/18-1-0/filialsuche-textinput.html' successfully

2018-03-20 09:17:46 - [MESSAGE][PASSED] - Navigate to 'http://rc-ogrhtmlprototyp.testintern/18-1-0/filialsuche-textinput.html' successfully

2018-03-20 09:17:46 - [TEST_STEP][PASSED] - delay: Delayed 5 second(s)

2018-03-20 09:17:51 - [MESSAGE][PASSED] - Delayed 5 second(s)

2018-03-20 09:17:51 - [TEST_STEP][PASSED] - setText: Text 'Berlin' is set on object 'Object Repository/Filialsuche_Inputtext'

2018-03-20 09:17:53 - [MESSAGE][PASSED] - Text 'Berlin' is set on object 'Object Repository/Filialsuche_Inputtext'

2018-03-20 09:17:53 - [TEST_STEP][PASSED] - delay: Delayed 2 second(s)

2018-03-20 09:17:55 - [MESSAGE][PASSED] - Delayed 2 second(s)

2018-03-20 09:17:55 - [TEST_STEP][PASSED] - submit: The form containing object: 'Object Repository/Filialsuche_submit_button' is submitted

2018-03-20 09:17:55 - [MESSAGE][PASSED] - The form containing object: 'Object Repository/Filialsuche_submit_button' is submitted

2018-03-20 09:17:55 - [TEST_STEP][PASSED] - delay: Delayed 2 second(s)

2018-03-20 09:17:57 - [MESSAGE][PASSED] - Delayed 2 second(s)

2018-03-20 09:17:57 - [TEST_STEP][PASSED] - Statement - wes = com.kms.katalon.core.webui.common.WebUiCommonHelper.findWebElements(com.kms.katalon.core.testobject.ObjectRepository.findTestObject(Filialsuche_loc_distance), 5): Found 1 web elements with id: 'Object Repository/Filialsuche_loc_distance' located by 'By.xpath: //span[@class='loc-distance']' in '5' second(s)

2018-03-20 09:17:57 - [TEST_STEP][PASSED] - Statement - For ([i = 1, i < wes.size(), (i++)]): null

2018-03-20 09:17:57 - [TEST_STEP][PASSED] - closeBrowser: Browser is closed

2018-03-20 09:17:57 - [MESSAGE][PASSED] - Browser is closed]]></system-out>
         <system-err><![CDATA[]]></system-err>
      </testcase>
      <testcase name="Test Cases/Prototyp_Filialsuche (RC 18)/16_Testfall" classname="Test Cases/Prototyp_Filialsuche (RC 18)/16_Testfall" status="FAILED">
         <failure type="FAILED" message="Unable to verify object 'Object Repository/Entfernung_filialsuche' is visible (Root cause: Object 'Object Repository/Entfernung_filialsuche' is NOT visible)"/>
         <system-out><![CDATA[2018-03-20 09:17:57 - [TEST_CASE][FAILED] - Test Cases/Prototyp_Filialsuche (RC 18)/16_Testfall: Test Cases/Prototyp_Filialsuche (RC 18)/16_Testfall FAILED because (of) Unable to verify object 'Object Repository/Entfernung_filialsuche' is visible (Root cause: Object 'Object Repository/Entfernung_filialsuche' is NOT visible)

2018-03-20 09:17:58 - [TEST_STEP][PASSED] - openBrowser: Browser is opened with url: ''

2018-03-20 09:18:07 - [MESSAGE][PASSED] - Browser is opened with url: ''

2018-03-20 09:18:07 - [TEST_STEP][PASSED] - maximizeWindow: Current window maximized

2018-03-20 09:18:07 - [MESSAGE][PASSED] - Current window maximized

2018-03-20 09:18:07 - [TEST_STEP][PASSED] - deleteAllCookies: Delete all cookies successfully

2018-03-20 09:18:07 - [MESSAGE][PASSED] - Delete all cookies successfully

2018-03-20 09:18:07 - [TEST_STEP][PASSED] - navigateToUrl: Navigate to 'http://rc-ogrhtmlprototyp.testintern/18-1-0/filialsuche-textinput.html' successfully

2018-03-20 09:18:09 - [MESSAGE][PASSED] - Navigate to 'http://rc-ogrhtmlprototyp.testintern/18-1-0/filialsuche-textinput.html' successfully

2018-03-20 09:18:09 - [TEST_STEP][PASSED] - delay: Delayed 5 second(s)

2018-03-20 09:18:14 - [MESSAGE][PASSED] - Delayed 5 second(s)

2018-03-20 09:18:14 - [TEST_STEP][PASSED] - setText: Text 'Berlin' is set on object 'Object Repository/Filialsuche_Inputtext'

2018-03-20 09:18:14 - [MESSAGE][PASSED] - Text 'Berlin' is set on object 'Object Repository/Filialsuche_Inputtext'

2018-03-20 09:18:14 - [TEST_STEP][PASSED] - delay: Delayed 2 second(s)

2018-03-20 09:18:16 - [MESSAGE][PASSED] - Delayed 2 second(s)

2018-03-20 09:18:16 - [TEST_STEP][PASSED] - submit: The form containing object: 'Object Repository/Filialsuche_submit_button' is submitted

2018-03-20 09:18:16 - [MESSAGE][PASSED] - The form containing object: 'Object Repository/Filialsuche_submit_button' is submitted

2018-03-20 09:18:16 - [TEST_STEP][PASSED] - delay: Delayed 2 second(s)

2018-03-20 09:18:18 - [MESSAGE][PASSED] - Delayed 2 second(s)

2018-03-20 09:18:18 - [TEST_STEP][FAILED] - verifyElementVisible: Unable to verify object 'Object Repository/Entfernung_filialsuche' is visible (Root cause: Object 'Object Repository/Entfernung_filialsuche' is NOT visible)

2018-03-20 09:18:20 - [MESSAGE][FAILED] - Object 'Object Repository/Entfernung_filialsuche' is NOT visible
[[ATTACHMENT|/Users/lbut/Desktop/KATALON/Prototyp1_20_03/Prototyp1/Reports/Prototyp Filialsuche (RC18) 13_03_2018/20180320_091422/1521533898847.png]]

2018-03-20 09:18:20 - [MESSAGE][FAILED] - Unable to verify object 'Object Repository/Entfernung_filialsuche' is visible (Root cause: Object 'Object Repository/Entfernung_filialsuche' is NOT visible)
[[ATTACHMENT|/Users/lbut/Desktop/KATALON/Prototyp1_20_03/Prototyp1/Reports/Prototyp Filialsuche (RC18) 13_03_2018/20180320_091422/1521533900050.png]]]]></system-out>
         <system-err><![CDATA[2018-03-20 09:17:57 - [TEST_CASE][FAILED] - Test Cases/Prototyp_Filialsuche (RC 18)/16_Testfall: Test Cases/Prototyp_Filialsuche (RC 18)/16_Testfall FAILED because (of) Unable to verify object 'Object Repository/Entfernung_filialsuche' is visible (Root cause: Object 'Object Repository/Entfernung_filialsuche' is NOT visible)]]></system-err>
      </testcase>
      <testcase name="Test Cases/Prototyp_Filialsuche (RC 18)/17_Testfall" classname="Test Cases/Prototyp_Filialsuche (RC 18)/17_Testfall" status="PASSED">
         <system-out><![CDATA[2018-03-20 09:18:20 - [TEST_CASE][PASSED] - Test Cases/Prototyp_Filialsuche (RC 18)/17_Testfall: Test Cases/Prototyp_Filialsuche (RC 18)/17_Testfall

2018-03-20 09:18:21 - [TEST_STEP][PASSED] - openBrowser: Browser is opened with url: ''

2018-03-20 09:18:21 - [MESSAGE][WARNING] - A browser is already opened. Closing browser and opening a new one

2018-03-20 09:18:23 - [MESSAGE][PASSED] - Browser is opened with url: ''

2018-03-20 09:18:23 - [TEST_STEP][PASSED] - deleteAllCookies: Delete all cookies successfully

2018-03-20 09:18:24 - [MESSAGE][PASSED] - Delete all cookies successfully

2018-03-20 09:18:24 - [TEST_STEP][PASSED] - maximizeWindow: Current window maximized

2018-03-20 09:18:24 - [MESSAGE][PASSED] - Current window maximized

2018-03-20 09:18:24 - [TEST_STEP][PASSED] - navigateToUrl: Navigate to 'http://rc-ogrhtmlprototyp.testintern/18-1-0/filialsuche.html' successfully

2018-03-20 09:18:28 - [MESSAGE][PASSED] - Navigate to 'http://rc-ogrhtmlprototyp.testintern/18-1-0/filialsuche.html' successfully

2018-03-20 09:18:28 - [TEST_STEP][PASSED] - delay: Delayed 2 second(s)

2018-03-20 09:18:30 - [MESSAGE][PASSED] - Delayed 2 second(s)

2018-03-20 09:18:30 - [TEST_STEP][PASSED] - waitForPageLoad: Wait for page load successfully

2018-03-20 09:18:30 - [MESSAGE][WARNING] - Timeout '0' is invalid. Using default page load timeout: '30'

2018-03-20 09:18:30 - [MESSAGE][PASSED] - Wait for page load successfully

2018-03-20 09:18:30 - [TEST_STEP][PASSED] - delay: Delayed 2 second(s)

2018-03-20 09:18:32 - [MESSAGE][PASSED] - Delayed 2 second(s)

2018-03-20 09:18:32 - [TEST_STEP][PASSED] - click: Object: 'Object Repository/03/Page_Filialsuche-rotenburg - BVR HT/svg_dropdown-icons' is clicked on

2018-03-20 09:18:32 - [MESSAGE][PASSED] - Object: 'Object Repository/03/Page_Filialsuche-rotenburg - BVR HT/svg_dropdown-icons' is clicked on

2018-03-20 09:18:32 - [TEST_STEP][PASSED] - delay: Delayed 2 second(s)

2018-03-20 09:18:34 - [MESSAGE][PASSED] - Delayed 2 second(s)

2018-03-20 09:18:34 - [TEST_STEP][PASSED] - mouseOver: Object: 'Object Repository/002/Page_Filialsuche - BVR HTML Prototy/div_Berlin' is hovered

2018-03-20 09:18:34 - [MESSAGE][PASSED] - Object: 'Object Repository/002/Page_Filialsuche - BVR HTML Prototy/div_Berlin' is hovered

2018-03-20 09:18:34 - [TEST_STEP][PASSED] - delay: Delayed 2 second(s)

2018-03-20 09:18:36 - [MESSAGE][PASSED] - Delayed 2 second(s)

2018-03-20 09:18:36 - [TEST_STEP][PASSED] - click: Object: 'Object Repository/002/Page_Filialsuche - BVR HTML Prototy/div_Berlin' is clicked on

2018-03-20 09:18:36 - [MESSAGE][PASSED] - Object: 'Object Repository/002/Page_Filialsuche - BVR HTML Prototy/div_Berlin' is clicked on

2018-03-20 09:18:36 - [TEST_STEP][PASSED] - delay: Delayed 5 second(s)

2018-03-20 09:18:41 - [MESSAGE][PASSED] - Delayed 5 second(s)

2018-03-20 09:18:41 - [TEST_STEP][PASSED] - click: Object: 'Object Repository/TF17/Page_Filialsuche - BVR HTML Prototy/span_Berliner Volksbank eG Fil' is clicked on

2018-03-20 09:18:41 - [MESSAGE][PASSED] - Object: 'Object Repository/TF17/Page_Filialsuche - BVR HTML Prototy/span_Berliner Volksbank eG Fil' is clicked on

2018-03-20 09:18:41 - [TEST_STEP][PASSED] - delay: Delayed 2 second(s)

2018-03-20 09:18:43 - [MESSAGE][PASSED] - Delayed 2 second(s)

2018-03-20 09:18:43 - [TEST_STEP][PASSED] - verifyTextPresent: Text 'Alt-Moabit 82' is present on page 

2018-03-20 09:18:43 - [MESSAGE][PASSED] - Text 'Alt-Moabit 82' is present on page 

2018-03-20 09:18:43 - [TEST_STEP][PASSED] - verifyTextPresent: Text '10555 Berlin' is present on page 

2018-03-20 09:18:44 - [MESSAGE][PASSED] - Text '10555 Berlin' is present on page 

2018-03-20 09:18:44 - [TEST_STEP][PASSED] - click: Object: 'Object Repository/TF17/Page_Filialsuche - BVR HTML Prototy/span_Berliner Volksbank eG Fil_1' is clicked on

2018-03-20 09:18:44 - [MESSAGE][PASSED] - Object: 'Object Repository/TF17/Page_Filialsuche - BVR HTML Prototy/span_Berliner Volksbank eG Fil_1' is clicked on

2018-03-20 09:18:44 - [TEST_STEP][PASSED] - delay: Delayed 2 second(s)

2018-03-20 09:18:46 - [MESSAGE][PASSED] - Delayed 2 second(s)

2018-03-20 09:18:46 - [TEST_STEP][PASSED] - verifyTextPresent: Text 'Alt-Rudow 71' is present on page 

2018-03-20 09:18:46 - [MESSAGE][PASSED] - Text 'Alt-Rudow 71' is present on page 

2018-03-20 09:18:46 - [TEST_STEP][PASSED] - verifyTextPresent: Text '12355 Berlin' is present on page 

2018-03-20 09:18:46 - [MESSAGE][PASSED] - Text '12355 Berlin' is present on page 

2018-03-20 09:18:46 - [TEST_STEP][PASSED] - click: Object: 'Object Repository/TF17/Page_Filialsuche - BVR HTML Prototy/span_Berliner Volksbank eG Fin' is clicked on

2018-03-20 09:18:46 - [MESSAGE][PASSED] - Object: 'Object Repository/TF17/Page_Filialsuche - BVR HTML Prototy/span_Berliner Volksbank eG Fin' is clicked on

2018-03-20 09:18:46 - [TEST_STEP][PASSED] - delay: Delayed 2 second(s)

2018-03-20 09:18:48 - [MESSAGE][PASSED] - Delayed 2 second(s)

2018-03-20 09:18:48 - [TEST_STEP][PASSED] - verifyTextPresent: Text 'Bahnhofstr. 19' is present on page 

2018-03-20 09:18:48 - [MESSAGE][PASSED] - Text 'Bahnhofstr. 19' is present on page 

2018-03-20 09:18:48 - [TEST_STEP][PASSED] - verifyTextPresent: Text '12555 Berlin' is present on page 

2018-03-20 09:18:48 - [MESSAGE][PASSED] - Text '12555 Berlin' is present on page 

2018-03-20 09:18:48 - [TEST_STEP][PASSED] - click: Object: 'Object Repository/TF17/Page_Filialsuche - BVR HTML Prototy/span_Berliner Volksbank eG Fin_1' is clicked on

2018-03-20 09:18:48 - [MESSAGE][PASSED] - Object: 'Object Repository/TF17/Page_Filialsuche - BVR HTML Prototy/span_Berliner Volksbank eG Fin_1' is clicked on

2018-03-20 09:18:48 - [TEST_STEP][PASSED] - delay: Delayed 2 second(s)

2018-03-20 09:18:50 - [MESSAGE][PASSED] - Delayed 2 second(s)

2018-03-20 09:18:50 - [TEST_STEP][PASSED] - verifyTextPresent: Text 'Bahnhofstr. 50' is present on page 

2018-03-20 09:18:50 - [MESSAGE][PASSED] - Text 'Bahnhofstr. 50' is present on page 

2018-03-20 09:18:50 - [TEST_STEP][PASSED] - verifyTextPresent: Text '12305 Berlin' is present on page 

2018-03-20 09:18:50 - [MESSAGE][PASSED] - Text '12305 Berlin' is present on page 

2018-03-20 09:18:50 - [TEST_STEP][PASSED] - click: Object: 'Object Repository/TF17/Page_Filialsuche - BVR HTML Prototy/span_Berliner Volksbank eG Fil_2' is clicked on

2018-03-20 09:18:50 - [MESSAGE][PASSED] - Object: 'Object Repository/TF17/Page_Filialsuche - BVR HTML Prototy/span_Berliner Volksbank eG Fil_2' is clicked on

2018-03-20 09:18:50 - [TEST_STEP][PASSED] - delay: Delayed 2 second(s)

2018-03-20 09:18:52 - [MESSAGE][PASSED] - Delayed 2 second(s)

2018-03-20 09:18:52 - [TEST_STEP][PASSED] - verifyTextPresent: Text 'Baumschulenstr. 96' is present on page 

2018-03-20 09:18:52 - [MESSAGE][PASSED] - Text 'Baumschulenstr. 96' is present on page 

2018-03-20 09:18:52 - [TEST_STEP][PASSED] - verifyTextPresent: Text '12437 Berlin' is present on page 

2018-03-20 09:18:52 - [MESSAGE][PASSED] - Text '12437 Berlin' is present on page 

2018-03-20 09:18:52 - [TEST_STEP][PASSED] - scrollToElement: Scroll to object 'Object Repository/TF17/Page_Filialsuche - BVR HTML Prototy/span_Berliner Volksbank eG Fin_2' successfully

2018-03-20 09:18:52 - [MESSAGE][WARNING] - Timeout '0' is invalid. Using default page load timeout: '30'

2018-03-20 09:18:52 - [MESSAGE][PASSED] - Scroll to object 'Object Repository/TF17/Page_Filialsuche - BVR HTML Prototy/span_Berliner Volksbank eG Fin_2' successfully

2018-03-20 09:18:52 - [TEST_STEP][PASSED] - click: Object: 'Object Repository/TF17/Page_Filialsuche - BVR HTML Prototy/span_Berliner Volksbank eG Fin_2' is clicked on

2018-03-20 09:18:52 - [MESSAGE][PASSED] - Object: 'Object Repository/TF17/Page_Filialsuche - BVR HTML Prototy/span_Berliner Volksbank eG Fin_2' is clicked on

2018-03-20 09:18:52 - [TEST_STEP][PASSED] - delay: Delayed 2 second(s)

2018-03-20 09:18:54 - [MESSAGE][PASSED] - Delayed 2 second(s)

2018-03-20 09:18:54 - [TEST_STEP][PASSED] - verifyTextPresent: Text 'Berliner Allee 19-21' is present on page 

2018-03-20 09:18:54 - [MESSAGE][PASSED] - Text 'Berliner Allee 19-21' is present on page 

2018-03-20 09:18:54 - [TEST_STEP][PASSED] - verifyTextPresent: Text '13088 Berlin' is present on page 

2018-03-20 09:18:54 - [MESSAGE][PASSED] - Text '13088 Berlin' is present on page 

2018-03-20 09:18:54 - [TEST_STEP][PASSED] - click: Object: 'Object Repository/TF17/Page_Filialsuche - BVR HTML Prototy/a_2' is clicked on

2018-03-20 09:18:54 - [MESSAGE][PASSED] - Object: 'Object Repository/TF17/Page_Filialsuche - BVR HTML Prototy/a_2' is clicked on

2018-03-20 09:18:54 - [TEST_STEP][PASSED] - click: Object: 'Object Repository/TF17/Page_Filialsuche - BVR HTML Prototy/span_Berliner Volksbank eG Fin_3' is clicked on

2018-03-20 09:18:55 - [MESSAGE][PASSED] - Object: 'Object Repository/TF17/Page_Filialsuche - BVR HTML Prototy/span_Berliner Volksbank eG Fin_3' is clicked on

2018-03-20 09:18:55 - [TEST_STEP][PASSED] - delay: Delayed 2 second(s)

2018-03-20 09:18:57 - [MESSAGE][PASSED] - Delayed 2 second(s)

2018-03-20 09:18:57 - [TEST_STEP][PASSED] - verifyTextPresent: Text 'Berliner Str. 98' is present on page 

2018-03-20 09:18:57 - [MESSAGE][PASSED] - Text 'Berliner Str. 98' is present on page 

2018-03-20 09:18:57 - [TEST_STEP][PASSED] - verifyTextPresent: Text '13507 Berlin' is present on page 

2018-03-20 09:18:57 - [MESSAGE][PASSED] - Text '13507 Berlin' is present on page 

2018-03-20 09:18:57 - [TEST_STEP][PASSED] - click: Object: 'Object Repository/TF17/Page_Filialsuche - BVR HTML Prototy (1)/span_Berliner Volksbank eG Fil' is clicked on

2018-03-20 09:18:57 - [MESSAGE][PASSED] - Object: 'Object Repository/TF17/Page_Filialsuche - BVR HTML Prototy (1)/span_Berliner Volksbank eG Fil' is clicked on

2018-03-20 09:18:57 - [TEST_STEP][PASSED] - delay: Delayed 2 second(s)

2018-03-20 09:18:59 - [MESSAGE][PASSED] - Delayed 2 second(s)

2018-03-20 09:18:59 - [TEST_STEP][PASSED] - verifyTextPresent: Text 'Bornholmer Str. 1' is present on page 

2018-03-20 09:18:59 - [MESSAGE][PASSED] - Text 'Bornholmer Str. 1' is present on page 

2018-03-20 09:18:59 - [TEST_STEP][PASSED] - verifyTextPresent: Text '10439 Berlin' is present on page 

2018-03-20 09:18:59 - [MESSAGE][PASSED] - Text '10439 Berlin' is present on page 

2018-03-20 09:18:59 - [TEST_STEP][PASSED] - click: Object: 'Object Repository/TF17/Page_Filialsuche - BVR HTML Prototy (1)/span_Berliner Volksbank eG Fin' is clicked on

2018-03-20 09:18:59 - [MESSAGE][PASSED] - Object: 'Object Repository/TF17/Page_Filialsuche - BVR HTML Prototy (1)/span_Berliner Volksbank eG Fin' is clicked on

2018-03-20 09:18:59 - [TEST_STEP][PASSED] - delay: Delayed 2 second(s)

2018-03-20 09:19:01 - [MESSAGE][PASSED] - Delayed 2 second(s)

2018-03-20 09:19:01 - [TEST_STEP][PASSED] - verifyTextPresent: Text 'Brandenburgische Str. 86-87' is present on page 

2018-03-20 09:19:01 - [MESSAGE][PASSED] - Text 'Brandenburgische Str. 86-87' is present on page 

2018-03-20 09:19:01 - [TEST_STEP][PASSED] - verifyTextPresent: Text '10713 Berlin' is present on page 

2018-03-20 09:19:01 - [MESSAGE][PASSED] - Text '10713 Berlin' is present on page 

2018-03-20 09:19:01 - [TEST_STEP][PASSED] - click: Object: 'Object Repository/TF17/Page_Filialsuche - BVR HTML Prototy (1)/span_Berliner Volksbank eG Fin_1' is clicked on

2018-03-20 09:19:01 - [MESSAGE][PASSED] - Object: 'Object Repository/TF17/Page_Filialsuche - BVR HTML Prototy (1)/span_Berliner Volksbank eG Fin_1' is clicked on

2018-03-20 09:19:01 - [TEST_STEP][PASSED] - delay: Delayed 2 second(s)

2018-03-20 09:19:03 - [MESSAGE][PASSED] - Delayed 2 second(s)

2018-03-20 09:19:03 - [TEST_STEP][PASSED] - verifyTextPresent: Text 'Brodauer Str. 45' is present on page 

2018-03-20 09:19:03 - [MESSAGE][PASSED] - Text 'Brodauer Str. 45' is present on page 

2018-03-20 09:19:03 - [TEST_STEP][PASSED] - verifyTextPresent: Text '12621 Berlin' is present on page 

2018-03-20 09:19:03 - [MESSAGE][PASSED] - Text '12621 Berlin' is present on page 

2018-03-20 09:19:03 - [TEST_STEP][PASSED] - click: Object: 'Object Repository/TF17/Page_Filialsuche - BVR HTML Prototy (1)/span_Berliner Volksbank eG Fin_2' is clicked on

2018-03-20 09:19:03 - [MESSAGE][PASSED] - Object: 'Object Repository/TF17/Page_Filialsuche - BVR HTML Prototy (1)/span_Berliner Volksbank eG Fin_2' is clicked on

2018-03-20 09:19:03 - [TEST_STEP][PASSED] - delay: Delayed 2 second(s)

2018-03-20 09:19:05 - [MESSAGE][PASSED] - Delayed 2 second(s)

2018-03-20 09:19:05 - [TEST_STEP][PASSED] - verifyTextPresent: Text 'Frankfurter Allee 69' is present on page 

2018-03-20 09:19:05 - [MESSAGE][PASSED] - Text 'Frankfurter Allee 69' is present on page 

2018-03-20 09:19:05 - [TEST_STEP][PASSED] - verifyTextPresent: Text '10247 Berlin' is present on page 

2018-03-20 09:19:05 - [MESSAGE][PASSED] - Text '10247 Berlin' is present on page 

2018-03-20 09:19:05 - [TEST_STEP][PASSED] - click: Object: 'Object Repository/TF17/Page_Filialsuche - BVR HTML Prototy (1)/span_Berliner Volksbank eG Fin_3' is clicked on

2018-03-20 09:19:05 - [MESSAGE][PASSED] - Object: 'Object Repository/TF17/Page_Filialsuche - BVR HTML Prototy (1)/span_Berliner Volksbank eG Fin_3' is clicked on

2018-03-20 09:19:05 - [TEST_STEP][PASSED] - delay: Delayed 2 second(s)

2018-03-20 09:19:07 - [MESSAGE][PASSED] - Delayed 2 second(s)

2018-03-20 09:19:07 - [TEST_STEP][PASSED] - verifyTextPresent: Text 'Friedrichstr. 108-109' is present on page 

2018-03-20 09:19:07 - [MESSAGE][PASSED] - Text 'Friedrichstr. 108-109' is present on page 

2018-03-20 09:19:07 - [TEST_STEP][PASSED] - verifyTextPresent: Text '10117 Berlin' is present on page 

2018-03-20 09:19:07 - [MESSAGE][PASSED] - Text '10117 Berlin' is present on page 

2018-03-20 09:19:07 - [TEST_STEP][PASSED] - click: Object: 'Object Repository/TF17/Page_Filialsuche - BVR HTML Prototy (1)/a_3' is clicked on

2018-03-20 09:19:08 - [MESSAGE][PASSED] - Object: 'Object Repository/TF17/Page_Filialsuche - BVR HTML Prototy (1)/a_3' is clicked on

2018-03-20 09:19:08 - [TEST_STEP][PASSED] - click: Object: 'Object Repository/TF17/Page_Filialsuche - BVR HTML Prototy (1)/span_Berliner Volksbank eG Fil_1' is clicked on

2018-03-20 09:19:08 - [MESSAGE][PASSED] - Object: 'Object Repository/TF17/Page_Filialsuche - BVR HTML Prototy (1)/span_Berliner Volksbank eG Fil_1' is clicked on

2018-03-20 09:19:08 - [TEST_STEP][PASSED] - delay: Delayed 2 second(s)

2018-03-20 09:19:10 - [MESSAGE][PASSED] - Delayed 2 second(s)

2018-03-20 09:19:10 - [TEST_STEP][PASSED] - verifyTextPresent: Text 'Karl-Marx-Str. 71' is present on page 

2018-03-20 09:19:10 - [MESSAGE][PASSED] - Text 'Karl-Marx-Str. 71' is present on page 

2018-03-20 09:19:10 - [TEST_STEP][PASSED] - verifyTextPresent: Text '12043 Berlin' is present on page 

2018-03-20 09:19:10 - [MESSAGE][PASSED] - Text '12043 Berlin' is present on page 

2018-03-20 09:19:10 - [TEST_STEP][PASSED] - click: Object: 'Object Repository/TF17/Page_Filialsuche - BVR HTML Prototy (1)/span_Berliner Volksbank eG Fil_2' is clicked on

2018-03-20 09:19:10 - [MESSAGE][PASSED] - Object: 'Object Repository/TF17/Page_Filialsuche - BVR HTML Prototy (1)/span_Berliner Volksbank eG Fil_2' is clicked on

2018-03-20 09:19:10 - [TEST_STEP][PASSED] - click: Object: 'Object Repository/TF17/Page_Filialsuche - BVR HTML Prototy (1)/span_Berliner Volksbank eG Fin_4' is clicked on

2018-03-20 09:19:10 - [MESSAGE][PASSED] - Object: 'Object Repository/TF17/Page_Filialsuche - BVR HTML Prototy (1)/span_Berliner Volksbank eG Fin_4' is clicked on

2018-03-20 09:19:10 - [TEST_STEP][PASSED] - delay: Delayed 2 second(s)

2018-03-20 09:19:12 - [MESSAGE][PASSED] - Delayed 2 second(s)

2018-03-20 09:19:12 - [TEST_STEP][PASSED] - click: Object: 'Object Repository/TF17/Page_Filialsuche - BVR HTML Prototy (1)/span_Berliner Volksbank eG Fil_3' is clicked on

2018-03-20 09:19:12 - [MESSAGE][PASSED] - Object: 'Object Repository/TF17/Page_Filialsuche - BVR HTML Prototy (1)/span_Berliner Volksbank eG Fil_3' is clicked on

2018-03-20 09:19:12 - [TEST_STEP][PASSED] - delay: Delayed 2 second(s)

2018-03-20 09:19:14 - [MESSAGE][PASSED] - Delayed 2 second(s)

2018-03-20 09:19:14 - [TEST_STEP][PASSED] - verifyTextPresent: Text 'Kranoldplatz 2' is present on page 

2018-03-20 09:19:14 - [MESSAGE][PASSED] - Text 'Kranoldplatz 2' is present on page 

2018-03-20 09:19:14 - [TEST_STEP][PASSED] - verifyTextPresent: Text '12209 Berlin' is present on page 

2018-03-20 09:19:14 - [MESSAGE][PASSED] - Text '12209 Berlin' is present on page 

2018-03-20 09:19:14 - [TEST_STEP][PASSED] - click: Object: 'Object Repository/TF17/Page_Filialsuche - BVR HTML Prototy (1)/span_Berliner Volksbank eG Fil_4' is clicked on

2018-03-20 09:19:14 - [MESSAGE][PASSED] - Object: 'Object Repository/TF17/Page_Filialsuche - BVR HTML Prototy (1)/span_Berliner Volksbank eG Fil_4' is clicked on

2018-03-20 09:19:14 - [TEST_STEP][PASSED] - click: Object: 'Object Repository/TF17/Page_Filialsuche - BVR HTML Prototy (1)/span_Berliner Volksbank eG Fin_5' is clicked on

2018-03-20 09:19:14 - [MESSAGE][PASSED] - Object: 'Object Repository/TF17/Page_Filialsuche - BVR HTML Prototy (1)/span_Berliner Volksbank eG Fin_5' is clicked on

2018-03-20 09:19:14 - [TEST_STEP][PASSED] - delay: Delayed 2 second(s)

2018-03-20 09:19:16 - [MESSAGE][PASSED] - Delayed 2 second(s)

2018-03-20 09:19:16 - [TEST_STEP][PASSED] - verifyTextPresent: Text 'Kurfürstendamm 46' is present on page 

2018-03-20 09:19:16 - [MESSAGE][PASSED] - Text 'Kurfürstendamm 46' is present on page 

2018-03-20 09:19:16 - [TEST_STEP][PASSED] - verifyTextPresent: Text '10707 Berlin' is present on page 

2018-03-20 09:19:16 - [MESSAGE][PASSED] - Text '10707 Berlin' is present on page 

2018-03-20 09:19:16 - [TEST_STEP][PASSED] - click: Object: 'Object Repository/TF17/Page_Filialsuche - BVR HTML Prototy (1)/a_4' is clicked on

2018-03-20 09:19:16 - [MESSAGE][PASSED] - Object: 'Object Repository/TF17/Page_Filialsuche - BVR HTML Prototy (1)/a_4' is clicked on

2018-03-20 09:19:16 - [TEST_STEP][PASSED] - click: Object: 'Object Repository/TF17/Page_Filialsuche - BVR HTML Prototy (1)/span_Berliner Volksbank eG Fil_5' is clicked on

2018-03-20 09:19:17 - [MESSAGE][PASSED] - Object: 'Object Repository/TF17/Page_Filialsuche - BVR HTML Prototy (1)/span_Berliner Volksbank eG Fil_5' is clicked on

2018-03-20 09:19:17 - [TEST_STEP][PASSED] - delay: Delayed 2 second(s)

2018-03-20 09:19:19 - [MESSAGE][PASSED] - Delayed 2 second(s)

2018-03-20 09:19:19 - [TEST_STEP][PASSED] - verifyTextPresent: Text 'Ludolfingerplatz 7' is present on page 

2018-03-20 09:19:19 - [MESSAGE][PASSED] - Text 'Ludolfingerplatz 7' is present on page 

2018-03-20 09:19:19 - [TEST_STEP][PASSED] - verifyTextPresent: Text '13465 Berlin' is present on page 

2018-03-20 09:19:19 - [MESSAGE][PASSED] - Text '13465 Berlin' is present on page 

2018-03-20 09:19:19 - [TEST_STEP][PASSED] - click: Object: 'Object Repository/TF17/Page_Filialsuche - BVR HTML Prototy (1)/span_Berliner Volksbank eG Fin_6' is clicked on

2018-03-20 09:19:19 - [MESSAGE][PASSED] - Object: 'Object Repository/TF17/Page_Filialsuche - BVR HTML Prototy (1)/span_Berliner Volksbank eG Fin_6' is clicked on

2018-03-20 09:19:19 - [TEST_STEP][PASSED] - delay: Delayed 2 second(s)

2018-03-20 09:19:21 - [MESSAGE][PASSED] - Delayed 2 second(s)

2018-03-20 09:19:21 - [TEST_STEP][PASSED] - verifyTextPresent: Text 'Mariendorfer Damm 88-90' is present on page 

2018-03-20 09:19:21 - [MESSAGE][PASSED] - Text 'Mariendorfer Damm 88-90' is present on page 

2018-03-20 09:19:21 - [TEST_STEP][PASSED] - verifyTextPresent: Text '12109 Berlin' is present on page 

2018-03-20 09:19:21 - [MESSAGE][PASSED] - Text '12109 Berlin' is present on page 

2018-03-20 09:19:21 - [TEST_STEP][PASSED] - click: Object: 'Object Repository/TF17/Page_Filialsuche - BVR HTML Prototy (1)/span_Berliner Volksbank eG Fil_6' is clicked on

2018-03-20 09:19:21 - [MESSAGE][PASSED] - Object: 'Object Repository/TF17/Page_Filialsuche - BVR HTML Prototy (1)/span_Berliner Volksbank eG Fil_6' is clicked on

2018-03-20 09:19:21 - [TEST_STEP][PASSED] - click: Object: 'Object Repository/TF17/Page_Filialsuche - BVR HTML Prototy (1)/span_Berliner Volksbank eG Fin_7' is clicked on

2018-03-20 09:19:21 - [MESSAGE][PASSED] - Object: 'Object Repository/TF17/Page_Filialsuche - BVR HTML Prototy (1)/span_Berliner Volksbank eG Fin_7' is clicked on

2018-03-20 09:19:21 - [TEST_STEP][PASSED] - delay: Delayed 2 second(s)

2018-03-20 09:19:23 - [MESSAGE][PASSED] - Delayed 2 second(s)

2018-03-20 09:19:23 - [TEST_STEP][PASSED] - click: Object: 'Object Repository/TF17/Page_Filialsuche - BVR HTML Prototy (1)/span_Berliner Volksbank eG Fil_7' is clicked on

2018-03-20 09:19:23 - [MESSAGE][PASSED] - Object: 'Object Repository/TF17/Page_Filialsuche - BVR HTML Prototy (1)/span_Berliner Volksbank eG Fil_7' is clicked on

2018-03-20 09:19:23 - [TEST_STEP][PASSED] - click: Object: 'Object Repository/TF17/Page_Filialsuche - BVR HTML Prototy (1)/span_Berliner Volksbank eG Fil_8' is clicked on

2018-03-20 09:19:23 - [MESSAGE][PASSED] - Object: 'Object Repository/TF17/Page_Filialsuche - BVR HTML Prototy (1)/span_Berliner Volksbank eG Fil_8' is clicked on

2018-03-20 09:19:23 - [TEST_STEP][PASSED] - delay: Delayed 2 second(s)

2018-03-20 09:19:25 - [MESSAGE][PASSED] - Delayed 2 second(s)

2018-03-20 09:19:25 - [TEST_STEP][PASSED] - click: Object: 'Object Repository/TF17/Page_Filialsuche - BVR HTML Prototy (1)/a_5' is clicked on

2018-03-20 09:19:25 - [MESSAGE][PASSED] - Object: 'Object Repository/TF17/Page_Filialsuche - BVR HTML Prototy (1)/a_5' is clicked on

2018-03-20 09:19:25 - [TEST_STEP][PASSED] - click: Object: 'Object Repository/TF17/Page_Filialsuche - BVR HTML Prototy (1)/span_Berliner Volksbank eG Fil_9' is clicked on

2018-03-20 09:19:25 - [MESSAGE][PASSED] - Object: 'Object Repository/TF17/Page_Filialsuche - BVR HTML Prototy (1)/span_Berliner Volksbank eG Fil_9' is clicked on

2018-03-20 09:19:25 - [TEST_STEP][PASSED] - click: Object: 'Object Repository/TF17/Page_Filialsuche - BVR HTML Prototy (1)/span_Berliner Volksbank eG Fil_10' is clicked on

2018-03-20 09:19:25 - [MESSAGE][PASSED] - Object: 'Object Repository/TF17/Page_Filialsuche - BVR HTML Prototy (1)/span_Berliner Volksbank eG Fil_10' is clicked on

2018-03-20 09:19:25 - [TEST_STEP][PASSED] - delay: Delayed 2 second(s)

2018-03-20 09:19:27 - [MESSAGE][PASSED] - Delayed 2 second(s)

2018-03-20 09:19:27 - [TEST_STEP][PASSED] - click: Object: 'Object Repository/TF17/Page_Filialsuche - BVR HTML Prototy (1)/span_Berliner Volksbank eG Fil_11' is clicked on

2018-03-20 09:19:28 - [MESSAGE][PASSED] - Object: 'Object Repository/TF17/Page_Filialsuche - BVR HTML Prototy (1)/span_Berliner Volksbank eG Fil_11' is clicked on

2018-03-20 09:19:28 - [TEST_STEP][PASSED] - click: Object: 'Object Repository/TF17/Page_Filialsuche - BVR HTML Prototy (1)/span_Berliner Volksbank eG Fil_12' is clicked on

2018-03-20 09:19:28 - [MESSAGE][PASSED] - Object: 'Object Repository/TF17/Page_Filialsuche - BVR HTML Prototy (1)/span_Berliner Volksbank eG Fil_12' is clicked on

2018-03-20 09:19:28 - [TEST_STEP][PASSED] - delay: Delayed 2 second(s)

2018-03-20 09:19:30 - [MESSAGE][PASSED] - Delayed 2 second(s)

2018-03-20 09:19:30 - [TEST_STEP][PASSED] - click: Object: 'Object Repository/TF17/Page_Filialsuche - BVR HTML Prototy (1)/span_Berliner Volksbank eG Fil_13' is clicked on

2018-03-20 09:19:30 - [MESSAGE][PASSED] - Object: 'Object Repository/TF17/Page_Filialsuche - BVR HTML Prototy (1)/span_Berliner Volksbank eG Fil_13' is clicked on

2018-03-20 09:19:30 - [TEST_STEP][PASSED] - delay: Delayed 5 second(s)

2018-03-20 09:19:35 - [MESSAGE][PASSED] - Delayed 5 second(s)

2018-03-20 09:19:35 - [TEST_STEP][PASSED] - verifyTextPresent: Text 'Scharnweberstr. 14' is present on page 

2018-03-20 09:19:35 - [MESSAGE][PASSED] - Text 'Scharnweberstr. 14' is present on page 

2018-03-20 09:19:35 - [TEST_STEP][PASSED] - verifyTextPresent: Text '13405 Berlin' is present on page 

2018-03-20 09:19:35 - [MESSAGE][PASSED] - Text '13405 Berlin' is present on page 

2018-03-20 09:19:35 - [TEST_STEP][PASSED] - click: Object: 'Object Repository/TF17/Page_Filialsuche - BVR HTML Prototy (1)/span_Berliner Volksbank eG Fin_8' is clicked on

2018-03-20 09:19:35 - [MESSAGE][PASSED] - Object: 'Object Repository/TF17/Page_Filialsuche - BVR HTML Prototy (1)/span_Berliner Volksbank eG Fin_8' is clicked on

2018-03-20 09:19:35 - [TEST_STEP][PASSED] - delay: Delayed 2 second(s)

2018-03-20 09:19:37 - [MESSAGE][PASSED] - Delayed 2 second(s)

2018-03-20 09:19:37 - [TEST_STEP][PASSED] - verifyTextPresent: Text 'Schloßstr. 46' is present on page 

2018-03-20 09:19:37 - [MESSAGE][PASSED] - Text 'Schloßstr. 46' is present on page 

2018-03-20 09:19:37 - [TEST_STEP][PASSED] - verifyTextPresent: Text '12165 Berlin' is present on page 

2018-03-20 09:19:37 - [MESSAGE][PASSED] - Text '12165 Berlin' is present on page 

2018-03-20 09:19:37 - [TEST_STEP][PASSED] - click: Object: 'Object Repository/TF17/Page_Filialsuche - BVR HTML Prototy (1)/a_6' is clicked on

2018-03-20 09:19:37 - [MESSAGE][PASSED] - Object: 'Object Repository/TF17/Page_Filialsuche - BVR HTML Prototy (1)/a_6' is clicked on

2018-03-20 09:19:37 - [TEST_STEP][PASSED] - click: Object: 'Object Repository/TF17/Page_Filialsuche - BVR HTML Prototy (1)/span_Berliner Volksbank eG Fil_14' is clicked on

2018-03-20 09:19:37 - [MESSAGE][PASSED] - Object: 'Object Repository/TF17/Page_Filialsuche - BVR HTML Prototy (1)/span_Berliner Volksbank eG Fil_14' is clicked on

2018-03-20 09:19:37 - [TEST_STEP][PASSED] - click: Object: 'Object Repository/TF17/Page_Filialsuche - BVR HTML Prototy (1)/span_Berliner Volksbank eG Fin_9' is clicked on

2018-03-20 09:19:37 - [MESSAGE][PASSED] - Object: 'Object Repository/TF17/Page_Filialsuche - BVR HTML Prototy (1)/span_Berliner Volksbank eG Fin_9' is clicked on

2018-03-20 09:19:37 - [TEST_STEP][PASSED] - delay: Delayed 2 second(s)

2018-03-20 09:19:39 - [MESSAGE][PASSED] - Delayed 2 second(s)

2018-03-20 09:19:39 - [TEST_STEP][PASSED] - click: Object: 'Object Repository/TF17/Page_Filialsuche - BVR HTML Prototy (1)/span_Berliner Volksbank eG Fil_15' is clicked on

2018-03-20 09:19:39 - [MESSAGE][PASSED] - Object: 'Object Repository/TF17/Page_Filialsuche - BVR HTML Prototy (1)/span_Berliner Volksbank eG Fil_15' is clicked on

2018-03-20 09:19:39 - [TEST_STEP][PASSED] - delay: Delayed 2 second(s)

2018-03-20 09:19:41 - [MESSAGE][PASSED] - Delayed 2 second(s)

2018-03-20 09:19:41 - [TEST_STEP][PASSED] - verifyTextPresent: Text 'Tempelhofer Damm 159' is present on page 

2018-03-20 09:19:41 - [MESSAGE][PASSED] - Text 'Tempelhofer Damm 159' is present on page 

2018-03-20 09:19:41 - [TEST_STEP][PASSED] - verifyTextPresent: Text '12099 Berlin' is present on page 

2018-03-20 09:19:41 - [MESSAGE][PASSED] - Text '12099 Berlin' is present on page 

2018-03-20 09:19:41 - [TEST_STEP][PASSED] - click: Object: 'Object Repository/TF17/Page_Filialsuche - BVR HTML Prototy (1)/span_Berliner Volksbank eG Fin_10' is clicked on

2018-03-20 09:19:41 - [MESSAGE][PASSED] - Object: 'Object Repository/TF17/Page_Filialsuche - BVR HTML Prototy (1)/span_Berliner Volksbank eG Fin_10' is clicked on

2018-03-20 09:19:41 - [TEST_STEP][PASSED] - delay: Delayed 2 second(s)

2018-03-20 09:19:43 - [MESSAGE][PASSED] - Delayed 2 second(s)

2018-03-20 09:19:43 - [TEST_STEP][PASSED] - verifyTextPresent: Text 'Wilmersdorfer Straße 65/66' is present on page 

2018-03-20 09:19:43 - [MESSAGE][PASSED] - Text 'Wilmersdorfer Straße 65/66' is present on page 

2018-03-20 09:19:43 - [TEST_STEP][PASSED] - verifyTextPresent: Text '10627 Berlin' is present on page 

[...]
Session ID: 2F95F2B6-6107-41A7-881E-4CA827943197)]]></system-err>
      </testcase>
      <testcase name="Test Cases/Prototyp_Filialsuche (RC 18)/60_Testfall" classname="Test Cases/Prototyp_Filialsuche (RC 18)/60_Testfall" status="FAILED">
         <failure type="FAILED" message="Unable to verify text 'Martin-Luther-Platz 20' is present  (Root cause: Text 'Martin-Luther-Platz 20' is not present on page )"/>
         <system-out><![CDATA[2018-03-20 09:33:27 - [TEST_CASE][FAILED] - Test Cases/Prototyp_Filialsuche (RC 18)/60_Testfall: Test Cases/Prototyp_Filialsuche (RC 18)/60_Testfall FAILED because (of) Unable to verify text 'Martin-Luther-Platz 20' is present  (Root cause: Text 'Martin-Luther-Platz 20' is not present on page )

2018-03-20 09:33:27 - [TEST_STEP][PASSED] - openBrowser: Browser is opened with url: ''

2018-03-20 09:33:27 - [MESSAGE][WARNING] - A browser is already opened. Closing browser and opening a new one

2018-03-20 09:33:29 - [MESSAGE][PASSED] - Browser is opened with url: ''

2018-03-20 09:33:29 - [TEST_STEP][PASSED] - deleteAllCookies: Delete all cookies successfully

2018-03-20 09:33:29 - [MESSAGE][PASSED] - Delete all cookies successfully

2018-03-20 09:33:29 - [TEST_STEP][PASSED] - maximizeWindow: Current window maximized

2018-03-20 09:33:29 - [MESSAGE][PASSED] - Current window maximized

2018-03-20 09:33:29 - [TEST_STEP][PASSED] - navigateToUrl: Navigate to 'http://rc-ogrhtmlprototyp.testintern/18-1-0/filialsuche-nuernberg-textinput.html' successfully

2018-03-20 09:33:32 - [MESSAGE][PASSED] - Navigate to 'http://rc-ogrhtmlprototyp.testintern/18-1-0/filialsuche-nuernberg-textinput.html' successfully

2018-03-20 09:33:32 - [TEST_STEP][PASSED] - delay: Delayed 2 second(s)

2018-03-20 09:33:34 - [MESSAGE][PASSED] - Delayed 2 second(s)

2018-03-20 09:33:34 - [TEST_STEP][PASSED] - setText: Text 'Ansbach' is set on object 'Object Repository/Filialsuche_Inputtext'

2018-03-20 09:33:34 - [MESSAGE][PASSED] - Text 'Ansbach' is set on object 'Object Repository/Filialsuche_Inputtext'

2018-03-20 09:33:34 - [TEST_STEP][PASSED] - submit: The form containing object: 'Object Repository/Filialsuche_submit_button' is submitted

2018-03-20 09:33:34 - [MESSAGE][PASSED] - The form containing object: 'Object Repository/Filialsuche_submit_button' is submitted

2018-03-20 09:33:34 - [TEST_STEP][PASSED] - delay: Delayed 2 second(s)

2018-03-20 09:33:36 - [MESSAGE][PASSED] - Delayed 2 second(s)

2018-03-20 09:33:36 - [TEST_STEP][FAILED] - verifyTextPresent: Unable to verify text 'Martin-Luther-Platz 20' is present  (Root cause: Text 'Martin-Luther-Platz 20' is not present on page )

2018-03-20 09:33:36 - [MESSAGE][FAILED] - Text 'Martin-Luther-Platz 20' is not present on page 

2018-03-20 09:33:36 - [MESSAGE][FAILED] - Unable to verify text 'Martin-Luther-Platz 20' is present  (Root cause: Text 'Martin-Luther-Platz 20' is not present on page )
[[ATTACHMENT|/Users/lbut/Desktop/KATALON/Prototyp1_20_03/Prototyp1/Reports/Prototyp Filialsuche (RC18) 13_03_2018/20180320_091422/1521534816682.png]]]]></system-out>
         <system-err><![CDATA[2018-03-20 09:33:27 - [TEST_CASE][FAILED] - Test Cases/Prototyp_Filialsuche (RC 18)/60_Testfall: Test Cases/Prototyp_Filialsuche (RC 18)/60_Testfall FAILED because (of) Unable to verify text 'Martin-Luther-Platz 20' is present  (Root cause: Text 'Martin-Luther-Platz 20' is not present on page )]]></system-err>
      </testcase>
      <testcase name="Test Cases/Prototyp_Filialsuche (RC 18)/61_Testfall" classname="Test Cases/Prototyp_Filialsuche (RC 18)/61_Testfall" status="FAILED">
         <failure type="FAILED" message="Unable to verify text 'Hauptstr. 56' is not present  (Root cause: Text 'Hauptstr. 56' is present on page )"/>
         <system-out><![CDATA[2018-03-20 09:33:36 - [TEST_CASE][FAILED] - Test Cases/Prototyp_Filialsuche (RC 18)/61_Testfall: Test Cases/Prototyp_Filialsuche (RC 18)/61_Testfall FAILED because (of) Unable to verify text 'Hauptstr. 56' is not present  (Root cause: Text 'Hauptstr. 56' is present on page )

2018-03-20 09:33:37 - [TEST_STEP][PASSED] - openBrowser: Browser is opened with url: ''

2018-03-20 09:33:37 - [MESSAGE][WARNING] - A browser is already opened. Closing browser and opening a new one

2018-03-20 09:33:38 - [MESSAGE][PASSED] - Browser is opened with url: ''

2018-03-20 09:33:38 - [TEST_STEP][PASSED] - deleteAllCookies: Delete all cookies successfully

2018-03-20 09:33:38 - [MESSAGE][PASSED] - Delete all cookies successfully

2018-03-20 09:33:38 - [TEST_STEP][PASSED] - maximizeWindow: Current window maximized

2018-03-20 09:33:38 - [MESSAGE][PASSED] - Current window maximized

2018-03-20 09:33:38 - [TEST_STEP][PASSED] - navigateToUrl: Navigate to 'http://rc-ogrhtmlprototyp.testintern/18-1-0/filialsuche-wangen-textinput.html' successfully

2018-03-20 09:33:41 - [MESSAGE][PASSED] - Navigate to 'http://rc-ogrhtmlprototyp.testintern/18-1-0/filialsuche-wangen-textinput.html' successfully

2018-03-20 09:33:41 - [TEST_STEP][PASSED] - delay: Delayed 2 second(s)

2018-03-20 09:33:43 - [MESSAGE][PASSED] - Delayed 2 second(s)

2018-03-20 09:33:43 - [TEST_STEP][PASSED] - setText: Text 'Rechberghausen' is set on object 'Object Repository/Filialsuche_Inputtext'

2018-03-20 09:33:44 - [MESSAGE][PASSED] - Text 'Rechberghausen' is set on object 'Object Repository/Filialsuche_Inputtext'

2018-03-20 09:33:44 - [TEST_STEP][PASSED] - submit: The form containing object: 'Object Repository/Filialsuche_submit_button' is submitted

2018-03-20 09:33:44 - [MESSAGE][PASSED] - The form containing object: 'Object Repository/Filialsuche_submit_button' is submitted

2018-03-20 09:33:44 - [TEST_STEP][PASSED] - delay: Delayed 2 second(s)

2018-03-20 09:33:46 - [MESSAGE][PASSED] - Delayed 2 second(s)

2018-03-20 09:33:46 - [TEST_STEP][PASSED] - verifyTextPresent: Text 'Geschäftsstelle Rechberghausen' is present on page 

2018-03-20 09:33:46 - [MESSAGE][PASSED] - Text 'Geschäftsstelle Rechberghausen' is present on page 

2018-03-20 09:33:46 - [TEST_STEP][PASSED] - verifyTextPresent: Text 'Hauptstr. 37' is present on page 

2018-03-20 09:33:46 - [MESSAGE][PASSED] - Text 'Hauptstr. 37' is present on page 

2018-03-20 09:33:46 - [TEST_STEP][PASSED] - verifyTextPresent: Text '73098 Rechberghausen' is present on page 

2018-03-20 09:33:46 - [MESSAGE][PASSED] - Text '73098 Rechberghausen' is present on page 

2018-03-20 09:33:46 - [TEST_STEP][PASSED] - verifyTextPresent: Text 'Geschäftsstelle Börtlingen' is present on page 

2018-03-20 09:33:46 - [MESSAGE][PASSED] - Text 'Geschäftsstelle Börtlingen' is present on page 

2018-03-20 09:33:46 - [TEST_STEP][PASSED] - verifyTextPresent: Text 'Geschäftsstelle Uhingen-Holzhausen' is present on page 

2018-03-20 09:33:46 - [MESSAGE][PASSED] - Text 'Geschäftsstelle Uhingen-Holzhausen' is present on page 

2018-03-20 09:33:46 - [TEST_STEP][PASSED] - verifyTextPresent: Text 'Raiffeisenbank Wangen eG' is present on page 

2018-03-20 09:33:46 - [MESSAGE][PASSED] - Text 'Raiffeisenbank Wangen eG' is present on page 

2018-03-20 09:33:46 - [TEST_STEP][FAILED] - verifyTextNotPresent: Unable to verify text 'Hauptstr. 56' is not present  (Root cause: Text 'Hauptstr. 56' is present on page )

2018-03-20 09:33:46 - [MESSAGE][FAILED] - Text 'Hauptstr. 56' is present on page 

2018-03-20 09:33:47 - [MESSAGE][FAILED] - Unable to verify text 'Hauptstr. 56' is not present  (Root cause: Text 'Hauptstr. 56' is present on page )
[[ATTACHMENT|/Users/lbut/Desktop/KATALON/Prototyp1_20_03/Prototyp1/Reports/Prototyp Filialsuche (RC18) 13_03_2018/20180320_091422/1521534826844.png]]]]></system-out>
         <system-err><![CDATA[2018-03-20 09:33:36 - [TEST_CASE][FAILED] - Test Cases/Prototyp_Filialsuche (RC 18)/61_Testfall: Test Cases/Prototyp_Filialsuche (RC 18)/61_Testfall FAILED because (of) Unable to verify text 'Hauptstr. 56' is not present  (Root cause: Text 'Hauptstr. 56' is present on page )]]></system-err>
      </testcase>
      <testcase name="Test Cases/Prototyp_Filialsuche (RC 18)/62_Testfall" classname="Test Cases/Prototyp_Filialsuche (RC 18)/62_Testfall" status="FAILED">
         <failure type="FAILED" message="Verify element text of test object 'Object Repository/OGRPrototypFilialsuche - DistanzRotenburg/01ErgebnisTest' FAILED. (Root cause: Actual text 'VR-Bankverein Bad Hersfeld-Rotenburg eG Filiale  Bad Hersfeld' and expected text 'VR-Bankverein Bad Hersfeld-Rotenburg eG Filiale Bad Hersfeld' of test object 'Object Repository/OGRPrototypFilialsuche - DistanzRotenburg/01ErgebnisTest' are NOT matched.)"/>
         <system-out><![CDATA[2018-03-20 09:33:47 - [TEST_CASE][FAILED] - Test Cases/Prototyp_Filialsuche (RC 18)/62_Testfall: Test Cases/Prototyp_Filialsuche (RC 18)/62_Testfall FAILED because (of) Verify element text of test object 'Object Repository/OGRPrototypFilialsuche - DistanzRotenburg/01ErgebnisTest' FAILED. (Root cause: Actual text 'VR-Bankverein Bad Hersfeld-Rotenburg eG Filiale  Bad Hersfeld' and expected text 'VR-Bankverein Bad Hersfeld-Rotenburg eG Filiale Bad Hersfeld' of test object 'Object Repository/OGRPrototypFilialsuche - DistanzRotenburg/01ErgebnisTest' are NOT matched.)

2018-03-20 09:33:47 - [TEST_STEP][PASSED] - openBrowser: Browser is opened with url: ''

2018-03-20 09:33:47 - [MESSAGE][WARNING] - A browser is already opened. Closing browser and opening a new one

2018-03-20 09:33:50 - [MESSAGE][PASSED] - Browser is opened with url: ''

2018-03-20 09:33:50 - [TEST_STEP][PASSED] - deleteAllCookies: Delete all cookies successfully

2018-03-20 09:33:50 - [MESSAGE][PASSED] - Delete all cookies successfully

2018-03-20 09:33:50 - [TEST_STEP][PASSED] - maximizeWindow: Current window maximized

2018-03-20 09:33:50 - [MESSAGE][PASSED] - Current window maximized

2018-03-20 09:33:50 - [TEST_STEP][PASSED] - navigateToUrl: Navigate to 'http://rc-ogrhtmlprototyp.testintern/18-1-0/filialsuche-rotenburg.html' successfully

2018-03-20 09:33:54 - [MESSAGE][PASSED] - Navigate to 'http://rc-ogrhtmlprototyp.testintern/18-1-0/filialsuche-rotenburg.html' successfully

2018-03-20 09:33:54 - [TEST_STEP][PASSED] - waitForPageLoad: Wait for page load successfully

2018-03-20 09:33:54 - [MESSAGE][WARNING] - Timeout '0' is invalid. Using default page load timeout: '30'

2018-03-20 09:33:57 - [MESSAGE][PASSED] - Wait for page load successfully

2018-03-20 09:33:57 - [TEST_STEP][PASSED] - delay: Delayed 4 second(s)

2018-03-20 09:34:01 - [MESSAGE][PASSED] - Delayed 4 second(s)

2018-03-20 09:34:01 - [TEST_STEP][PASSED] - click: Object: 'Object Repository/03/Page_Filialsuche-rotenburg - BVR HT/svg_dropdown-icons' is clicked on

2018-03-20 09:34:01 - [MESSAGE][PASSED] - Object: 'Object Repository/03/Page_Filialsuche-rotenburg - BVR HT/svg_dropdown-icons' is clicked on

2018-03-20 09:34:01 - [TEST_STEP][PASSED] - delay: Delayed 2 second(s)

2018-03-20 09:34:03 - [MESSAGE][PASSED] - Delayed 2 second(s)

2018-03-20 09:34:03 - [TEST_STEP][PASSED] - mouseOver: Object: 'Object Repository/002/Page_Filialsuche-rotenburg - BVR HT/div_Bad Hersfeld' is hovered

2018-03-20 09:34:03 - [MESSAGE][PASSED] - Object: 'Object Repository/002/Page_Filialsuche-rotenburg - BVR HT/div_Bad Hersfeld' is hovered

2018-03-20 09:34:03 - [TEST_STEP][PASSED] - delay: Delayed 2 second(s)

2018-03-20 09:34:05 - [MESSAGE][PASSED] - Delayed 2 second(s)

2018-03-20 09:34:05 - [TEST_STEP][PASSED] - click: Object: 'Object Repository/03/Page_Filialsuche-rotenburg - BVR HT/div_Bad Hersfeld' is clicked on

2018-03-20 09:34:06 - [MESSAGE][PASSED] - Object: 'Object Repository/03/Page_Filialsuche-rotenburg - BVR HT/div_Bad Hersfeld' is clicked on

2018-03-20 09:34:06 - [TEST_STEP][PASSED] - delay: Delayed 2 second(s)

2018-03-20 09:34:08 - [MESSAGE][PASSED] - Delayed 2 second(s)

2018-03-20 09:34:08 - [TEST_STEP][FAILED] - verifyElementText: Verify element text of test object 'Object Repository/OGRPrototypFilialsuche - DistanzRotenburg/01ErgebnisTest' FAILED. (Root cause: Actual text 'VR-Bankverein Bad Hersfeld-Rotenburg eG Filiale  Bad Hersfeld' and expected text 'VR-Bankverein Bad Hersfeld-Rotenburg eG Filiale Bad Hersfeld' of test object 'Object Repository/OGRPrototypFilialsuche - DistanzRotenburg/01ErgebnisTest' are NOT matched.)

2018-03-20 09:34:08 - [MESSAGE][FAILED] - Actual text 'VR-Bankverein Bad Hersfeld-Rotenburg eG Filiale  Bad Hersfeld' and expected text 'VR-Bankverein Bad Hersfeld-Rotenburg eG Filiale Bad Hersfeld' of test object 'Object Repository/OGRPrototypFilialsuche - DistanzRotenburg/01ErgebnisTest' are NOT matched.
[[ATTACHMENT|/Users/lbut/Desktop/KATALON/Prototyp1_20_03/Prototyp1/Reports/Prototyp Filialsuche (RC18) 13_03_2018/20180320_091422/1521534848063.png]]

2018-03-20 09:34:08 - [MESSAGE][FAILED] - Verify element text of test object 'Object Repository/OGRPrototypFilialsuche - DistanzRotenburg/01ErgebnisTest' FAILED. (Root cause: Actual text 'VR-Bankverein Bad Hersfeld-Rotenburg eG Filiale  Bad Hersfeld' and expected text 'VR-Bankverein Bad Hersfeld-Rotenburg eG Filiale Bad Hersfeld' of test object 'Object Repository/OGRPrototypFilialsuche - DistanzRotenburg/01ErgebnisTest' are NOT matched.)
[[ATTACHMENT|/Users/lbut/Desktop/KATALON/Prototyp1_20_03/Prototyp1/Reports/Prototyp Filialsuche (RC18) 13_03_2018/20180320_091422/1521534848498.png]]]]></system-out>
         <system-err><![CDATA[2018-03-20 09:33:47 - [TEST_CASE][FAILED] - Test Cases/Prototyp_Filialsuche (RC 18)/62_Testfall: Test Cases/Prototyp_Filialsuche (RC 18)/62_Testfall FAILED because (of) Verify element text of test object 'Object Repository/OGRPrototypFilialsuche - DistanzRotenburg/01ErgebnisTest' FAILED. (Root cause: Actual text 'VR-Bankverein Bad Hersfeld-Rotenburg eG Filiale  Bad Hersfeld' and expected text 'VR-Bankverein Bad Hersfeld-Rotenburg eG Filiale Bad Hersfeld' of test object 'Object Repository/OGRPrototypFilialsuche - DistanzRotenburg/01ErgebnisTest' are NOT matched.)]]></system-err>
      </testcase>
      <testcase name="Test Cases/Prototyp_Filialsuche (RC 18)/63_Testfall" classname="Test Cases/Prototyp_Filialsuche (RC 18)/63_Testfall" status="FAILED">
         <failure type="FAILED" message="Verify element text of test object 'Object Repository/OGRPrototypFilialsuche - DistanzRotenburg/01ErgebnisTest' FAILED. (Root cause: Actual text 'VR-Bankverein Bad Hersfeld-Rotenburg eG Filiale  Bad Hersfeld' and expected text 'VR-Bankverein Bad Hersfeld-Rotenburg eG Filiale Bad Hersfeld' of test object 'Object Repository/OGRPrototypFilialsuche - DistanzRotenburg/01ErgebnisTest' are NOT matched.)"/>
         <system-out><![CDATA[2018-03-20 09:34:08 - [TEST_CASE][FAILED] - Test Cases/Prototyp_Filialsuche (RC 18)/63_Testfall: Test Cases/Prototyp_Filialsuche (RC 18)/63_Testfall FAILED because (of) Verify element text of test object 'Object Repository/OGRPrototypFilialsuche - DistanzRotenburg/01ErgebnisTest' FAILED. (Root cause: Actual text 'VR-Bankverein Bad Hersfeld-Rotenburg eG Filiale  Bad Hersfeld' and expected text 'VR-Bankverein Bad Hersfeld-Rotenburg eG Filiale Bad Hersfeld' of test object 'Object Repository/OGRPrototypFilialsuche - DistanzRotenburg/01ErgebnisTest' are NOT matched.)

2018-03-20 09:34:08 - [TEST_STEP][PASSED] - openBrowser: Browser is opened with url: ''

2018-03-20 09:34:08 - [MESSAGE][WARNING] - A browser is already opened. Closing browser and opening a new one

2018-03-20 09:34:11 - [MESSAGE][PASSED] - Browser is opened with url: ''

2018-03-20 09:34:11 - [TEST_STEP][PASSED] - maximizeWindow: Current window maximized

2018-03-20 09:34:11 - [MESSAGE][PASSED] - Current window maximized

2018-03-20 09:34:11 - [TEST_STEP][PASSED] - deleteAllCookies: Delete all cookies successfully

2018-03-20 09:34:11 - [MESSAGE][PASSED] - Delete all cookies successfully

2018-03-20 09:34:11 - [TEST_STEP][PASSED] - navigateToUrl: Navigate to 'http://rc-ogrhtmlprototyp.testintern/18-1-0/filialsuche-rotenburg-textinput.html' successfully

2018-03-20 09:34:13 - [MESSAGE][PASSED] - Navigate to 'http://rc-ogrhtmlprototyp.testintern/18-1-0/filialsuche-rotenburg-textinput.html' successfully

2018-03-20 09:34:13 - [TEST_STEP][PASSED] - delay: Delayed 5 second(s)

2018-03-20 09:34:18 - [MESSAGE][PASSED] - Delayed 5 second(s)

2018-03-20 09:34:18 - [TEST_STEP][PASSED] - setText: Text 'Bad Hersfeld' is set on object 'Object Repository/Filialsuche_Inputtext'

2018-03-20 09:34:18 - [MESSAGE][PASSED] - Text 'Bad Hersfeld' is set on object 'Object Repository/Filialsuche_Inputtext'

2018-03-20 09:34:18 - [TEST_STEP][PASSED] - delay: Delayed 2 second(s)

2018-03-20 09:34:20 - [MESSAGE][PASSED] - Delayed 2 second(s)

2018-03-20 09:34:20 - [TEST_STEP][PASSED] - submit: The form containing object: 'Object Repository/Filialsuche_submit_button' is submitted

2018-03-20 09:34:20 - [MESSAGE][PASSED] - The form containing object: 'Object Repository/Filialsuche_submit_button' is submitted

2018-03-20 09:34:20 - [TEST_STEP][PASSED] - delay: Delayed 5 second(s)

2018-03-20 09:34:25 - [MESSAGE][PASSED] - Delayed 5 second(s)

2018-03-20 09:34:25 - [TEST_STEP][FAILED] - verifyElementText: Verify element text of test object 'Object Repository/OGRPrototypFilialsuche - DistanzRotenburg/01ErgebnisTest' FAILED. (Root cause: Actual text 'VR-Bankverein Bad Hersfeld-Rotenburg eG Filiale  Bad Hersfeld' and expected text 'VR-Bankverein Bad Hersfeld-Rotenburg eG Filiale Bad Hersfeld' of test object 'Object Repository/OGRPrototypFilialsuche - DistanzRotenburg/01ErgebnisTest' are NOT matched.)

2018-03-20 09:34:25 - [MESSAGE][FAILED] - Actual text 'VR-Bankverein Bad Hersfeld-Rotenburg eG Filiale  Bad Hersfeld' and expected text 'VR-Bankverein Bad Hersfeld-Rotenburg eG Filiale Bad Hersfeld' of test object 'Object Repository/OGRPrototypFilialsuche - DistanzRotenburg/01ErgebnisTest' are NOT matched.
[[ATTACHMENT|/Users/lbut/Desktop/KATALON/Prototyp1_20_03/Prototyp1/Reports/Prototyp Filialsuche (RC18) 13_03_2018/20180320_091422/1521534865486.png]]

2018-03-20 09:34:26 - [MESSAGE][FAILED] - Verify element text of test object 'Object Repository/OGRPrototypFilialsuche - DistanzRotenburg/01ErgebnisTest' FAILED. (Root cause: Actual text 'VR-Bankverein Bad Hersfeld-Rotenburg eG Filiale  Bad Hersfeld' and expected text 'VR-Bankverein Bad Hersfeld-Rotenburg eG Filiale Bad Hersfeld' of test object 'Object Repository/OGRPrototypFilialsuche - DistanzRotenburg/01ErgebnisTest' are NOT matched.)
[[ATTACHMENT|/Users/lbut/Desktop/KATALON/Prototyp1_20_03/Prototyp1/Reports/Prototyp Filialsuche (RC18) 13_03_2018/20180320_091422/1521534865819.png]]]]></system-out>
         <system-err><![CDATA[2018-03-20 09:34:08 - [TEST_CASE][FAILED] - Test Cases/Prototyp_Filialsuche (RC 18)/63_Testfall: Test Cases/Prototyp_Filialsuche (RC 18)/63_Testfall FAILED because (of) Verify element text of test object 'Object Repository/OGRPrototypFilialsuche - DistanzRotenburg/01ErgebnisTest' FAILED. (Root cause: Actual text 'VR-Bankverein Bad Hersfeld-Rotenburg eG Filiale  Bad Hersfeld' and expected text 'VR-Bankverein Bad Hersfeld-Rotenburg eG Filiale Bad Hersfeld' of test object 'Object Repository/OGRPrototypFilialsuche - DistanzRotenburg/01ErgebnisTest' are NOT matched.)]]></system-err>
      </testcase>
      <system-out><![CDATA[2018-03-20 09:14:46 - [TEST_SUITE][FAILED] - Prototyp Filialsuche (RC18) 13_03_2018: Test Cases/Prototyp_Filialsuche (RC 18)/16_Testfall FAILED because (of) Unable to verify object 'Object Repository/Entfernung_filialsuche' is visible (Root cause: Object 'Object Repository/Entfernung_filialsuche' is NOT visible)]]></system-out>
      <system-err><![CDATA[2018-03-20 09:14:46 - [TEST_SUITE][FAILED] - Prototyp Filialsuche (RC18) 13_03_2018: Test Cases/Prototyp_Filialsuche (RC 18)/16_Testfall FAILED because (of) Unable to verify object 'Object Repository/Entfernung_filialsuche' is visible (Root cause: Object 'Object Repository/Entfernung_filialsuche' is NOT visible)]]></system-err>
   </testsuite>
</testsuites>
