<?xml version="1.0" encoding="UTF-8"?>
<testsuites name="Filialsuche_20_03" time="1301" tests="48" failures="15" errors="0">
   <testsuite name="Filialsuche_20_03" tests="48" failures="15" errors="0" time="1301" timestamp="2018-03-20 19:41:54" hostname="lbut - 192.168.0.4" id="Test Suites/Filialsuche_20_03">
      <properties>
[...]
</properties>
      <testcase name="Test Cases/Prototyp_Filialsuche (RC 18)/01_Testfall" classname="Test Cases/Prototyp_Filialsuche (RC 18)/01_Testfall" status="PASSED">
         <system-out><![CDATA[2018-03-20 19:41:55 - [TEST_CASE][PASSED] - Test Cases/Prototyp_Filialsuche (RC 18)/01_Testfall: Test Cases/Prototyp_Filialsuche (RC 18)/01_Testfall

2018-03-20 19:41:55 - [TEST_STEP][PASSED] - openBrowser: Browser is opened with url: ''

2018-03-20 19:42:12 - [MESSAGE][PASSED] - Browser is opened with url: ''

2018-03-20 19:42:12 - [TEST_STEP][PASSED] - deleteAllCookies: Delete all cookies successfully

2018-03-20 19:42:12 - [MESSAGE][PASSED] - Delete all cookies successfully

2018-03-20 19:42:12 - [TEST_STEP][PASSED] - maximizeWindow: Current window maximized

2018-03-20 19:42:12 - [MESSAGE][PASSED] - Current window maximized

2018-03-20 19:42:12 - [TEST_STEP][PASSED] - navigateToUrl: Navigate to 'http://rc-ogrhtmlprototyp.testintern/18-1-0/filialsuche.html' successfully

2018-03-20 19:42:20 - [MESSAGE][PASSED] - Navigate to 'http://rc-ogrhtmlprototyp.testintern/18-1-0/filialsuche.html' successfully

2018-03-20 19:42:20 - [TEST_STEP][PASSED] - delay: Delayed 5 second(s)

2018-03-20 19:42:25 - [MESSAGE][PASSED] - Delayed 5 second(s)

2018-03-20 19:42:25 - [TEST_STEP][PASSED] - Statement - wes = com.kms.katalon.core.webui.common.WebUiCommonHelper.findWebElements(com.kms.katalon.core.testobject.ObjectRepository.findTestObject(filial_map), 5): Found 61 web elements with id: 'Object Repository/filial_map' located by 'By.xpath: //div[@class='aps-map__custom-marker']' in '5' second(s)

2018-03-20 19:42:26 - [TEST_STEP][PASSED] - Statement - For ([i = 0, i < wes.size(), (i++)]): null

2018-03-20 19:42:26 - [TEST_STEP][PASSED] - Statement - el = wes.get(i): null

2018-03-20 19:42:26 - [TEST_STEP][PASSED] - Statement - If (!(el.isDisplayed())): null

2018-03-20 19:42:26 - [TEST_STEP][PASSED] - Statement - el = wes.get(i): null

2018-03-20 19:42:26 - [TEST_STEP][PASSED] - Statement - If (!(el.isDisplayed())): null

2018-03-20 19:42:26 - [TEST_STEP][PASSED] - Statement - el = wes.get(i): null

2018-03-20 19:42:26 - [TEST_STEP][PASSED] - Statement - If (!(el.isDisplayed())): null

2018-03-20 19:42:26 - [TEST_STEP][PASSED] - Statement - el = wes.get(i): null

2018-03-20 19:42:26 - [TEST_STEP][PASSED] - Statement - If (!(el.isDisplayed())): null

2018-03-20 19:42:26 - [TEST_STEP][PASSED] - Statement - el = wes.get(i): null

2018-03-20 19:42:26 - [TEST_STEP][PASSED] - Statement - If (!(el.isDisplayed())): null

2018-03-20 19:42:26 - [TEST_STEP][PASSED] - Statement - el = wes.get(i): null

2018-03-20 19:42:26 - [TEST_STEP][PASSED] - Statement - If (!(el.isDisplayed())): null

2018-03-20 19:42:26 - [TEST_STEP][PASSED] - Statement - el = wes.get(i): null

2018-03-20 19:42:26 - [TEST_STEP][PASSED] - Statement - If (!(el.isDisplayed())): null

2018-03-20 19:42:26 - [TEST_STEP][PASSED] - Statement - el = wes.get(i): null

2018-03-20 19:42:26 - [TEST_STEP][PASSED] - Statement - If (!(el.isDisplayed())): null

2018-03-20 19:42:26 - [TEST_STEP][PASSED] - Statement - el = wes.get(i): null

2018-03-20 19:42:26 - [TEST_STEP][PASSED] - Statement - If (!(el.isDisplayed())): null

2018-03-20 19:42:26 - [TEST_STEP][PASSED] - Statement - el = wes.get(i): null

2018-03-20 19:42:26 - [TEST_STEP][PASSED] - Statement - If (!(el.isDisplayed())): null

2018-03-20 19:42:26 - [TEST_STEP][PASSED] - Statement - el = wes.get(i): null

2018-03-20 19:42:26 - [TEST_STEP][PASSED] - Statement - If (!(el.isDisplayed())): null

2018-03-20 19:42:26 - [TEST_STEP][PASSED] - Statement - el = wes.get(i): null

2018-03-20 19:42:26 - [TEST_STEP][PASSED] - Statement - If (!(el.isDisplayed())): null

2018-03-20 19:42:26 - [TEST_STEP][PASSED] - Statement - el = wes.get(i): null

2018-03-20 19:42:26 - [TEST_STEP][PASSED] - Statement - If (!(el.isDisplayed())): null

2018-03-20 19:42:26 - [TEST_STEP][PASSED] - Statement - el = wes.get(i): null

2018-03-20 19:42:26 - [TEST_STEP][PASSED] - Statement - If (!(el.isDisplayed())): null

2018-03-20 19:42:26 - [TEST_STEP][PASSED] - Statement - el = wes.get(i): null

2018-03-20 19:42:27 - [TEST_STEP][PASSED] - Statement - If (!(el.isDisplayed())): null

2018-03-20 19:42:27 - [TEST_STEP][PASSED] - Statement - el = wes.get(i): null

2018-03-20 19:42:27 - [TEST_STEP][PASSED] - Statement - If (!(el.isDisplayed())): null

2018-03-20 19:42:27 - [TEST_STEP][PASSED] - Statement - el = wes.get(i): null

2018-03-20 19:42:27 - [TEST_STEP][PASSED] - Statement - If (!(el.isDisplayed())): null

2018-03-20 19:42:27 - [TEST_STEP][PASSED] - Statement - el = wes.get(i): null

2018-03-20 19:42:27 - [TEST_STEP][PASSED] - Statement - If (!(el.isDisplayed())): null

2018-03-20 19:42:27 - [TEST_STEP][PASSED] - Statement - el = wes.get(i): null

2018-03-20 19:42:27 - [TEST_STEP][PASSED] - Statement - If (!(el.isDisplayed())): null

2018-03-20 19:42:27 - [TEST_STEP][PASSED] - Statement - el = wes.get(i): null

2018-03-20 19:42:27 - [TEST_STEP][PASSED] - Statement - If (!(el.isDisplayed())): null

2018-03-20 19:42:27 - [TEST_STEP][PASSED] - Statement - el = wes.get(i): null

2018-03-20 19:42:27 - [TEST_STEP][PASSED] - Statement - If (!(el.isDisplayed())): null

2018-03-20 19:42:27 - [TEST_STEP][PASSED] - Statement - el = wes.get(i): null

2018-03-20 19:42:27 - [TEST_STEP][PASSED] - Statement - If (!(el.isDisplayed())): null

2018-03-20 19:42:27 - [TEST_STEP][PASSED] - Statement - el = wes.get(i): null

2018-03-20 19:42:27 - [TEST_STEP][PASSED] - Statement - If (!(el.isDisplayed())): null

2018-03-20 19:42:27 - [TEST_STEP][PASSED] - Statement - el = wes.get(i): null

2018-03-20 19:42:27 - [TEST_STEP][PASSED] - Statement - If (!(el.isDisplayed())): null

2018-03-20 19:42:27 - [TEST_STEP][PASSED] - Statement - el = wes.get(i): null

2018-03-20 19:42:27 - [TEST_STEP][PASSED] - Statement - If (!(el.isDisplayed())): null

2018-03-20 19:42:27 - [TEST_STEP][PASSED] - Statement - el = wes.get(i): null

2018-03-20 19:42:27 - [TEST_STEP][PASSED] - Statement - If (!(el.isDisplayed())): null

2018-03-20 19:42:27 - [TEST_STEP][PASSED] - Statement - el = wes.get(i): null

2018-03-20 19:42:27 - [TEST_STEP][PASSED] - Statement - If (!(el.isDisplayed())): null

2018-03-20 19:42:27 - [TEST_STEP][PASSED] - Statement - el = wes.get(i): null

2018-03-20 19:42:27 - [TEST_STEP][PASSED] - Statement - If (!(el.isDisplayed())): null

2018-03-20 19:42:27 - [TEST_STEP][PASSED] - Statement - el = wes.get(i): null

2018-03-20 19:42:27 - [TEST_STEP][PASSED] - Statement - If (!(el.isDisplayed())): null

2018-03-20 19:42:27 - [TEST_STEP][PASSED] - Statement - el = wes.get(i): null

2018-03-20 19:42:27 - [TEST_STEP][PASSED] - Statement - If (!(el.isDisplayed())): null

2018-03-20 19:42:27 - [TEST_STEP][PASSED] - Statement - el = wes.get(i): null

2018-03-20 19:42:27 - [TEST_STEP][PASSED] - Statement - If (!(el.isDisplayed())): null

2018-03-20 19:42:27 - [TEST_STEP][PASSED] - Statement - el = wes.get(i): null

2018-03-20 19:42:27 - [TEST_STEP][PASSED] - Statement - If (!(el.isDisplayed())): null

2018-03-20 19:42:27 - [TEST_STEP][PASSED] - Statement - el = wes.get(i): null

2018-03-20 19:42:27 - [TEST_STEP][PASSED] - Statement - If (!(el.isDisplayed())): null

2018-03-20 19:42:27 - [TEST_STEP][PASSED] - Statement - el = wes.get(i): null

2018-03-20 19:42:27 - [TEST_STEP][PASSED] - Statement - If (!(el.isDisplayed())): null

2018-03-20 19:42:27 - [TEST_STEP][PASSED] - Statement - el = wes.get(i): null

2018-03-20 19:42:27 - [TEST_STEP][PASSED] - Statement - If (!(el.isDisplayed())): null

2018-03-20 19:42:27 - [TEST_STEP][PASSED] - Statement - el = wes.get(i): null

2018-03-20 19:42:27 - [TEST_STEP][PASSED] - Statement - If (!(el.isDisplayed())): null

2018-03-20 19:42:27 - [TEST_STEP][PASSED] - Statement - el = wes.get(i): null

2018-03-20 19:42:27 - [TEST_STEP][PASSED] - Statement - If (!(el.isDisplayed())): null

2018-03-20 19:42:27 - [TEST_STEP][PASSED] - Statement - el = wes.get(i): null

2018-03-20 19:42:27 - [TEST_STEP][PASSED] - Statement - If (!(el.isDisplayed())): null

2018-03-20 19:42:27 - [TEST_STEP][PASSED] - Statement - el = wes.get(i): null

2018-03-20 19:42:27 - [TEST_STEP][PASSED] - Statement - If (!(el.isDisplayed())): null

2018-03-20 19:42:27 - [TEST_STEP][PASSED] - Statement - el = wes.get(i): null

2018-03-20 19:42:27 - [TEST_STEP][PASSED] - Statement - If (!(el.isDisplayed())): null

2018-03-20 19:42:27 - [TEST_STEP][PASSED] - Statement - el = wes.get(i): null

2018-03-20 19:42:27 - [TEST_STEP][PASSED] - Statement - If (!(el.isDisplayed())): null

2018-03-20 19:42:27 - [TEST_STEP][PASSED] - Statement - el = wes.get(i): null

2018-03-20 19:42:27 - [TEST_STEP][PASSED] - Statement - If (!(el.isDisplayed())): null

2018-03-20 19:42:27 - [TEST_STEP][PASSED] - Statement - el = wes.get(i): null

2018-03-20 19:42:27 - [TEST_STEP][PASSED] - Statement - If (!(el.isDisplayed())): null

2018-03-20 19:42:27 - [TEST_STEP][PASSED] - Statement - el = wes.get(i): null

2018-03-20 19:42:27 - [TEST_STEP][PASSED] - Statement - If (!(el.isDisplayed())): null

2018-03-20 19:42:27 - [TEST_STEP][PASSED] - Statement - el = wes.get(i): null

2018-03-20 19:42:27 - [TEST_STEP][PASSED] - Statement - If (!(el.isDisplayed())): null

2018-03-20 19:42:27 - [TEST_STEP][PASSED] - Statement - el = wes.get(i): null

2018-03-20 19:42:27 - [TEST_STEP][PASSED] - Statement - If (!(el.isDisplayed())): null

2018-03-20 19:42:27 - [TEST_STEP][PASSED] - Statement - el = wes.get(i): null

2018-03-20 19:42:27 - [TEST_STEP][PASSED] - Statement - If (!(el.isDisplayed())): null

2018-03-20 19:42:27 - [TEST_STEP][PASSED] - Statement - el = wes.get(i): null

2018-03-20 19:42:27 - [TEST_STEP][PASSED] - Statement - If (!(el.isDisplayed())): null

2018-03-20 19:42:27 - [TEST_STEP][PASSED] - Statement - el = wes.get(i): null

2018-03-20 19:42:27 - [TEST_STEP][PASSED] - Statement - If (!(el.isDisplayed())): null

2018-03-20 19:42:27 - [TEST_STEP][PASSED] - Statement - el = wes.get(i): null

2018-03-20 19:42:27 - [TEST_STEP][PASSED] - Statement - If (!(el.isDisplayed())): null

2018-03-20 19:42:27 - [TEST_STEP][PASSED] - Statement - el = wes.get(i): null

2018-03-20 19:42:27 - [TEST_STEP][PASSED] - Statement - If (!(el.isDisplayed())): null

2018-03-20 19:42:27 - [TEST_STEP][PASSED] - Statement - el = wes.get(i): null

2018-03-20 19:42:27 - [TEST_STEP][PASSED] - Statement - If (!(el.isDisplayed())): null

2018-03-20 19:42:27 - [TEST_STEP][PASSED] - Statement - el = wes.get(i): null

2018-03-20 19:42:27 - [TEST_STEP][PASSED] - Statement - If (!(el.isDisplayed())): null

2018-03-20 19:42:27 - [TEST_STEP][PASSED] - Statement - el = wes.get(i): null

2018-03-20 19:42:27 - [TEST_STEP][PASSED] - Statement - If (!(el.isDisplayed())): null

2018-03-20 19:42:27 - [TEST_STEP][PASSED] - Statement - el = wes.get(i): null

2018-03-20 19:42:27 - [TEST_STEP][PASSED] - Statement - If (!(el.isDisplayed())): null

2018-03-20 19:42:27 - [TEST_STEP][PASSED] - Statement - el = wes.get(i): null

2018-03-20 19:42:27 - [TEST_STEP][PASSED] - Statement - If (!(el.isDisplayed())): null

2018-03-20 19:42:27 - [TEST_STEP][PASSED] - Statement - el = wes.get(i): null

2018-03-20 19:42:27 - [TEST_STEP][PASSED] - Statement - If (!(el.isDisplayed())): null

2018-03-20 19:42:27 - [TEST_STEP][PASSED] - Statement - el = wes.get(i): null

2018-03-20 19:42:27 - [TEST_STEP][PASSED] - Statement - If (!(el.isDisplayed())): null

2018-03-20 19:42:27 - [TEST_STEP][PASSED] - Statement - el = wes.get(i): null

2018-03-20 19:42:27 - [TEST_STEP][PASSED] - Statement - If (!(el.isDisplayed())): null

2018-03-20 19:42:27 - [TEST_STEP][PASSED] - Statement - el = wes.get(i): null

2018-03-20 19:42:27 - [TEST_STEP][PASSED] - Statement - If (!(el.isDisplayed())): null

2018-03-20 19:42:27 - [TEST_STEP][PASSED] - Statement - el = wes.get(i): null

2018-03-20 19:42:27 - [TEST_STEP][PASSED] - Statement - If (!(el.isDisplayed())): null

2018-03-20 19:42:27 - [TEST_STEP][PASSED] - closeBrowser: Browser is closed

2018-03-20 19:42:27 - [MESSAGE][PASSED] - Browser is closed]]></system-out>
         <system-err><![CDATA[]]></system-err>
      </testcase>
      <testcase name="Test Cases/Prototyp_Filialsuche (RC 18)/02_Testfall" classname="Test Cases/Prototyp_Filialsuche (RC 18)/02_Testfall" status="PASSED">
         <system-out><![CDATA[2018-03-20 19:42:27 - [TEST_CASE][PASSED] - Test Cases/Prototyp_Filialsuche (RC 18)/02_Testfall: Test Cases/Prototyp_Filialsuche (RC 18)/02_Testfall

2018-03-20 19:42:28 - [TEST_STEP][PASSED] - openBrowser: Browser is opened with url: ''

2018-03-20 19:42:30 - [MESSAGE][PASSED] - Browser is opened with url: ''

2018-03-20 19:42:30 - [TEST_STEP][PASSED] - deleteAllCookies: Delete all cookies successfully

2018-03-20 19:42:30 - [MESSAGE][PASSED] - Delete all cookies successfully

2018-03-20 19:42:30 - [TEST_STEP][PASSED] - maximizeWindow: Current window maximized

2018-03-20 19:42:30 - [MESSAGE][PASSED] - Current window maximized

2018-03-20 19:42:30 - [TEST_STEP][PASSED] - navigateToUrl: Navigate to 'http://rc-ogrhtmlprototyp.testintern/18-1-0/filialsuche-wangen.html' successfully

2018-03-20 19:42:36 - [MESSAGE][PASSED] - Navigate to 'http://rc-ogrhtmlprototyp.testintern/18-1-0/filialsuche-wangen.html' successfully

2018-03-20 19:42:36 - [TEST_STEP][PASSED] - delay: Delayed 5 second(s)

2018-03-20 19:42:41 - [MESSAGE][PASSED] - Delayed 5 second(s)

2018-03-20 19:42:41 - [TEST_STEP][PASSED] - Statement - wes = com.kms.katalon.core.webui.common.WebUiCommonHelper.findWebElements(com.kms.katalon.core.testobject.ObjectRepository.findTestObject(filial_map), 5): Finding web element with id: 'Object Repository/filial_map' located by 'By.xpath: //div[@class='aps-map__custom-marker']' in '5' second(s)

2018-03-20 19:42:47 - [TEST_STEP][PASSED] - Statement - For ([i = 0, i < wes.size(), (i++)]): null

2018-03-20 19:42:47 - [TEST_STEP][PASSED] - closeBrowser: Browser is closed

2018-03-20 19:42:47 - [MESSAGE][PASSED] - Browser is closed]]></system-out>
         <system-err><![CDATA[]]></system-err>
      </testcase>
      <testcase name="Test Cases/Prototyp_Filialsuche (RC 18)/03_Testfall" classname="Test Cases/Prototyp_Filialsuche (RC 18)/03_Testfall" status="PASSED">
         <system-out><![CDATA[2018-03-20 19:42:47 - [TEST_CASE][PASSED] - Test Cases/Prototyp_Filialsuche (RC 18)/03_Testfall: Test Cases/Prototyp_Filialsuche (RC 18)/03_Testfall

2018-03-20 19:42:47 - [TEST_STEP][PASSED] - openBrowser: Browser is opened with url: ''

2018-03-20 19:42:49 - [MESSAGE][PASSED] - Browser is opened with url: ''

2018-03-20 19:42:49 - [TEST_STEP][PASSED] - deleteAllCookies: Delete all cookies successfully

2018-03-20 19:42:49 - [MESSAGE][PASSED] - Delete all cookies successfully

2018-03-20 19:42:49 - [TEST_STEP][PASSED] - maximizeWindow: Current window maximized

2018-03-20 19:42:49 - [MESSAGE][PASSED] - Current window maximized

2018-03-20 19:42:49 - [TEST_STEP][PASSED] - navigateToUrl: Navigate to 'http://rc-ogrhtmlprototyp.testintern/18-1-0/filialsuche-rotenburg.html' successfully

2018-03-20 19:42:59 - [MESSAGE][PASSED] - Navigate to 'http://rc-ogrhtmlprototyp.testintern/18-1-0/filialsuche-rotenburg.html' successfully

2018-03-20 19:42:59 - [TEST_STEP][PASSED] - delay: Delayed 5 second(s)

2018-03-20 19:43:04 - [MESSAGE][PASSED] - Delayed 5 second(s)

2018-03-20 19:43:04 - [TEST_STEP][PASSED] - Statement - wes = com.kms.katalon.core.webui.common.WebUiCommonHelper.findWebElements(com.kms.katalon.core.testobject.ObjectRepository.findTestObject(filial_map), 5): Found 19 web elements with id: 'Object Repository/filial_map' located by 'By.xpath: //div[@class='aps-map__custom-marker']' in '5' second(s)

2018-03-20 19:43:04 - [TEST_STEP][PASSED] - Statement - For ([i = 0, i < wes.size(), (i++)]): null

2018-03-20 19:43:04 - [TEST_STEP][PASSED] - Statement - el = wes.get(i): null

2018-03-20 19:43:04 - [TEST_STEP][PASSED] - Statement - If (!(el.isDisplayed())): null

2018-03-20 19:43:04 - [TEST_STEP][PASSED] - Statement - el = wes.get(i): null

2018-03-20 19:43:04 - [TEST_STEP][PASSED] - Statement - If (!(el.isDisplayed())): null

2018-03-20 19:43:04 - [TEST_STEP][PASSED] - Statement - el = wes.get(i): null

2018-03-20 19:43:04 - [TEST_STEP][PASSED] - Statement - If (!(el.isDisplayed())): null

2018-03-20 19:43:04 - [TEST_STEP][PASSED] - Statement - el = wes.get(i): null

2018-03-20 19:43:04 - [TEST_STEP][PASSED] - Statement - If (!(el.isDisplayed())): null

2018-03-20 19:43:04 - [TEST_STEP][PASSED] - Statement - el = wes.get(i): null

2018-03-20 19:43:04 - [TEST_STEP][PASSED] - Statement - If (!(el.isDisplayed())): null

2018-03-20 19:43:04 - [TEST_STEP][PASSED] - Statement - el = wes.get(i): null

2018-03-20 19:43:04 - [TEST_STEP][PASSED] - Statement - If (!(el.isDisplayed())): null

2018-03-20 19:43:04 - [TEST_STEP][PASSED] - Statement - el = wes.get(i): null

2018-03-20 19:43:04 - [TEST_STEP][PASSED] - Statement - If (!(el.isDisplayed())): null

2018-03-20 19:43:04 - [TEST_STEP][PASSED] - Statement - el = wes.get(i): null

2018-03-20 19:43:04 - [TEST_STEP][PASSED] - Statement - If (!(el.isDisplayed())): null

2018-03-20 19:43:04 - [TEST_STEP][PASSED] - Statement - el = wes.get(i): null

2018-03-20 19:43:04 - [TEST_STEP][PASSED] - Statement - If (!(el.isDisplayed())): null

2018-03-20 19:43:04 - [TEST_STEP][PASSED] - Statement - el = wes.get(i): null

2018-03-20 19:43:04 - [TEST_STEP][PASSED] - Statement - If (!(el.isDisplayed())): null

2018-03-20 19:43:04 - [TEST_STEP][PASSED] - Statement - el = wes.get(i): null

2018-03-20 19:43:04 - [TEST_STEP][PASSED] - Statement - If (!(el.isDisplayed())): null

2018-03-20 19:43:04 - [TEST_STEP][PASSED] - Statement - el = wes.get(i): null

2018-03-20 19:43:04 - [TEST_STEP][PASSED] - Statement - If (!(el.isDisplayed())): null

2018-03-20 19:43:04 - [TEST_STEP][PASSED] - Statement - el = wes.get(i): null

2018-03-20 19:43:04 - [TEST_STEP][PASSED] - Statement - If (!(el.isDisplayed())): null

2018-03-20 19:43:04 - [TEST_STEP][PASSED] - Statement - el = wes.get(i): null

2018-03-20 19:43:04 - [TEST_STEP][PASSED] - Statement - If (!(el.isDisplayed())): null

2018-03-20 19:43:04 - [TEST_STEP][PASSED] - Statement - el = wes.get(i): null

2018-03-20 19:43:04 - [TEST_STEP][PASSED] - Statement - If (!(el.isDisplayed())): null

2018-03-20 19:43:04 - [TEST_STEP][PASSED] - Statement - el = wes.get(i): null

2018-03-20 19:43:04 - [TEST_STEP][PASSED] - Statement - If (!(el.isDisplayed())): null

2018-03-20 19:43:04 - [TEST_STEP][PASSED] - Statement - el = wes.get(i): null

2018-03-20 19:43:04 - [TEST_STEP][PASSED] - Statement - If (!(el.isDisplayed())): null

2018-03-20 19:43:04 - [TEST_STEP][PASSED] - Statement - el = wes.get(i): null

2018-03-20 19:43:04 - [TEST_STEP][PASSED] - Statement - If (!(el.isDisplayed())): null

2018-03-20 19:43:04 - [TEST_STEP][PASSED] - Statement - el = wes.get(i): null

2018-03-20 19:43:04 - [TEST_STEP][PASSED] - Statement - If (!(el.isDisplayed())): null

2018-03-20 19:43:04 - [TEST_STEP][PASSED] - closeBrowser: Browser is closed

2018-03-20 19:43:04 - [MESSAGE][PASSED] - Browser is closed]]></system-out>
         <system-err><![CDATA[]]></system-err>
      </testcase>
      <testcase name="Test Cases/Prototyp_Filialsuche (RC 18)/04_Testfall" classname="Test Cases/Prototyp_Filialsuche (RC 18)/04_Testfall" status="PASSED">
         <system-out><![CDATA[2018-03-20 19:43:04 - [TEST_CASE][PASSED] - Test Cases/Prototyp_Filialsuche (RC 18)/04_Testfall: Test Cases/Prototyp_Filialsuche (RC 18)/04_Testfall

2018-03-20 19:43:04 - [TEST_STEP][PASSED] - openBrowser: Browser is opened with url: ''

2018-03-20 19:43:07 - [MESSAGE][PASSED] - Browser is opened with url: ''

2018-03-20 19:43:07 - [TEST_STEP][PASSED] - deleteAllCookies: Delete all cookies successfully

2018-03-20 19:43:07 - [MESSAGE][PASSED] - Delete all cookies successfully

2018-03-20 19:43:07 - [TEST_STEP][PASSED] - maximizeWindow: Current window maximized

2018-03-20 19:43:07 - [MESSAGE][PASSED] - Current window maximized

2018-03-20 19:43:07 - [TEST_STEP][PASSED] - navigateToUrl: Navigate to 'http://rc-ogrhtmlprototyp.testintern/18-1-0/filialsuche-nuernberg.html' successfully

2018-03-20 19:43:08 - [MESSAGE][PASSED] - Navigate to 'http://rc-ogrhtmlprototyp.testintern/18-1-0/filialsuche-nuernberg.html' successfully

2018-03-20 19:43:08 - [TEST_STEP][PASSED] - delay: Delayed 5 second(s)

2018-03-20 19:43:13 - [MESSAGE][PASSED] - Delayed 5 second(s)

2018-03-20 19:43:13 - [TEST_STEP][PASSED] - Statement - wes = com.kms.katalon.core.webui.common.WebUiCommonHelper.findWebElements(com.kms.katalon.core.testobject.ObjectRepository.findTestObject(filial_map), 5): Found 10 web elements with id: 'Object Repository/filial_map' located by 'By.xpath: //div[@class='aps-map__custom-marker']' in '5' second(s)

2018-03-20 19:43:13 - [TEST_STEP][PASSED] - Statement - For ([i = 0, i < wes.size(), (i++)]): null

2018-03-20 19:43:13 - [TEST_STEP][PASSED] - Statement - el = wes.get(i): null

2018-03-20 19:43:13 - [TEST_STEP][PASSED] - Statement - If (!(el.isDisplayed())): null

2018-03-20 19:43:13 - [TEST_STEP][PASSED] - Statement - el = wes.get(i): null

2018-03-20 19:43:13 - [TEST_STEP][PASSED] - Statement - If (!(el.isDisplayed())): null

2018-03-20 19:43:13 - [TEST_STEP][PASSED] - Statement - el = wes.get(i): null

2018-03-20 19:43:13 - [TEST_STEP][PASSED] - Statement - If (!(el.isDisplayed())): null

2018-03-20 19:43:13 - [TEST_STEP][PASSED] - Statement - el = wes.get(i): null

2018-03-20 19:43:13 - [TEST_STEP][PASSED] - Statement - If (!(el.isDisplayed())): null

2018-03-20 19:43:14 - [TEST_STEP][PASSED] - Statement - el = wes.get(i): null

2018-03-20 19:43:14 - [TEST_STEP][PASSED] - Statement - If (!(el.isDisplayed())): null

2018-03-20 19:43:14 - [TEST_STEP][PASSED] - Statement - el = wes.get(i): null

2018-03-20 19:43:14 - [TEST_STEP][PASSED] - Statement - If (!(el.isDisplayed())): null

2018-03-20 19:43:14 - [TEST_STEP][PASSED] - Statement - el = wes.get(i): null

2018-03-20 19:43:14 - [TEST_STEP][PASSED] - Statement - If (!(el.isDisplayed())): null

2018-03-20 19:43:14 - [TEST_STEP][PASSED] - Statement - el = wes.get(i): null

2018-03-20 19:43:14 - [TEST_STEP][PASSED] - Statement - If (!(el.isDisplayed())): null

2018-03-20 19:43:14 - [TEST_STEP][PASSED] - Statement - el = wes.get(i): null

2018-03-20 19:43:14 - [TEST_STEP][PASSED] - Statement - If (!(el.isDisplayed())): null

2018-03-20 19:43:14 - [TEST_STEP][PASSED] - Statement - el = wes.get(i): null

2018-03-20 19:43:14 - [TEST_STEP][PASSED] - Statement - If (!(el.isDisplayed())): null

2018-03-20 19:43:14 - [TEST_STEP][PASSED] - closeBrowser: Browser is closed

2018-03-20 19:43:14 - [MESSAGE][PASSED] - Browser is closed]]></system-out>
         <system-err><![CDATA[]]></system-err>
      </testcase>
      <testcase name="Test Cases/Prototyp_Filialsuche (RC 18)/05_Testfall" classname="Test Cases/Prototyp_Filialsuche (RC 18)/05_Testfall" status="PASSED">
         <system-out><![CDATA[2018-03-20 19:43:14 - [TEST_CASE][PASSED] - Test Cases/Prototyp_Filialsuche (RC 18)/05_Testfall: Test Cases/Prototyp_Filialsuche (RC 18)/05_Testfall

2018-03-20 19:43:14 - [TEST_STEP][PASSED] - openBrowser: Browser is opened with url: ''

2018-03-20 19:43:16 - [MESSAGE][PASSED] - Browser is opened with url: ''

2018-03-20 19:43:16 - [TEST_STEP][PASSED] - maximizeWindow: Current window maximized

2018-03-20 19:43:16 - [MESSAGE][PASSED] - Current window maximized

2018-03-20 19:43:16 - [TEST_STEP][PASSED] - deleteAllCookies: Delete all cookies successfully

2018-03-20 19:43:16 - [MESSAGE][PASSED] - Delete all cookies successfully

2018-03-20 19:43:16 - [TEST_STEP][PASSED] - navigateToUrl: Navigate to 'http://rc-ogrhtmlprototyp.testintern/18-1-0/filialsuche.html' successfully

2018-03-20 19:43:18 - [MESSAGE][PASSED] - Navigate to 'http://rc-ogrhtmlprototyp.testintern/18-1-0/filialsuche.html' successfully

2018-03-20 19:43:18 - [TEST_STEP][PASSED] - delay: Delayed 5 second(s)

2018-03-20 19:43:23 - [MESSAGE][PASSED] - Delayed 5 second(s)

2018-03-20 19:43:23 - [TEST_STEP][PASSED] - verifyElementNotPresent: Web element with id: 'Object Repository/Akkordeon_plus_filialsuche' located by 'By.xpath: //a[@class='acc-header acc-header--open']' is not present after '5' second(s)

2018-03-20 19:43:28 - [MESSAGE][PASSED] - Web element with id: 'Object Repository/Akkordeon_plus_filialsuche' located by 'By.xpath: //a[@class='acc-header acc-header--open']' is not present after '5' second(s)

2018-03-20 19:43:28 - [TEST_STEP][PASSED] - closeBrowser: Browser is closed

2018-03-20 19:43:28 - [MESSAGE][PASSED] - Browser is closed]]></system-out>
         <system-err><![CDATA[]]></system-err>
      </testcase>
      <testcase name="Test Cases/Prototyp_Filialsuche (RC 18)/06_Testfall" classname="Test Cases/Prototyp_Filialsuche (RC 18)/06_Testfall" status="PASSED">
         <system-out><![CDATA[2018-03-20 19:43:28 - [TEST_CASE][PASSED] - Test Cases/Prototyp_Filialsuche (RC 18)/06_Testfall: Test Cases/Prototyp_Filialsuche (RC 18)/06_Testfall

2018-03-20 19:43:28 - [TEST_STEP][PASSED] - openBrowser: Browser is opened with url: ''

2018-03-20 19:43:30 - [MESSAGE][PASSED] - Browser is opened with url: ''

2018-03-20 19:43:30 - [TEST_STEP][PASSED] - maximizeWindow: Current window maximized

2018-03-20 19:43:30 - [MESSAGE][PASSED] - Current window maximized

2018-03-20 19:43:30 - [TEST_STEP][PASSED] - deleteAllCookies: Delete all cookies successfully

2018-03-20 19:43:30 - [MESSAGE][PASSED] - Delete all cookies successfully

2018-03-20 19:43:30 - [TEST_STEP][PASSED] - navigateToUrl: Navigate to 'http://rc-ogrhtmlprototyp.testintern/18-1-0/filialsuche-wangen.html' successfully

2018-03-20 19:43:32 - [MESSAGE][PASSED] - Navigate to 'http://rc-ogrhtmlprototyp.testintern/18-1-0/filialsuche-wangen.html' successfully

2018-03-20 19:43:32 - [TEST_STEP][PASSED] - delay: Delayed 5 second(s)

2018-03-20 19:43:37 - [MESSAGE][PASSED] - Delayed 5 second(s)

2018-03-20 19:43:37 - [TEST_STEP][PASSED] - verifyElementNotPresent: Web element with id: 'Object Repository/Akkordeon_plus_filialsuche' located by 'By.xpath: //a[@class='acc-header acc-header--open']' is not present after '5' second(s)

2018-03-20 19:43:37 - [MESSAGE][PASSED] - Web element with id: 'Object Repository/Akkordeon_plus_filialsuche' located by 'By.xpath: //a[@class='acc-header acc-header--open']' is not present after '5' second(s)

2018-03-20 19:43:37 - [TEST_STEP][PASSED] - closeBrowser: Browser is closed

2018-03-20 19:43:37 - [MESSAGE][PASSED] - Browser is closed]]></system-out>
         <system-err><![CDATA[]]></system-err>
      </testcase>
      <testcase name="Test Cases/Prototyp_Filialsuche (RC 18)/07_Testfall" classname="Test Cases/Prototyp_Filialsuche (RC 18)/07_Testfall" status="PASSED">
         <system-out><![CDATA[2018-03-20 19:43:37 - [TEST_CASE][PASSED] - Test Cases/Prototyp_Filialsuche (RC 18)/07_Testfall: Test Cases/Prototyp_Filialsuche (RC 18)/07_Testfall

2018-03-20 19:43:37 - [TEST_STEP][PASSED] - openBrowser: Browser is opened with url: ''

2018-03-20 19:43:39 - [MESSAGE][PASSED] - Browser is opened with url: ''

2018-03-20 19:43:39 - [TEST_STEP][PASSED] - maximizeWindow: Current window maximized

2018-03-20 19:43:39 - [MESSAGE][PASSED] - Current window maximized

2018-03-20 19:43:39 - [TEST_STEP][PASSED] - deleteAllCookies: Delete all cookies successfully

2018-03-20 19:43:39 - [MESSAGE][PASSED] - Delete all cookies successfully

2018-03-20 19:43:39 - [TEST_STEP][PASSED] - navigateToUrl: Navigate to 'http://rc-ogrhtmlprototyp.testintern/18-1-0/filialsuche-rotenburg.html' successfully

2018-03-20 19:43:49 - [MESSAGE][PASSED] - Navigate to 'http://rc-ogrhtmlprototyp.testintern/18-1-0/filialsuche-rotenburg.html' successfully

2018-03-20 19:43:49 - [TEST_STEP][PASSED] - delay: Delayed 5 second(s)

2018-03-20 19:43:54 - [MESSAGE][PASSED] - Delayed 5 second(s)

2018-03-20 19:43:54 - [TEST_STEP][PASSED] - verifyElementNotPresent: Web element with id: 'Object Repository/Akkordeon_plus_filialsuche' located by 'By.xpath: //a[@class='acc-header acc-header--open']' is not present after '5' second(s)

2018-03-20 19:43:54 - [MESSAGE][PASSED] - Web element with id: 'Object Repository/Akkordeon_plus_filialsuche' located by 'By.xpath: //a[@class='acc-header acc-header--open']' is not present after '5' second(s)

2018-03-20 19:43:54 - [TEST_STEP][PASSED] - closeBrowser: Browser is closed

2018-03-20 19:43:54 - [MESSAGE][PASSED] - Browser is closed]]></system-out>
         <system-err><![CDATA[]]></system-err>
      </testcase>
      <testcase name="Test Cases/Prototyp_Filialsuche (RC 18)/08_Testfall" classname="Test Cases/Prototyp_Filialsuche (RC 18)/08_Testfall" status="PASSED">
         <system-out><![CDATA[2018-03-20 19:43:54 - [TEST_CASE][PASSED] - Test Cases/Prototyp_Filialsuche (RC 18)/08_Testfall: Test Cases/Prototyp_Filialsuche (RC 18)/08_Testfall

2018-03-20 19:43:54 - [TEST_STEP][PASSED] - openBrowser: Browser is opened with url: ''

2018-03-20 19:43:56 - [MESSAGE][PASSED] - Browser is opened with url: ''

2018-03-20 19:43:56 - [TEST_STEP][PASSED] - maximizeWindow: Current window maximized

2018-03-20 19:43:56 - [MESSAGE][PASSED] - Current window maximized

2018-03-20 19:43:56 - [TEST_STEP][PASSED] - deleteAllCookies: Delete all cookies successfully

2018-03-20 19:43:56 - [MESSAGE][PASSED] - Delete all cookies successfully

2018-03-20 19:43:56 - [TEST_STEP][PASSED] - navigateToUrl: Navigate to 'http://rc-ogrhtmlprototyp.testintern/18-1-0/filialsuche-nuernberg.html' successfully

2018-03-20 19:43:59 - [MESSAGE][PASSED] - Navigate to 'http://rc-ogrhtmlprototyp.testintern/18-1-0/filialsuche-nuernberg.html' successfully

2018-03-20 19:43:59 - [TEST_STEP][PASSED] - delay: Delayed 5 second(s)

2018-03-20 19:44:04 - [MESSAGE][PASSED] - Delayed 5 second(s)

2018-03-20 19:44:04 - [TEST_STEP][PASSED] - verifyElementNotPresent: Web element with id: 'Object Repository/Akkordeon_plus_filialsuche' located by 'By.xpath: //a[@class='acc-header acc-header--open']' is not present after '5' second(s)

2018-03-20 19:44:04 - [MESSAGE][PASSED] - Web element with id: 'Object Repository/Akkordeon_plus_filialsuche' located by 'By.xpath: //a[@class='acc-header acc-header--open']' is not present after '5' second(s)

2018-03-20 19:44:04 - [TEST_STEP][PASSED] - closeBrowser: Browser is closed

2018-03-20 19:44:04 - [MESSAGE][PASSED] - Browser is closed]]></system-out>
         <system-err><![CDATA[]]></system-err>
      </testcase>
      <testcase name="Test Cases/Prototyp_Filialsuche (RC 18)/09_Testfall" classname="Test Cases/Prototyp_Filialsuche (RC 18)/09_Testfall" status="PASSED">
         <system-out><![CDATA[2018-03-20 19:44:04 - [TEST_CASE][PASSED] - Test Cases/Prototyp_Filialsuche (RC 18)/09_Testfall: Test Cases/Prototyp_Filialsuche (RC 18)/09_Testfall

2018-03-20 19:44:05 - [TEST_STEP][PASSED] - openBrowser: Browser is opened with url: ''

2018-03-20 19:44:06 - [MESSAGE][PASSED] - Browser is opened with url: ''

2018-03-20 19:44:06 - [TEST_STEP][PASSED] - maximizeWindow: Current window maximized

2018-03-20 19:44:06 - [MESSAGE][PASSED] - Current window maximized

2018-03-20 19:44:06 - [TEST_STEP][PASSED] - deleteAllCookies: Delete all cookies successfully

2018-03-20 19:44:06 - [MESSAGE][PASSED] - Delete all cookies successfully

2018-03-20 19:44:06 - [TEST_STEP][PASSED] - navigateToUrl: Navigate to 'http://rc-ogrhtmlprototyp.testintern/18-1-0/filialsuche.html' successfully

2018-03-20 19:44:11 - [MESSAGE][PASSED] - Navigate to 'http://rc-ogrhtmlprototyp.testintern/18-1-0/filialsuche.html' successfully

2018-03-20 19:44:11 - [TEST_STEP][PASSED] - delay: Delayed 5 second(s)

2018-03-20 19:44:16 - [MESSAGE][PASSED] - Delayed 5 second(s)

2018-03-20 19:44:16 - [TEST_STEP][PASSED] - verifyElementNotPresent: Web element with id: 'Object Repository/Entfernung_filialsuche' located by 'By.xpath: //span[@class='loc-distance']' is not present after '5' second(s)

2018-03-20 19:44:16 - [MESSAGE][PASSED] - Web element with id: 'Object Repository/Entfernung_filialsuche' located by 'By.xpath: //span[@class='loc-distance']' is not present after '5' second(s)

2018-03-20 19:44:16 - [TEST_STEP][PASSED] - closeBrowser: Browser is closed

2018-03-20 19:44:16 - [MESSAGE][PASSED] - Browser is closed]]></system-out>
         <system-err><![CDATA[]]></system-err>
      </testcase>
      <testcase name="Test Cases/Prototyp_Filialsuche (RC 18)/10_Testfall" classname="Test Cases/Prototyp_Filialsuche (RC 18)/10_Testfall" status="PASSED">
         <system-out><![CDATA[2018-03-20 19:44:16 - [TEST_CASE][PASSED] - Test Cases/Prototyp_Filialsuche (RC 18)/10_Testfall: Test Cases/Prototyp_Filialsuche (RC 18)/10_Testfall

2018-03-20 19:44:16 - [TEST_STEP][PASSED] - openBrowser: Browser is opened with url: ''

2018-03-20 19:44:18 - [MESSAGE][PASSED] - Browser is opened with url: ''

2018-03-20 19:44:18 - [TEST_STEP][PASSED] - maximizeWindow: Current window maximized

2018-03-20 19:44:18 - [MESSAGE][PASSED] - Current window maximized

2018-03-20 19:44:18 - [TEST_STEP][PASSED] - deleteAllCookies: Delete all cookies successfully

2018-03-20 19:44:18 - [MESSAGE][PASSED] - Delete all cookies successfully

2018-03-20 19:44:18 - [TEST_STEP][PASSED] - navigateToUrl: Navigate to 'http://rc-ogrhtmlprototyp.testintern/18-1-0/filialsuche-wangen.html' successfully

2018-03-20 19:44:21 - [MESSAGE][PASSED] - Navigate to 'http://rc-ogrhtmlprototyp.testintern/18-1-0/filialsuche-wangen.html' successfully

2018-03-20 19:44:21 - [TEST_STEP][PASSED] - delay: Delayed 5 second(s)

2018-03-20 19:44:26 - [MESSAGE][PASSED] - Delayed 5 second(s)

2018-03-20 19:44:26 - [TEST_STEP][PASSED] - verifyElementNotPresent: Web element with id: 'Object Repository/Entfernung_filialsuche' located by 'By.xpath: //span[@class='loc-distance']' is not present after '5' second(s)

2018-03-20 19:44:26 - [MESSAGE][PASSED] - Web element with id: 'Object Repository/Entfernung_filialsuche' located by 'By.xpath: //span[@class='loc-distance']' is not present after '5' second(s)

2018-03-20 19:44:26 - [TEST_STEP][PASSED] - closeBrowser: Browser is closed

2018-03-20 19:44:26 - [MESSAGE][PASSED] - Browser is closed]]></system-out>
         <system-err><![CDATA[]]></system-err>
      </testcase>
      <testcase name="Test Cases/Prototyp_Filialsuche (RC 18)/11_Testfall" classname="Test Cases/Prototyp_Filialsuche (RC 18)/11_Testfall" status="PASSED">
         <system-out><![CDATA[2018-03-20 19:44:26 - [TEST_CASE][PASSED] - Test Cases/Prototyp_Filialsuche (RC 18)/11_Testfall: Test Cases/Prototyp_Filialsuche (RC 18)/11_Testfall

2018-03-20 19:44:26 - [TEST_STEP][PASSED] - openBrowser: Browser is opened with url: ''

2018-03-20 19:44:27 - [MESSAGE][PASSED] - Browser is opened with url: ''

2018-03-20 19:44:27 - [TEST_STEP][PASSED] - maximizeWindow: Current window maximized

2018-03-20 19:44:27 - [MESSAGE][PASSED] - Current window maximized

2018-03-20 19:44:27 - [TEST_STEP][PASSED] - deleteAllCookies: Delete all cookies successfully

2018-03-20 19:44:27 - [MESSAGE][PASSED] - Delete all cookies successfully

2018-03-20 19:44:27 - [TEST_STEP][PASSED] - navigateToUrl: Navigate to 'http://rc-ogrhtmlprototyp.testintern/18-1-0/filialsuche-rotenburg.html' successfully

2018-03-20 19:44:32 - [MESSAGE][PASSED] - Navigate to 'http://rc-ogrhtmlprototyp.testintern/18-1-0/filialsuche-rotenburg.html' successfully

2018-03-20 19:44:32 - [TEST_STEP][PASSED] - delay: Delayed 5 second(s)

2018-03-20 19:44:37 - [MESSAGE][PASSED] - Delayed 5 second(s)

2018-03-20 19:44:37 - [TEST_STEP][PASSED] - verifyElementNotPresent: Web element with id: 'Object Repository/Entfernung_filialsuche' located by 'By.xpath: //span[@class='loc-distance']' is not present after '5' second(s)

2018-03-20 19:44:37 - [MESSAGE][PASSED] - Web element with id: 'Object Repository/Entfernung_filialsuche' located by 'By.xpath: //span[@class='loc-distance']' is not present after '5' second(s)

2018-03-20 19:44:37 - [TEST_STEP][PASSED] - closeBrowser: Browser is closed

2018-03-20 19:44:37 - [MESSAGE][PASSED] - Browser is closed]]></system-out>
         <system-err><![CDATA[]]></system-err>
      </testcase>
      <testcase name="Test Cases/Prototyp_Filialsuche (RC 18)/12_Testfall" classname="Test Cases/Prototyp_Filialsuche (RC 18)/12_Testfall" status="PASSED">
         <system-out><![CDATA[2018-03-20 19:44:37 - [TEST_CASE][PASSED] - Test Cases/Prototyp_Filialsuche (RC 18)/12_Testfall: Test Cases/Prototyp_Filialsuche (RC 18)/12_Testfall

2018-03-20 19:44:38 - [TEST_STEP][PASSED] - openBrowser: Browser is opened with url: ''

2018-03-20 19:44:40 - [MESSAGE][PASSED] - Browser is opened with url: ''

2018-03-20 19:44:40 - [TEST_STEP][PASSED] - maximizeWindow: Current window maximized

2018-03-20 19:44:40 - [MESSAGE][PASSED] - Current window maximized

2018-03-20 19:44:40 - [TEST_STEP][PASSED] - deleteAllCookies: Delete all cookies successfully

2018-03-20 19:44:40 - [MESSAGE][PASSED] - Delete all cookies successfully

2018-03-20 19:44:40 - [TEST_STEP][PASSED] - navigateToUrl: Navigate to 'http://rc-ogrhtmlprototyp.testintern/18-1-0/filialsuche-nuernberg.html' successfully

2018-03-20 19:44:47 - [MESSAGE][PASSED] - Navigate to 'http://rc-ogrhtmlprototyp.testintern/18-1-0/filialsuche-nuernberg.html' successfully

2018-03-20 19:44:47 - [TEST_STEP][PASSED] - delay: Delayed 5 second(s)

2018-03-20 19:44:52 - [MESSAGE][PASSED] - Delayed 5 second(s)

2018-03-20 19:44:52 - [TEST_STEP][PASSED] - verifyElementNotPresent: Web element with id: 'Object Repository/Entfernung_filialsuche' located by 'By.xpath: //span[@class='loc-distance']' is not present after '5' second(s)

2018-03-20 19:44:54 - [MESSAGE][PASSED] - Web element with id: 'Object Repository/Entfernung_filialsuche' located by 'By.xpath: //span[@class='loc-distance']' is not present after '5' second(s)

2018-03-20 19:44:54 - [TEST_STEP][PASSED] - closeBrowser: Browser is closed

2018-03-20 19:44:54 - [MESSAGE][PASSED] - Browser is closed]]></system-out>
         <system-err><![CDATA[]]></system-err>
      </testcase>
      <testcase name="Test Cases/Prototyp_Filialsuche (RC 18)/13_Testfall" classname="Test Cases/Prototyp_Filialsuche (RC 18)/13_Testfall" status="PASSED">
         <system-out><![CDATA[2018-03-20 19:44:54 - [TEST_CASE][PASSED] - Test Cases/Prototyp_Filialsuche (RC 18)/13_Testfall: Test Cases/Prototyp_Filialsuche (RC 18)/13_Testfall

2018-03-20 19:44:55 - [TEST_STEP][PASSED] - openBrowser: Browser is opened with url: ''

2018-03-20 19:44:57 - [MESSAGE][PASSED] - Browser is opened with url: ''

2018-03-20 19:44:57 - [TEST_STEP][PASSED] - deleteAllCookies: Delete all cookies successfully

2018-03-20 19:44:57 - [MESSAGE][PASSED] - Delete all cookies successfully

2018-03-20 19:44:57 - [TEST_STEP][PASSED] - maximizeWindow: Current window maximized

2018-03-20 19:44:57 - [MESSAGE][PASSED] - Current window maximized

2018-03-20 19:44:57 - [TEST_STEP][PASSED] - navigateToUrl: Navigate to 'http://rc-ogrhtmlprototyp.testintern/18-1-0/filialsuche.html' successfully

2018-03-20 19:45:00 - [MESSAGE][PASSED] - Navigate to 'http://rc-ogrhtmlprototyp.testintern/18-1-0/filialsuche.html' successfully

2018-03-20 19:45:00 - [TEST_STEP][PASSED] - delay: Delayed 5 second(s)

2018-03-20 19:45:05 - [MESSAGE][PASSED] - Delayed 5 second(s)

2018-03-20 19:45:05 - [TEST_STEP][PASSED] - Statement - wes1 = com.kms.katalon.core.webui.common.WebUiCommonHelper.findWebElements(com.kms.katalon.core.testobject.ObjectRepository.findTestObject(filial_map), 5): Found 61 web elements with id: 'Object Repository/filial_map' located by 'By.xpath: //div[@class='aps-map__custom-marker']' in '5' second(s)

2018-03-20 19:45:06 - [TEST_STEP][PASSED] - Statement - wes2 = com.kms.katalon.core.webui.common.WebUiCommonHelper.findWebElements(com.kms.katalon.core.testobject.ObjectRepository.findTestObject(loc_steet_filialsuche), 5): Found 61 web elements with id: 'Object Repository/loc_steet_filialsuche' located by 'By.xpath: //div[@class='loc-street']' in '5' second(s)

2018-03-20 19:45:06 - [TEST_STEP][PASSED] - Statement - filial_maps_count = wes1.size(): null

2018-03-20 19:45:06 - [TEST_STEP][PASSED] - Statement - filial_accordeon_count = wes2.size(): null

2018-03-20 19:45:06 - [TEST_STEP][PASSED] - Statement - filial_count = 61: null

2018-03-20 19:45:06 - [TEST_STEP][PASSED] - Statement - If (filial_maps_count != filial_count): null

2018-03-20 19:45:06 - [TEST_STEP][PASSED] - closeBrowser: Browser is closed

2018-03-20 19:45:06 - [MESSAGE][PASSED] - Browser is closed]]></system-out>
         <system-err><![CDATA[]]></system-err>
      </testcase>
      <testcase name="Test Cases/Prototyp_Filialsuche (RC 18)/14_Testfall" classname="Test Cases/Prototyp_Filialsuche (RC 18)/14_Testfall" status="PASSED">
         <system-out><![CDATA[2018-03-20 19:45:06 - [TEST_CASE][PASSED] - Test Cases/Prototyp_Filialsuche (RC 18)/14_Testfall: Test Cases/Prototyp_Filialsuche (RC 18)/14_Testfall

2018-03-20 19:45:07 - [TEST_STEP][PASSED] - openBrowser: Browser is opened with url: ''

2018-03-20 19:45:09 - [MESSAGE][PASSED] - Browser is opened with url: ''

2018-03-20 19:45:09 - [TEST_STEP][PASSED] - deleteAllCookies: Delete all cookies successfully

2018-03-20 19:45:09 - [MESSAGE][PASSED] - Delete all cookies successfully

2018-03-20 19:45:09 - [TEST_STEP][PASSED] - maximizeWindow: Current window maximized

2018-03-20 19:45:09 - [MESSAGE][PASSED] - Current window maximized

2018-03-20 19:45:09 - [TEST_STEP][PASSED] - navigateToUrl: Navigate to 'http://rc-ogrhtmlprototyp.testintern/18-1-0/filialsuche.html' successfully

2018-03-20 19:45:12 - [MESSAGE][PASSED] - Navigate to 'http://rc-ogrhtmlprototyp.testintern/18-1-0/filialsuche.html' successfully

2018-03-20 19:45:12 - [TEST_STEP][PASSED] - delay: Delayed 5 second(s)

2018-03-20 19:45:17 - [MESSAGE][PASSED] - Delayed 5 second(s)

2018-03-20 19:45:17 - [TEST_STEP][PASSED] - click: Object: 'Object Repository/002/Page_Filialsuche-rotenburg - BVR HT/svg_dropdown-icons' is clicked on

2018-03-20 19:45:17 - [MESSAGE][PASSED] - Object: 'Object Repository/002/Page_Filialsuche-rotenburg - BVR HT/svg_dropdown-icons' is clicked on

2018-03-20 19:45:17 - [TEST_STEP][PASSED] - delay: Delayed 2 second(s)

2018-03-20 19:45:19 - [MESSAGE][PASSED] - Delayed 2 second(s)

2018-03-20 19:45:19 - [TEST_STEP][PASSED] - mouseOver: Object: 'Object Repository/Belitz_option' is hovered

2018-03-20 19:45:19 - [MESSAGE][PASSED] - Object: 'Object Repository/Belitz_option' is hovered

2018-03-20 19:45:19 - [TEST_STEP][PASSED] - delay: Delayed 2 second(s)

2018-03-20 19:45:21 - [MESSAGE][PASSED] - Delayed 2 second(s)

2018-03-20 19:45:21 - [TEST_STEP][PASSED] - click: Object: 'Object Repository/Belitz_option' is clicked on

2018-03-20 19:45:21 - [MESSAGE][PASSED] - Object: 'Object Repository/Belitz_option' is clicked on

2018-03-20 19:45:21 - [TEST_STEP][PASSED] - delay: Delayed 5 second(s)

2018-03-20 19:45:26 - [MESSAGE][PASSED] - Delayed 5 second(s)

2018-03-20 19:45:26 - [TEST_STEP][PASSED] - Statement - wes1 = com.kms.katalon.core.webui.common.WebUiCommonHelper.findWebElements(com.kms.katalon.core.testobject.ObjectRepository.findTestObject(filial_map), 5): Found 37 web elements with id: 'Object Repository/filial_map' located by 'By.xpath: //div[@class='aps-map__custom-marker']' in '5' second(s)

2018-03-20 19:45:26 - [TEST_STEP][PASSED] - Statement - wes2 = com.kms.katalon.core.webui.common.WebUiCommonHelper.findWebElements(com.kms.katalon.core.testobject.ObjectRepository.findTestObject(loc_steet_filialsuche), 5): Found 37 web elements with id: 'Object Repository/loc_steet_filialsuche' located by 'By.xpath: //div[@class='loc-street']' in '5' second(s)

2018-03-20 19:45:26 - [TEST_STEP][PASSED] - Statement - wes3 = com.kms.katalon.core.webui.common.WebUiCommonHelper.findWebElements(com.kms.katalon.core.testobject.ObjectRepository.findTestObject(filialsuche_loc_city), 5): Finding web element with id: 'Object Repository/filialsuche_loc_city' located by 'By.xpath: /div[@class='loc-city']' in '5' second(s)

2018-03-20 19:45:32 - [TEST_STEP][PASSED] - Statement - filial_maps_count = wes1.size(): null

2018-03-20 19:45:32 - [TEST_STEP][PASSED] - Statement - filial_accordeon_count = wes2.size(): null

2018-03-20 19:45:32 - [TEST_STEP][PASSED] - Statement - filial_count = 37: null

2018-03-20 19:45:32 - [TEST_STEP][PASSED] - Statement - city_name = "Berlin": null

2018-03-20 19:45:32 - [TEST_STEP][PASSED] - Statement - If (filial_maps_count != filial_count): null

2018-03-20 19:45:32 - [TEST_STEP][PASSED] - Statement - For ([i = 0, i < wes3.size(), (i++)]): null

2018-03-20 19:45:32 - [TEST_STEP][PASSED] - closeBrowser: Browser is closed

2018-03-20 19:45:32 - [MESSAGE][PASSED] - Browser is closed]]></system-out>
         <system-err><![CDATA[]]></system-err>
      </testcase>
      <testcase name="Test Cases/Prototyp_Filialsuche (RC 18)/15_Testfall" classname="Test Cases/Prototyp_Filialsuche (RC 18)/15_Testfall" status="PASSED">
         <system-out><![CDATA[2018-03-20 19:45:32 - [TEST_CASE][PASSED] - Test Cases/Prototyp_Filialsuche (RC 18)/15_Testfall: Test Cases/Prototyp_Filialsuche (RC 18)/15_Testfall

2018-03-20 19:45:32 - [TEST_STEP][PASSED] - openBrowser: Browser is opened with url: ''

2018-03-20 19:45:34 - [MESSAGE][PASSED] - Browser is opened with url: ''

2018-03-20 19:45:34 - [TEST_STEP][PASSED] - maximizeWindow: Current window maximized

2018-03-20 19:45:34 - [MESSAGE][PASSED] - Current window maximized

2018-03-20 19:45:34 - [TEST_STEP][PASSED] - deleteAllCookies: Delete all cookies successfully

2018-03-20 19:45:34 - [MESSAGE][PASSED] - Delete all cookies successfully

2018-03-20 19:45:34 - [TEST_STEP][PASSED] - navigateToUrl: Navigate to 'http://rc-ogrhtmlprototyp.testintern/18-1-0/filialsuche-textinput.html' successfully

2018-03-20 19:45:36 - [MESSAGE][PASSED] - Navigate to 'http://rc-ogrhtmlprototyp.testintern/18-1-0/filialsuche-textinput.html' successfully

2018-03-20 19:45:36 - [TEST_STEP][PASSED] - delay: Delayed 5 second(s)

2018-03-20 19:45:41 - [MESSAGE][PASSED] - Delayed 5 second(s)

2018-03-20 19:45:41 - [TEST_STEP][PASSED] - setText: Text 'Berlin' is set on object 'Object Repository/Filialsuche_Inputtext'

2018-03-20 19:45:41 - [MESSAGE][PASSED] - Text 'Berlin' is set on object 'Object Repository/Filialsuche_Inputtext'

2018-03-20 19:45:41 - [TEST_STEP][PASSED] - delay: Delayed 2 second(s)

2018-03-20 19:45:43 - [MESSAGE][PASSED] - Delayed 2 second(s)

2018-03-20 19:45:43 - [TEST_STEP][PASSED] - submit: The form containing object: 'Object Repository/Filialsuche_submit_button' is submitted

2018-03-20 19:45:43 - [MESSAGE][PASSED] - The form containing object: 'Object Repository/Filialsuche_submit_button' is submitted

2018-03-20 19:45:43 - [TEST_STEP][PASSED] - delay: Delayed 2 second(s)

2018-03-20 19:45:45 - [MESSAGE][PASSED] - Delayed 2 second(s)

2018-03-20 19:45:45 - [TEST_STEP][PASSED] - Statement - wes = com.kms.katalon.core.webui.common.WebUiCommonHelper.findWebElements(com.kms.katalon.core.testobject.ObjectRepository.findTestObject(Filialsuche_loc_distance), 5): Found 25 web elements with id: 'Object Repository/Filialsuche_loc_distance' located by 'By.xpath: //span[@class='loc-distance']' in '5' second(s)

2018-03-20 19:45:45 - [TEST_STEP][PASSED] - Statement - For ([i = 1, i < wes.size(), (i++)]): null

2018-03-20 19:45:45 - [TEST_STEP][PASSED] - Statement - el1 = wes.get(i): null

2018-03-20 19:45:45 - [TEST_STEP][PASSED] - Statement - text1 = el1.getAttribute("innerHTML"): null

2018-03-20 19:45:45 - [TEST_STEP][PASSED] - Statement - tmp1 = text1.split(" "): null

2018-03-20 19:45:45 - [TEST_STEP][PASSED] - Statement - num1 = tmp1[0].replaceAll(",", "."): null

2018-03-20 19:45:45 - [TEST_STEP][PASSED] - Statement - km1 = java.lang.Float.parseFloat(num1): null

2018-03-20 19:45:45 - [TEST_STEP][PASSED] - Statement - el2 = wes.get(i - 1): null

2018-03-20 19:45:45 - [TEST_STEP][PASSED] - Statement - text2 = el2.getAttribute("innerHTML"): null

2018-03-20 19:45:45 - [TEST_STEP][PASSED] - Statement - tmp2 = text2.split(" "): null

2018-03-20 19:45:45 - [TEST_STEP][PASSED] - Statement - num2 = tmp2[0].replaceAll(",", "."): null

2018-03-20 19:45:45 - [TEST_STEP][PASSED] - Statement - km2 = java.lang.Float.parseFloat(num2): null

2018-03-20 19:45:45 - [TEST_STEP][PASSED] - Statement - If (km2 > km1): null

2018-03-20 19:45:45 - [TEST_STEP][PASSED] - Statement - el1 = wes.get(i): null

2018-03-20 19:45:45 - [TEST_STEP][PASSED] - Statement - text1 = el1.getAttribute("innerHTML"): null

2018-03-20 19:45:45 - [TEST_STEP][PASSED] - Statement - tmp1 = text1.split(" "): null

2018-03-20 19:45:45 - [TEST_STEP][PASSED] - Statement - num1 = tmp1[0].replaceAll(",", "."): null

2018-03-20 19:45:45 - [TEST_STEP][PASSED] - Statement - km1 = java.lang.Float.parseFloat(num1): null

2018-03-20 19:45:45 - [TEST_STEP][PASSED] - Statement - el2 = wes.get(i - 1): null

2018-03-20 19:45:45 - [TEST_STEP][PASSED] - Statement - text2 = el2.getAttribute("innerHTML"): null

2018-03-20 19:45:45 - [TEST_STEP][PASSED] - Statement - tmp2 = text2.split(" "): null

2018-03-20 19:45:45 - [TEST_STEP][PASSED] - Statement - num2 = tmp2[0].replaceAll(",", "."): null

2018-03-20 19:45:45 - [TEST_STEP][PASSED] - Statement - km2 = java.lang.Float.parseFloat(num2): null

2018-03-20 19:45:45 - [TEST_STEP][PASSED] - Statement - If (km2 > km1): null

2018-03-20 19:45:45 - [TEST_STEP][PASSED] - Statement - el1 = wes.get(i): null

2018-03-20 19:45:45 - [TEST_STEP][PASSED] - Statement - text1 = el1.getAttribute("innerHTML"): null

2018-03-20 19:45:45 - [TEST_STEP][PASSED] - Statement - tmp1 = text1.split(" "): null

2018-03-20 19:45:45 - [TEST_STEP][PASSED] - Statement - num1 = tmp1[0].replaceAll(",", "."): null

2018-03-20 19:45:45 - [TEST_STEP][PASSED] - Statement - km1 = java.lang.Float.parseFloat(num1): null

2018-03-20 19:45:45 - [TEST_STEP][PASSED] - Statement - el2 = wes.get(i - 1): null

2018-03-20 19:45:45 - [TEST_STEP][PASSED] - Statement - text2 = el2.getAttribute("innerHTML"): null

2018-03-20 19:45:46 - [TEST_STEP][PASSED] - Statement - tmp2 = text2.split(" "): null

2018-03-20 19:45:46 - [TEST_STEP][PASSED] - Statement - num2 = tmp2[0].replaceAll(",", "."): null

2018-03-20 19:45:46 - [TEST_STEP][PASSED] - Statement - km2 = java.lang.Float.parseFloat(num2): null

2018-03-20 19:45:46 - [TEST_STEP][PASSED] - Statement - If (km2 > km1): null

2018-03-20 19:45:46 - [TEST_STEP][PASSED] - Statement - el1 = wes.get(i): null

2018-03-20 19:45:46 - [TEST_STEP][PASSED] - Statement - text1 = el1.getAttribute("innerHTML"): null

2018-03-20 19:45:46 - [TEST_STEP][PASSED] - Statement - tmp1 = text1.split(" "): null

2018-03-20 19:45:46 - [TEST_STEP][PASSED] - Statement - num1 = tmp1[0].replaceAll(",", "."): null

2018-03-20 19:45:46 - [TEST_STEP][PASSED] - Statement - km1 = java.lang.Float.parseFloat(num1): null

2018-03-20 19:45:46 - [TEST_STEP][PASSED] - Statement - el2 = wes.get(i - 1): null

2018-03-20 19:45:46 - [TEST_STEP][PASSED] - Statement - text2 = el2.getAttribute("innerHTML"): null

2018-03-20 19:45:46 - [TEST_STEP][PASSED] - Statement - tmp2 = text2.split(" "): null

2018-03-20 19:45:46 - [TEST_STEP][PASSED] - Statement - num2 = tmp2[0].replaceAll(",", "."): null

2018-03-20 19:45:46 - [TEST_STEP][PASSED] - Statement - km2 = java.lang.Float.parseFloat(num2): null

2018-03-20 19:45:46 - [TEST_STEP][PASSED] - Statement - If (km2 > km1): null

2018-03-20 19:45:46 - [TEST_STEP][PASSED] - Statement - el1 = wes.get(i): null

2018-03-20 19:45:46 - [TEST_STEP][PASSED] - Statement - text1 = el1.getAttribute("innerHTML"): null

2018-03-20 19:45:46 - [TEST_STEP][PASSED] - Statement - tmp1 = text1.split(" "): null

2018-03-20 19:45:46 - [TEST_STEP][PASSED] - Statement - num1 = tmp1[0].replaceAll(",", "."): null

2018-03-20 19:45:46 - [TEST_STEP][PASSED] - Statement - km1 = java.lang.Float.parseFloat(num1): null

2018-03-20 19:45:46 - [TEST_STEP][PASSED] - Statement - el2 = wes.get(i - 1): null

2018-03-20 19:45:46 - [TEST_STEP][PASSED] - Statement - text2 = el2.getAttribute("innerHTML"): null

2018-03-20 19:45:46 - [TEST_STEP][PASSED] - Statement - tmp2 = text2.split(" "): null

2018-03-20 19:45:46 - [TEST_STEP][PASSED] - Statement - num2 = tmp2[0].replaceAll(",", "."): null

2018-03-20 19:45:46 - [TEST_STEP][PASSED] - Statement - km2 = java.lang.Float.parseFloat(num2): null

2018-03-20 19:45:46 - [TEST_STEP][PASSED] - Statement - If (km2 > km1): null

2018-03-20 19:45:46 - [TEST_STEP][PASSED] - Statement - el1 = wes.get(i): null

2018-03-20 19:45:46 - [TEST_STEP][PASSED] - Statement - text1 = el1.getAttribute("innerHTML"): null

2018-03-20 19:45:46 - [TEST_STEP][PASSED] - Statement - tmp1 = text1.split(" "): null

2018-03-20 19:45:46 - [TEST_STEP][PASSED] - Statement - num1 = tmp1[0].replaceAll(",", "."): null

2018-03-20 19:45:46 - [TEST_STEP][PASSED] - Statement - km1 = java.lang.Float.parseFloat(num1): null

2018-03-20 19:45:46 - [TEST_STEP][PASSED] - Statement - el2 = wes.get(i - 1): null

2018-03-20 19:45:46 - [TEST_STEP][PASSED] - Statement - text2 = el2.getAttribute("innerHTML"): null

2018-03-20 19:45:46 - [TEST_STEP][PASSED] - Statement - tmp2 = text2.split(" "): null

2018-03-20 19:45:46 - [TEST_STEP][PASSED] - Statement - num2 = tmp2[0].replaceAll(",", "."): null

2018-03-20 19:45:46 - [TEST_STEP][PASSED] - Statement - km2 = java.lang.Float.parseFloat(num2): null

2018-03-20 19:45:46 - [TEST_STEP][PASSED] - Statement - If (km2 > km1): null

2018-03-20 19:45:46 - [TEST_STEP][PASSED] - Statement - el1 = wes.get(i): null

2018-03-20 19:45:46 - [TEST_STEP][PASSED] - Statement - text1 = el1.getAttribute("innerHTML"): null

2018-03-20 19:45:46 - [TEST_STEP][PASSED] - Statement - tmp1 = text1.split(" "): null

2018-03-20 19:45:46 - [TEST_STEP][PASSED] - Statement - num1 = tmp1[0].replaceAll(",", "."): null

2018-03-20 19:45:46 - [TEST_STEP][PASSED] - Statement - km1 = java.lang.Float.parseFloat(num1): null

2018-03-20 19:45:46 - [TEST_STEP][PASSED] - Statement - el2 = wes.get(i - 1): null

2018-03-20 19:45:46 - [TEST_STEP][PASSED] - Statement - text2 = el2.getAttribute("innerHTML"): null

2018-03-20 19:45:46 - [TEST_STEP][PASSED] - Statement - tmp2 = text2.split(" "): null

2018-03-20 19:45:46 - [TEST_STEP][PASSED] - Statement - num2 = tmp2[0].replaceAll(",", "."): null

2018-03-20 19:45:46 - [TEST_STEP][PASSED] - Statement - km2 = java.lang.Float.parseFloat(num2): null

2018-03-20 19:45:46 - [TEST_STEP][PASSED] - Statement - If (km2 > km1): null

2018-03-20 19:45:46 - [TEST_STEP][PASSED] - Statement - el1 = wes.get(i): null

2018-03-20 19:45:46 - [TEST_STEP][PASSED] - Statement - text1 = el1.getAttribute("innerHTML"): null

2018-03-20 19:45:46 - [TEST_STEP][PASSED] - Statement - tmp1 = text1.split(" "): null

2018-03-20 19:45:46 - [TEST_STEP][PASSED] - Statement - num1 = tmp1[0].replaceAll(",", "."): null

2018-03-20 19:45:46 - [TEST_STEP][PASSED] - Statement - km1 = java.lang.Float.parseFloat(num1): null

2018-03-20 19:45:46 - [TEST_STEP][PASSED] - Statement - el2 = wes.get(i - 1): null

2018-03-20 19:45:46 - [TEST_STEP][PASSED] - Statement - text2 = el2.getAttribute("innerHTML"): null

2018-03-20 19:45:46 - [TEST_STEP][PASSED] - Statement - tmp2 = text2.split(" "): null

2018-03-20 19:45:46 - [TEST_STEP][PASSED] - Statement - num2 = tmp2[0].replaceAll(",", "."): null

2018-03-20 19:45:46 - [TEST_STEP][PASSED] - Statement - km2 = java.lang.Float.parseFloat(num2): null

2018-03-20 19:45:46 - [TEST_STEP][PASSED] - Statement - If (km2 > km1): null

2018-03-20 19:45:46 - [TEST_STEP][PASSED] - Statement - el1 = wes.get(i): null

2018-03-20 19:45:46 - [TEST_STEP][PASSED] - Statement - text1 = el1.getAttribute("innerHTML"): null

2018-03-20 19:45:46 - [TEST_STEP][PASSED] - Statement - tmp1 = text1.split(" "): null

2018-03-20 19:45:46 - [TEST_STEP][PASSED] - Statement - num1 = tmp1[0].replaceAll(",", "."): null

2018-03-20 19:45:46 - [TEST_STEP][PASSED] - Statement - km1 = java.lang.Float.parseFloat(num1): null

2018-03-20 19:45:46 - [TEST_STEP][PASSED] - Statement - el2 = wes.get(i - 1): null

2018-03-20 19:45:46 - [TEST_STEP][PASSED] - Statement - text2 = el2.getAttribute("innerHTML"): null

2018-03-20 19:45:46 - [TEST_STEP][PASSED] - Statement - tmp2 = text2.split(" "): null

2018-03-20 19:45:46 - [TEST_STEP][PASSED] - Statement - num2 = tmp2[0].replaceAll(",", "."): null

2018-03-20 19:45:46 - [TEST_STEP][PASSED] - Statement - km2 = java.lang.Float.parseFloat(num2): null

2018-03-20 19:45:46 - [TEST_STEP][PASSED] - Statement - If (km2 > km1): null

2018-03-20 19:45:46 - [TEST_STEP][PASSED] - Statement - el1 = wes.get(i): null

2018-03-20 19:45:46 - [TEST_STEP][PASSED] - Statement - text1 = el1.getAttribute("innerHTML"): null

2018-03-20 19:45:46 - [TEST_STEP][PASSED] - Statement - tmp1 = text1.split(" "): null

2018-03-20 19:45:46 - [TEST_STEP][PASSED] - Statement - num1 = tmp1[0].replaceAll(",", "."): null

2018-03-20 19:45:46 - [TEST_STEP][PASSED] - Statement - km1 = java.lang.Float.parseFloat(num1): null

2018-03-20 19:45:46 - [TEST_STEP][PASSED] - Statement - el2 = wes.get(i - 1): null

2018-03-20 19:45:46 - [TEST_STEP][PASSED] - Statement - text2 = el2.getAttribute("innerHTML"): null

2018-03-20 19:45:46 - [TEST_STEP][PASSED] - Statement - tmp2 = text2.split(" "): null

2018-03-20 19:45:46 - [TEST_STEP][PASSED] - Statement - num2 = tmp2[0].replaceAll(",", "."): null

2018-03-20 19:45:46 - [TEST_STEP][PASSED] - Statement - km2 = java.lang.Float.parseFloat(num2): null

2018-03-20 19:45:46 - [TEST_STEP][PASSED] - Statement - If (km2 > km1): null

2018-03-20 19:45:46 - [TEST_STEP][PASSED] - Statement - el1 = wes.get(i): null

2018-03-20 19:45:46 - [TEST_STEP][PASSED] - Statement - text1 = el1.getAttribute("innerHTML"): null

2018-03-20 19:45:46 - [TEST_STEP][PASSED] - Statement - tmp1 = text1.split(" "): null

2018-03-20 19:45:46 - [TEST_STEP][PASSED] - Statement - num1 = tmp1[0].replaceAll(",", "."): null

2018-03-20 19:45:46 - [TEST_STEP][PASSED] - Statement - km1 = java.lang.Float.parseFloat(num1): null

2018-03-20 19:45:46 - [TEST_STEP][PASSED] - Statement - el2 = wes.get(i - 1): null

2018-03-20 19:45:46 - [TEST_STEP][PASSED] - Statement - text2 = el2.getAttribute("innerHTML"): null

2018-03-20 19:45:46 - [TEST_STEP][PASSED] - Statement - tmp2 = text2.split(" "): null

2018-03-20 19:45:46 - [TEST_STEP][PASSED] - Statement - num2 = tmp2[0].replaceAll(",", "."): null

2018-03-20 19:45:46 - [TEST_STEP][PASSED] - Statement - km2 = java.lang.Float.parseFloat(num2): null

2018-03-20 19:45:46 - [TEST_STEP][PASSED] - Statement - If (km2 > km1): null

2018-03-20 19:45:46 - [TEST_STEP][PASSED] - Statement - el1 = wes.get(i): null

2018-03-20 19:45:46 - [TEST_STEP][PASSED] - Statement - text1 = el1.getAttribute("innerHTML"): null

2018-03-20 19:45:46 - [TEST_STEP][PASSED] - Statement - tmp1 = text1.split(" "): null

2018-03-20 19:45:46 - [TEST_STEP][PASSED] - Statement - num1 = tmp1[0].replaceAll(",", "."): null

2018-03-20 19:45:46 - [TEST_STEP][PASSED] - Statement - km1 = java.lang.Float.parseFloat(num1): null

2018-03-20 19:45:46 - [TEST_STEP][PASSED] - Statement - el2 = wes.get(i - 1): null

2018-03-20 19:45:46 - [TEST_STEP][PASSED] - Statement - text2 = el2.getAttribute("innerHTML"): null

2018-03-20 19:45:46 - [TEST_STEP][PASSED] - Statement - tmp2 = text2.split(" "): null

2018-03-20 19:45:46 - [TEST_STEP][PASSED] - Statement - num2 = tmp2[0].replaceAll(",", "."): null

2018-03-20 19:45:46 - [TEST_STEP][PASSED] - Statement - km2 = java.lang.Float.parseFloat(num2): null

2018-03-20 19:45:46 - [TEST_STEP][PASSED] - Statement - If (km2 > km1): null

2018-03-20 19:45:46 - [TEST_STEP][PASSED] - Statement - el1 = wes.get(i): null

2018-03-20 19:45:46 - [TEST_STEP][PASSED] - Statement - text1 = el1.getAttribute("innerHTML"): null

2018-03-20 19:45:46 - [TEST_STEP][PASSED] - Statement - tmp1 = text1.split(" "): null

2018-03-20 19:45:46 - [TEST_STEP][PASSED] - Statement - num1 = tmp1[0].replaceAll(",", "."): null

2018-03-20 19:45:46 - [TEST_STEP][PASSED] - Statement - km1 = java.lang.Float.parseFloat(num1): null

2018-03-20 19:45:46 - [TEST_STEP][PASSED] - Statement - el2 = wes.get(i - 1): null

2018-03-20 19:45:46 - [TEST_STEP][PASSED] - Statement - text2 = el2.getAttribute("innerHTML"): null

2018-03-20 19:45:46 - [TEST_STEP][PASSED] - Statement - tmp2 = text2.split(" "): null

2018-03-20 19:45:46 - [TEST_STEP][PASSED] - Statement - num2 = tmp2[0].replaceAll(",", "."): null

2018-03-20 19:45:46 - [TEST_STEP][PASSED] - Statement - km2 = java.lang.Float.parseFloat(num2): null

2018-03-20 19:45:46 - [TEST_STEP][PASSED] - Statement - If (km2 > km1): null

2018-03-20 19:45:46 - [TEST_STEP][PASSED] - Statement - el1 = wes.get(i): null

2018-03-20 19:45:46 - [TEST_STEP][PASSED] - Statement - text1 = el1.getAttribute("innerHTML"): null

2018-03-20 19:45:46 - [TEST_STEP][PASSED] - Statement - tmp1 = text1.split(" "): null

2018-03-20 19:45:46 - [TEST_STEP][PASSED] - Statement - num1 = tmp1[0].replaceAll(",", "."): null

2018-03-20 19:45:46 - [TEST_STEP][PASSED] - Statement - km1 = java.lang.Float.parseFloat(num1): null

2018-03-20 19:45:46 - [TEST_STEP][PASSED] - Statement - el2 = wes.get(i - 1): null

2018-03-20 19:45:46 - [TEST_STEP][PASSED] - Statement - text2 = el2.getAttribute("innerHTML"): null

2018-03-20 19:45:46 - [TEST_STEP][PASSED] - Statement - tmp2 = text2.split(" "): null

2018-03-20 19:45:46 - [TEST_STEP][PASSED] - Statement - num2 = tmp2[0].replaceAll(",", "."): null

2018-03-20 19:45:46 - [TEST_STEP][PASSED] - Statement - km2 = java.lang.Float.parseFloat(num2): null

2018-03-20 19:45:46 - [TEST_STEP][PASSED] - Statement - If (km2 > km1): null

2018-03-20 19:45:46 - [TEST_STEP][PASSED] - Statement - el1 = wes.get(i): null

2018-03-20 19:45:46 - [TEST_STEP][PASSED] - Statement - text1 = el1.getAttribute("innerHTML"): null

2018-03-20 19:45:46 - [TEST_STEP][PASSED] - Statement - tmp1 = text1.split(" "): null

2018-03-20 19:45:46 - [TEST_STEP][PASSED] - Statement - num1 = tmp1[0].replaceAll(",", "."): null

2018-03-20 19:45:46 - [TEST_STEP][PASSED] - Statement - km1 = java.lang.Float.parseFloat(num1): null

2018-03-20 19:45:46 - [TEST_STEP][PASSED] - Statement - el2 = wes.get(i - 1): null

2018-03-20 19:45:46 - [TEST_STEP][PASSED] - Statement - text2 = el2.getAttribute("innerHTML"): null

2018-03-20 19:45:46 - [TEST_STEP][PASSED] - Statement - tmp2 = text2.split(" "): null

2018-03-20 19:45:46 - [TEST_STEP][PASSED] - Statement - num2 = tmp2[0].replaceAll(",", "."): null

2018-03-20 19:45:46 - [TEST_STEP][PASSED] - Statement - km2 = java.lang.Float.parseFloat(num2): null

2018-03-20 19:45:46 - [TEST_STEP][PASSED] - Statement - If (km2 > km1): null

2018-03-20 19:45:46 - [TEST_STEP][PASSED] - Statement - el1 = wes.get(i): null

2018-03-20 19:45:46 - [TEST_STEP][PASSED] - Statement - text1 = el1.getAttribute("innerHTML"): null

2018-03-20 19:45:46 - [TEST_STEP][PASSED] - Statement - tmp1 = text1.split(" "): null

2018-03-20 19:45:46 - [TEST_STEP][PASSED] - Statement - num1 = tmp1[0].replaceAll(",", "."): null

2018-03-20 19:45:46 - [TEST_STEP][PASSED] - Statement - km1 = java.lang.Float.parseFloat(num1): null

2018-03-20 19:45:46 - [TEST_STEP][PASSED] - Statement - el2 = wes.get(i - 1): null

2018-03-20 19:45:46 - [TEST_STEP][PASSED] - Statement - text2 = el2.getAttribute("innerHTML"): null

2018-03-20 19:45:46 - [TEST_STEP][PASSED] - Statement - tmp2 = text2.split(" "): null

2018-03-20 19:45:46 - [TEST_STEP][PASSED] - Statement - num2 = tmp2[0].replaceAll(",", "."): null

2018-03-20 19:45:46 - [TEST_STEP][PASSED] - Statement - km2 = java.lang.Float.parseFloat(num2): null

2018-03-20 19:45:46 - [TEST_STEP][PASSED] - Statement - If (km2 > km1): null

2018-03-20 19:45:46 - [TEST_STEP][PASSED] - Statement - el1 = wes.get(i): null

2018-03-20 19:45:46 - [TEST_STEP][PASSED] - Statement - text1 = el1.getAttribute("innerHTML"): null

2018-03-20 19:45:46 - [TEST_STEP][PASSED] - Statement - tmp1 = text1.split(" "): null

2018-03-20 19:45:46 - [TEST_STEP][PASSED] - Statement - num1 = tmp1[0].replaceAll(",", "."): null

2018-03-20 19:45:46 - [TEST_STEP][PASSED] - Statement - km1 = java.lang.Float.parseFloat(num1): null

2018-03-20 19:45:46 - [TEST_STEP][PASSED] - Statement - el2 = wes.get(i - 1): null

2018-03-20 19:45:46 - [TEST_STEP][PASSED] - Statement - text2 = el2.getAttribute("innerHTML"): null

2018-03-20 19:45:46 - [TEST_STEP][PASSED] - Statement - tmp2 = text2.split(" "): null

2018-03-20 19:45:46 - [TEST_STEP][PASSED] - Statement - num2 = tmp2[0].replaceAll(",", "."): null

2018-03-20 19:45:46 - [TEST_STEP][PASSED] - Statement - km2 = java.lang.Float.parseFloat(num2): null

2018-03-20 19:45:46 - [TEST_STEP][PASSED] - Statement - If (km2 > km1): null

2018-03-20 19:45:46 - [TEST_STEP][PASSED] - Statement - el1 = wes.get(i): null

2018-03-20 19:45:46 - [TEST_STEP][PASSED] - Statement - text1 = el1.getAttribute("innerHTML"): null

2018-03-20 19:45:46 - [TEST_STEP][PASSED] - Statement - tmp1 = text1.split(" "): null

2018-03-20 19:45:46 - [TEST_STEP][PASSED] - Statement - num1 = tmp1[0].replaceAll(",", "."): null

2018-03-20 19:45:46 - [TEST_STEP][PASSED] - Statement - km1 = java.lang.Float.parseFloat(num1): null

2018-03-20 19:45:46 - [TEST_STEP][PASSED] - Statement - el2 = wes.get(i - 1): null

2018-03-20 19:45:46 - [TEST_STEP][PASSED] - Statement - text2 = el2.getAttribute("innerHTML"): null

2018-03-20 19:45:46 - [TEST_STEP][PASSED] - Statement - tmp2 = text2.split(" "): null

2018-03-20 19:45:46 - [TEST_STEP][PASSED] - Statement - num2 = tmp2[0].replaceAll(",", "."): null

2018-03-20 19:45:46 - [TEST_STEP][PASSED] - Statement - km2 = java.lang.Float.parseFloat(num2): null

2018-03-20 19:45:46 - [TEST_STEP][PASSED] - Statement - If (km2 > km1): null

2018-03-20 19:45:46 - [TEST_STEP][PASSED] - Statement - el1 = wes.get(i): null

2018-03-20 19:45:46 - [TEST_STEP][PASSED] - Statement - text1 = el1.getAttribute("innerHTML"): null

2018-03-20 19:45:46 - [TEST_STEP][PASSED] - Statement - tmp1 = text1.split(" "): null

2018-03-20 19:45:46 - [TEST_STEP][PASSED] - Statement - num1 = tmp1[0].replaceAll(",", "."): null

2018-03-20 19:45:46 - [TEST_STEP][PASSED] - Statement - km1 = java.lang.Float.parseFloat(num1): null

2018-03-20 19:45:46 - [TEST_STEP][PASSED] - Statement - el2 = wes.get(i - 1): null

2018-03-20 19:45:46 - [TEST_STEP][PASSED] - Statement - text2 = el2.getAttribute("innerHTML"): null

2018-03-20 19:45:46 - [TEST_STEP][PASSED] - Statement - tmp2 = text2.split(" "): null

2018-03-20 19:45:46 - [TEST_STEP][PASSED] - Statement - num2 = tmp2[0].replaceAll(",", "."): null

2018-03-20 19:45:46 - [TEST_STEP][PASSED] - Statement - km2 = java.lang.Float.parseFloat(num2): null

2018-03-20 19:45:46 - [TEST_STEP][PASSED] - Statement - If (km2 > km1): null

2018-03-20 19:45:46 - [TEST_STEP][PASSED] - Statement - el1 = wes.get(i): null

2018-03-20 19:45:46 - [TEST_STEP][PASSED] - Statement - text1 = el1.getAttribute("innerHTML"): null

2018-03-20 19:45:46 - [TEST_STEP][PASSED] - Statement - tmp1 = text1.split(" "): null

2018-03-20 19:45:46 - [TEST_STEP][PASSED] - Statement - num1 = tmp1[0].replaceAll(",", "."): null

2018-03-20 19:45:46 - [TEST_STEP][PASSED] - Statement - km1 = java.lang.Float.parseFloat(num1): null

2018-03-20 19:45:46 - [TEST_STEP][PASSED] - Statement - el2 = wes.get(i - 1): null

2018-03-20 19:45:46 - [TEST_STEP][PASSED] - Statement - text2 = el2.getAttribute("innerHTML"): null

2018-03-20 19:45:46 - [TEST_STEP][PASSED] - Statement - tmp2 = text2.split(" "): null

2018-03-20 19:45:46 - [TEST_STEP][PASSED] - Statement - num2 = tmp2[0].replaceAll(",", "."): null

2018-03-20 19:45:46 - [TEST_STEP][PASSED] - Statement - km2 = java.lang.Float.parseFloat(num2): null

2018-03-20 19:45:46 - [TEST_STEP][PASSED] - Statement - If (km2 > km1): null

2018-03-20 19:45:46 - [TEST_STEP][PASSED] - Statement - el1 = wes.get(i): null

2018-03-20 19:45:46 - [TEST_STEP][PASSED] - Statement - text1 = el1.getAttribute("innerHTML"): null

2018-03-20 19:45:46 - [TEST_STEP][PASSED] - Statement - tmp1 = text1.split(" "): null

2018-03-20 19:45:46 - [TEST_STEP][PASSED] - Statement - num1 = tmp1[0].replaceAll(",", "."): null

2018-03-20 19:45:46 - [TEST_STEP][PASSED] - Statement - km1 = java.lang.Float.parseFloat(num1): null

2018-03-20 19:45:46 - [TEST_STEP][PASSED] - Statement - el2 = wes.get(i - 1): null

2018-03-20 19:45:46 - [TEST_STEP][PASSED] - Statement - text2 = el2.getAttribute("innerHTML"): null

2018-03-20 19:45:46 - [TEST_STEP][PASSED] - Statement - tmp2 = text2.split(" "): null

2018-03-20 19:45:46 - [TEST_STEP][PASSED] - Statement - num2 = tmp2[0].replaceAll(",", "."): null

2018-03-20 19:45:46 - [TEST_STEP][PASSED] - Statement - km2 = java.lang.Float.parseFloat(num2): null

2018-03-20 19:45:46 - [TEST_STEP][PASSED] - Statement - If (km2 > km1): null

2018-03-20 19:45:46 - [TEST_STEP][PASSED] - Statement - el1 = wes.get(i): null

2018-03-20 19:45:46 - [TEST_STEP][PASSED] - Statement - text1 = el1.getAttribute("innerHTML"): null

2018-03-20 19:45:46 - [TEST_STEP][PASSED] - Statement - tmp1 = text1.split(" "): null

2018-03-20 19:45:46 - [TEST_STEP][PASSED] - Statement - num1 = tmp1[0].replaceAll(",", "."): null

2018-03-20 19:45:46 - [TEST_STEP][PASSED] - Statement - km1 = java.lang.Float.parseFloat(num1): null

2018-03-20 19:45:46 - [TEST_STEP][PASSED] - Statement - el2 = wes.get(i - 1): null

2018-03-20 19:45:46 - [TEST_STEP][PASSED] - Statement - text2 = el2.getAttribute("innerHTML"): null

2018-03-20 19:45:46 - [TEST_STEP][PASSED] - Statement - tmp2 = text2.split(" "): null

2018-03-20 19:45:46 - [TEST_STEP][PASSED] - Statement - num2 = tmp2[0].replaceAll(",", "."): null

2018-03-20 19:45:46 - [TEST_STEP][PASSED] - Statement - km2 = java.lang.Float.parseFloat(num2): null

2018-03-20 19:45:46 - [TEST_STEP][PASSED] - Statement - If (km2 > km1): null

2018-03-20 19:45:46 - [TEST_STEP][PASSED] - Statement - el1 = wes.get(i): null

2018-03-20 19:45:46 - [TEST_STEP][PASSED] - Statement - text1 = el1.getAttribute("innerHTML"): null

2018-03-20 19:45:46 - [TEST_STEP][PASSED] - Statement - tmp1 = text1.split(" "): null

2018-03-20 19:45:46 - [TEST_STEP][PASSED] - Statement - num1 = tmp1[0].replaceAll(",", "."): null

2018-03-20 19:45:46 - [TEST_STEP][PASSED] - Statement - km1 = java.lang.Float.parseFloat(num1): null

2018-03-20 19:45:46 - [TEST_STEP][PASSED] - Statement - el2 = wes.get(i - 1): null

2018-03-20 19:45:46 - [TEST_STEP][PASSED] - Statement - text2 = el2.getAttribute("innerHTML"): null

2018-03-20 19:45:46 - [TEST_STEP][PASSED] - Statement - tmp2 = text2.split(" "): null

2018-03-20 19:45:46 - [TEST_STEP][PASSED] - Statement - num2 = tmp2[0].replaceAll(",", "."): null

2018-03-20 19:45:46 - [TEST_STEP][PASSED] - Statement - km2 = java.lang.Float.parseFloat(num2): null

2018-03-20 19:45:46 - [TEST_STEP][PASSED] - Statement - If (km2 > km1): null

2018-03-20 19:45:46 - [TEST_STEP][PASSED] - Statement - el1 = wes.get(i): null

2018-03-20 19:45:46 - [TEST_STEP][PASSED] - Statement - text1 = el1.getAttribute("innerHTML"): null

2018-03-20 19:45:46 - [TEST_STEP][PASSED] - Statement - tmp1 = text1.split(" "): null

2018-03-20 19:45:46 - [TEST_STEP][PASSED] - Statement - num1 = tmp1[0].replaceAll(",", "."): null

2018-03-20 19:45:46 - [TEST_STEP][PASSED] - Statement - km1 = java.lang.Float.parseFloat(num1): null

2018-03-20 19:45:46 - [TEST_STEP][PASSED] - Statement - el2 = wes.get(i - 1): null

2018-03-20 19:45:46 - [TEST_STEP][PASSED] - Statement - text2 = el2.getAttribute("innerHTML"): null

2018-03-20 19:45:46 - [TEST_STEP][PASSED] - Statement - tmp2 = text2.split(" "): null

2018-03-20 19:45:46 - [TEST_STEP][PASSED] - Statement - num2 = tmp2[0].replaceAll(",", "."): null

2018-03-20 19:45:46 - [TEST_STEP][PASSED] - Statement - km2 = java.lang.Float.parseFloat(num2): null

2018-03-20 19:45:46 - [TEST_STEP][PASSED] - Statement - If (km2 > km1): null

2018-03-20 19:45:46 - [TEST_STEP][PASSED] - closeBrowser: Browser is closed

2018-03-20 19:45:46 - [MESSAGE][PASSED] - Browser is closed]]></system-out>
         <system-err><![CDATA[]]></system-err>
      </testcase>
      <testcase name="Test Cases/Prototyp_Filialsuche (RC 18)/16_Testfall" classname="Test Cases/Prototyp_Filialsuche (RC 18)/16_Testfall" status="PASSED">
         <system-out><![CDATA[2018-03-20 19:45:46 - [TEST_CASE][PASSED] - Test Cases/Prototyp_Filialsuche (RC 18)/16_Testfall: Test Cases/Prototyp_Filialsuche (RC 18)/16_Testfall

2018-03-20 19:45:46 - [TEST_STEP][PASSED] - openBrowser: Browser is opened with url: ''

2018-03-20 19:45:48 - [MESSAGE][PASSED] - Browser is opened with url: ''

2018-03-20 19:45:48 - [TEST_STEP][PASSED] - maximizeWindow: Current window maximized

2018-03-20 19:45:48 - [MESSAGE][PASSED] - Current window maximized

2018-03-20 19:45:48 - [TEST_STEP][PASSED] - deleteAllCookies: Delete all cookies successfully

2018-03-20 19:45:48 - [MESSAGE][PASSED] - Delete all cookies successfully

2018-03-20 19:45:48 - [TEST_STEP][PASSED] - navigateToUrl: Navigate to 'http://rc-ogrhtmlprototyp.testintern/18-1-0/filialsuche-textinput.html' successfully

2018-03-20 19:45:53 - [MESSAGE][PASSED] - Navigate to 'http://rc-ogrhtmlprototyp.testintern/18-1-0/filialsuche-textinput.html' successfully

2018-03-20 19:45:53 - [TEST_STEP][PASSED] - delay: Delayed 5 second(s)

2018-03-20 19:45:58 - [MESSAGE][PASSED] - Delayed 5 second(s)

2018-03-20 19:45:58 - [TEST_STEP][PASSED] - setText: Text 'Berlin' is set on object 'Object Repository/Filialsuche_Inputtext'

2018-03-20 19:45:59 - [MESSAGE][PASSED] - Text 'Berlin' is set on object 'Object Repository/Filialsuche_Inputtext'

2018-03-20 19:45:59 - [TEST_STEP][PASSED] - delay: Delayed 3 second(s)

2018-03-20 19:46:02 - [MESSAGE][PASSED] - Delayed 3 second(s)

2018-03-20 19:46:02 - [TEST_STEP][PASSED] - submit: The form containing object: 'Object Repository/Filialsuche_submit_button' is submitted

2018-03-20 19:46:02 - [MESSAGE][PASSED] - The form containing object: 'Object Repository/Filialsuche_submit_button' is submitted

2018-03-20 19:46:02 - [TEST_STEP][PASSED] - delay: Delayed 5 second(s)

2018-03-20 19:46:07 - [MESSAGE][PASSED] - Delayed 5 second(s)

2018-03-20 19:46:07 - [TEST_STEP][PASSED] - verifyElementVisible: Object 'Object Repository/Entfernung_filialsuche' is visible

2018-03-20 19:46:07 - [MESSAGE][PASSED] - Object 'Object Repository/Entfernung_filialsuche' is visible

2018-03-20 19:46:07 - [TEST_STEP][PASSED] - closeBrowser: Browser is closed

2018-03-20 19:46:07 - [MESSAGE][PASSED] - Browser is closed]]></system-out>
         <system-err><![CDATA[]]></system-err>
      </testcase>
      <testcase name="Test Cases/Prototyp_Filialsuche (RC 18)/17_Testfall" classname="Test Cases/Prototyp_Filialsuche (RC 18)/17_Testfall" status="PASSED">
         <system-out><![CDATA[2018-03-20 19:46:07 - [TEST_CASE][PASSED] - Test Cases/Prototyp_Filialsuche (RC 18)/17_Testfall: Test Cases/Prototyp_Filialsuche (RC 18)/17_Testfall

2018-03-20 19:46:07 - [TEST_STEP][PASSED] - openBrowser: Browser is opened with url: ''

2018-03-20 19:46:08 - [MESSAGE][PASSED] - Browser is opened with url: ''

2018-03-20 19:46:08 - [TEST_STEP][PASSED] - deleteAllCookies: Delete all cookies successfully

2018-03-20 19:46:08 - [MESSAGE][PASSED] - Delete all cookies successfully

2018-03-20 19:46:08 - [TEST_STEP][PASSED] - maximizeWindow: Current window maximized

2018-03-20 19:46:08 - [MESSAGE][PASSED] - Current window maximized

2018-03-20 19:46:08 - [TEST_STEP][PASSED] - navigateToUrl: Navigate to 'http://rc-ogrhtmlprototyp.testintern/18-1-0/filialsuche.html' successfully

2018-03-20 19:46:13 - [MESSAGE][PASSED] - Navigate to 'http://rc-ogrhtmlprototyp.testintern/18-1-0/filialsuche.html' successfully

2018-03-20 19:46:13 - [TEST_STEP][PASSED] - delay: Delayed 2 second(s)

2018-03-20 19:46:15 - [MESSAGE][PASSED] - Delayed 2 second(s)

2018-03-20 19:46:15 - [TEST_STEP][PASSED] - waitForPageLoad: Wait for page load successfully

2018-03-20 19:46:15 - [MESSAGE][WARNING] - Timeout '0' is invalid. Using default page load timeout: '30'

2018-03-20 19:46:18 - [MESSAGE][PASSED] - Wait for page load successfully

2018-03-20 19:46:18 - [TEST_STEP][PASSED] - delay: Delayed 2 second(s)

2018-03-20 19:46:20 - [MESSAGE][PASSED] - Delayed 2 second(s)

2018-03-20 19:46:20 - [TEST_STEP][PASSED] - click: Object: 'Object Repository/03/Page_Filialsuche-rotenburg - BVR HT/svg_dropdown-icons' is clicked on

2018-03-20 19:46:21 - [MESSAGE][PASSED] - Object: 'Object Repository/03/Page_Filialsuche-rotenburg - BVR HT/svg_dropdown-icons' is clicked on

2018-03-20 19:46:21 - [TEST_STEP][PASSED] - delay: Delayed 2 second(s)

2018-03-20 19:46:23 - [MESSAGE][PASSED] - Delayed 2 second(s)

2018-03-20 19:46:23 - [TEST_STEP][PASSED] - mouseOver: Object: 'Object Repository/002/Page_Filialsuche - BVR HTML Prototy/div_Berlin' is hovered

2018-03-20 19:46:23 - [MESSAGE][PASSED] - Object: 'Object Repository/002/Page_Filialsuche - BVR HTML Prototy/div_Berlin' is hovered

2018-03-20 19:46:23 - [TEST_STEP][PASSED] - delay: Delayed 2 second(s)

2018-03-20 19:46:25 - [MESSAGE][PASSED] - Delayed 2 second(s)

2018-03-20 19:46:25 - [TEST_STEP][PASSED] - click: Object: 'Object Repository/002/Page_Filialsuche - BVR HTML Prototy/div_Berlin' is clicked on

2018-03-20 19:46:25 - [MESSAGE][PASSED] - Object: 'Object Repository/002/Page_Filialsuche - BVR HTML Prototy/div_Berlin' is clicked on

2018-03-20 19:46:25 - [TEST_STEP][PASSED] - delay: Delayed 5 second(s)

2018-03-20 19:46:30 - [MESSAGE][PASSED] - Delayed 5 second(s)

2018-03-20 19:46:30 - [TEST_STEP][PASSED] - click: Object: 'Object Repository/TF17/Page_Filialsuche - BVR HTML Prototy/span_Berliner Volksbank eG Fil' is clicked on

2018-03-20 19:46:30 - [MESSAGE][PASSED] - Object: 'Object Repository/TF17/Page_Filialsuche - BVR HTML Prototy/span_Berliner Volksbank eG Fil' is clicked on

2018-03-20 19:46:30 - [TEST_STEP][PASSED] - delay: Delayed 2 second(s)

2018-03-20 19:46:32 - [MESSAGE][PASSED] - Delayed 2 second(s)

2018-03-20 19:46:32 - [TEST_STEP][PASSED] - verifyTextPresent: Text 'Alt-Moabit 82' is present on page 

2018-03-20 19:46:32 - [MESSAGE][PASSED] - Text 'Alt-Moabit 82' is present on page 

2018-03-20 19:46:32 - [TEST_STEP][PASSED] - verifyTextPresent: Text '10555 Berlin' is present on page 

2018-03-20 19:46:32 - [MESSAGE][PASSED] - Text '10555 Berlin' is present on page 

2018-03-20 19:46:32 - [TEST_STEP][PASSED] - click: Object: 'Object Repository/TF17/Page_Filialsuche - BVR HTML Prototy/span_Berliner Volksbank eG Fil_1' is clicked on

2018-03-20 19:46:32 - [MESSAGE][PASSED] - Object: 'Object Repository/TF17/Page_Filialsuche - BVR HTML Prototy/span_Berliner Volksbank eG Fil_1' is clicked on

2018-03-20 19:46:32 - [TEST_STEP][PASSED] - delay: Delayed 2 second(s)

2018-03-20 19:46:34 - [MESSAGE][PASSED] - Delayed 2 second(s)

2018-03-20 19:46:34 - [TEST_STEP][PASSED] - verifyTextPresent: Text 'Alt-Rudow 71' is present on page 

2018-03-20 19:46:34 - [MESSAGE][PASSED] - Text 'Alt-Rudow 71' is present on page 

2018-03-20 19:46:34 - [TEST_STEP][PASSED] - verifyTextPresent: Text '12355 Berlin' is present on page 

2018-03-20 19:46:34 - [MESSAGE][PASSED] - Text '12355 Berlin' is present on page 

2018-03-20 19:46:34 - [TEST_STEP][PASSED] - click: Object: 'Object Repository/TF17/Page_Filialsuche - BVR HTML Prototy/span_Berliner Volksbank eG Fin' is clicked on

2018-03-20 19:46:34 - [MESSAGE][PASSED] - Object: 'Object Repository/TF17/Page_Filialsuche - BVR HTML Prototy/span_Berliner Volksbank eG Fin' is clicked on

2018-03-20 19:46:34 - [TEST_STEP][PASSED] - delay: Delayed 2 second(s)

2018-03-20 19:46:36 - [MESSAGE][PASSED] - Delayed 2 second(s)

2018-03-20 19:46:36 - [TEST_STEP][PASSED] - verifyTextPresent: Text 'Bahnhofstr. 19' is present on page 

2018-03-20 19:46:36 - [MESSAGE][PASSED] - Text 'Bahnhofstr. 19' is present on page 

[...]

2018-03-20 20:02:15 - [TEST_STEP][PASSED] - openBrowser: Browser is opened with url: ''

2018-03-20 20:02:16 - [MESSAGE][PASSED] - Browser is opened with url: ''

2018-03-20 20:02:16 - [TEST_STEP][PASSED] - deleteAllCookies: Delete all cookies successfully

2018-03-20 20:02:16 - [MESSAGE][PASSED] - Delete all cookies successfully

2018-03-20 20:02:16 - [TEST_STEP][PASSED] - maximizeWindow: Current window maximized

2018-03-20 20:02:16 - [MESSAGE][PASSED] - Current window maximized

2018-03-20 20:02:16 - [TEST_STEP][PASSED] - navigateToUrl: Navigate to 'http://rc-ogrhtmlprototyp.testintern/18-1-0/filialsuche-nuernberg-textinput.html' successfully

2018-03-20 20:02:18 - [MESSAGE][PASSED] - Navigate to 'http://rc-ogrhtmlprototyp.testintern/18-1-0/filialsuche-nuernberg-textinput.html' successfully

2018-03-20 20:02:18 - [TEST_STEP][PASSED] - delay: Delayed 2 second(s)

2018-03-20 20:02:20 - [MESSAGE][PASSED] - Delayed 2 second(s)

2018-03-20 20:02:20 - [TEST_STEP][PASSED] - setText: Text 'Ansbach' is set on object 'Object Repository/Filialsuche_Inputtext'

2018-03-20 20:02:20 - [MESSAGE][PASSED] - Text 'Ansbach' is set on object 'Object Repository/Filialsuche_Inputtext'

2018-03-20 20:02:20 - [TEST_STEP][PASSED] - submit: The form containing object: 'Object Repository/Filialsuche_submit_button' is submitted

2018-03-20 20:02:20 - [MESSAGE][PASSED] - The form containing object: 'Object Repository/Filialsuche_submit_button' is submitted

2018-03-20 20:02:20 - [TEST_STEP][PASSED] - delay: Delayed 5 second(s)

2018-03-20 20:02:25 - [MESSAGE][PASSED] - Delayed 5 second(s)

2018-03-20 20:02:25 - [TEST_STEP][PASSED] - verifyTextPresent: Text 'Martin-Luther-Platz 20' is present on page 

2018-03-20 20:02:25 - [MESSAGE][PASSED] - Text 'Martin-Luther-Platz 20' is present on page 

2018-03-20 20:02:25 - [TEST_STEP][PASSED] - scrollToElement: Scroll to object 'Object Repository/Filialsuche_Inputtext' successfully

2018-03-20 20:02:25 - [MESSAGE][PASSED] - Scroll to object 'Object Repository/Filialsuche_Inputtext' successfully

2018-03-20 20:02:25 - [TEST_STEP][PASSED] - verifyTextPresent: Text 'PSD Bank Nürnberg eG' is present on page 

2018-03-20 20:02:25 - [MESSAGE][PASSED] - Text 'PSD Bank Nürnberg eG' is present on page 

2018-03-20 20:02:25 - [TEST_STEP][FAILED] - verifyTextNotPresent: Unable to verify text 'Willy-Brandt-Platz 8' is not present  (Root cause: Text 'Willy-Brandt-Platz 8' is present on page )

2018-03-20 20:02:25 - [MESSAGE][FAILED] - Text 'Willy-Brandt-Platz 8' is present on page 

2018-03-20 20:02:25 - [MESSAGE][FAILED] - Unable to verify text 'Willy-Brandt-Platz 8' is not present  (Root cause: Text 'Willy-Brandt-Platz 8' is present on page )
[[ATTACHMENT|/Users/lbut/git/Katalon/Reports/Filialsuche_20_03/20180320_194128/1521572545504.png]]]]></system-out>
         <system-err><![CDATA[2018-03-20 20:02:15 - [TEST_CASE][FAILED] - Test Cases/Prototyp_Filialsuche (RC 18)/60_Testfall: Test Cases/Prototyp_Filialsuche (RC 18)/60_Testfall FAILED because (of) Unable to verify text 'Willy-Brandt-Platz 8' is not present  (Root cause: Text 'Willy-Brandt-Platz 8' is present on page )]]></system-err>
      </testcase>
      <testcase name="Test Cases/Prototyp_Filialsuche (RC 18)/61_Testfall" classname="Test Cases/Prototyp_Filialsuche (RC 18)/61_Testfall" status="FAILED">
         <failure type="FAILED" message="Unable to verify text 'Hauptstr. 56' is not present  (Root cause: Text 'Hauptstr. 56' is present on page )"/>
         <system-out><![CDATA[2018-03-20 20:02:25 - [TEST_CASE][FAILED] - Test Cases/Prototyp_Filialsuche (RC 18)/61_Testfall: Test Cases/Prototyp_Filialsuche (RC 18)/61_Testfall FAILED because (of) Unable to verify text 'Hauptstr. 56' is not present  (Root cause: Text 'Hauptstr. 56' is present on page )

2018-03-20 20:02:25 - [TEST_STEP][PASSED] - openBrowser: Browser is opened with url: ''

2018-03-20 20:02:25 - [MESSAGE][WARNING] - A browser is already opened. Closing browser and opening a new one

2018-03-20 20:02:27 - [MESSAGE][PASSED] - Browser is opened with url: ''

2018-03-20 20:02:27 - [TEST_STEP][PASSED] - deleteAllCookies: Delete all cookies successfully

2018-03-20 20:02:27 - [MESSAGE][PASSED] - Delete all cookies successfully

2018-03-20 20:02:27 - [TEST_STEP][PASSED] - maximizeWindow: Current window maximized

2018-03-20 20:02:27 - [MESSAGE][PASSED] - Current window maximized

2018-03-20 20:02:27 - [TEST_STEP][PASSED] - navigateToUrl: Navigate to 'http://rc-ogrhtmlprototyp.testintern/18-1-0/filialsuche-wangen-textinput.html' successfully

2018-03-20 20:02:31 - [MESSAGE][PASSED] - Navigate to 'http://rc-ogrhtmlprototyp.testintern/18-1-0/filialsuche-wangen-textinput.html' successfully

2018-03-20 20:02:31 - [TEST_STEP][PASSED] - delay: Delayed 5 second(s)

2018-03-20 20:02:36 - [MESSAGE][PASSED] - Delayed 5 second(s)

2018-03-20 20:02:36 - [TEST_STEP][PASSED] - scrollToElement: Scroll to object 'Object Repository/Filialsuche_Inputtext' successfully

2018-03-20 20:02:36 - [MESSAGE][WARNING] - Timeout '0' is invalid. Using default page load timeout: '30'

2018-03-20 20:02:36 - [MESSAGE][PASSED] - Scroll to object 'Object Repository/Filialsuche_Inputtext' successfully

2018-03-20 20:02:36 - [TEST_STEP][PASSED] - delay: Delayed 5 second(s)

2018-03-20 20:02:41 - [MESSAGE][PASSED] - Delayed 5 second(s)

2018-03-20 20:02:41 - [TEST_STEP][PASSED] - setText: Text 'Rechberghausen' is set on object 'Object Repository/Filialsuche_Inputtext'

2018-03-20 20:02:42 - [MESSAGE][PASSED] - Text 'Rechberghausen' is set on object 'Object Repository/Filialsuche_Inputtext'

2018-03-20 20:02:42 - [TEST_STEP][PASSED] - delay: Delayed 5 second(s)

2018-03-20 20:02:47 - [MESSAGE][PASSED] - Delayed 5 second(s)

2018-03-20 20:02:47 - [TEST_STEP][PASSED] - submit: The form containing object: 'Object Repository/Filialsuche_submit_button' is submitted

2018-03-20 20:02:47 - [MESSAGE][PASSED] - The form containing object: 'Object Repository/Filialsuche_submit_button' is submitted

2018-03-20 20:02:47 - [TEST_STEP][PASSED] - delay: Delayed 5 second(s)

2018-03-20 20:02:52 - [MESSAGE][PASSED] - Delayed 5 second(s)

2018-03-20 20:02:52 - [TEST_STEP][PASSED] - verifyTextPresent: Text 'Geschäftsstelle Rechberghausen' is present on page 

2018-03-20 20:02:52 - [MESSAGE][PASSED] - Text 'Geschäftsstelle Rechberghausen' is present on page 

2018-03-20 20:02:52 - [TEST_STEP][PASSED] - verifyTextPresent: Text 'Hauptstr. 37' is present on page 

2018-03-20 20:02:52 - [MESSAGE][PASSED] - Text 'Hauptstr. 37' is present on page 

2018-03-20 20:02:52 - [TEST_STEP][PASSED] - verifyTextPresent: Text '73098 Rechberghausen' is present on page 

2018-03-20 20:02:52 - [MESSAGE][PASSED] - Text '73098 Rechberghausen' is present on page 

2018-03-20 20:02:52 - [TEST_STEP][PASSED] - verifyTextPresent: Text 'Geschäftsstelle Börtlingen' is present on page 

2018-03-20 20:02:52 - [MESSAGE][PASSED] - Text 'Geschäftsstelle Börtlingen' is present on page 

2018-03-20 20:02:52 - [TEST_STEP][PASSED] - verifyTextPresent: Text 'Geschäftsstelle Uhingen-Holzhausen' is present on page 

2018-03-20 20:02:52 - [MESSAGE][PASSED] - Text 'Geschäftsstelle Uhingen-Holzhausen' is present on page 

2018-03-20 20:02:52 - [TEST_STEP][PASSED] - verifyTextPresent: Text 'Raiffeisenbank Wangen eG' is present on page 

2018-03-20 20:02:52 - [MESSAGE][PASSED] - Text 'Raiffeisenbank Wangen eG' is present on page 

2018-03-20 20:02:52 - [TEST_STEP][PASSED] - delay: Delayed 5 second(s)

2018-03-20 20:02:57 - [MESSAGE][PASSED] - Delayed 5 second(s)

2018-03-20 20:02:57 - [TEST_STEP][FAILED] - verifyTextNotPresent: Unable to verify text 'Hauptstr. 56' is not present  (Root cause: Text 'Hauptstr. 56' is present on page )

2018-03-20 20:02:57 - [MESSAGE][FAILED] - Text 'Hauptstr. 56' is present on page 

2018-03-20 20:02:57 - [MESSAGE][FAILED] - Unable to verify text 'Hauptstr. 56' is not present  (Root cause: Text 'Hauptstr. 56' is present on page )
[[ATTACHMENT|/Users/lbut/git/Katalon/Reports/Filialsuche_20_03/20180320_194128/1521572577198.png]]]]></system-out>
         <system-err><![CDATA[2018-03-20 20:02:25 - [TEST_CASE][FAILED] - Test Cases/Prototyp_Filialsuche (RC 18)/61_Testfall: Test Cases/Prototyp_Filialsuche (RC 18)/61_Testfall FAILED because (of) Unable to verify text 'Hauptstr. 56' is not present  (Root cause: Text 'Hauptstr. 56' is present on page )]]></system-err>
      </testcase>
      <testcase name="Test Cases/Prototyp_Filialsuche (RC 18)/62_Testfall" classname="Test Cases/Prototyp_Filialsuche (RC 18)/62_Testfall" status="FAILED">
         <failure type="FAILED" message="Verify element text of test object 'Object Repository/OGRPrototypFilialsuche - DistanzRotenburg/01ErgebnisTest' FAILED. (Root cause: Actual text 'VR-Bankverein Bad Hersfeld-Rotenburg eG Filiale  Bad Hersfeld' and expected text 'VR-Bankverein Bad Hersfeld-Rotenburg eG Filiale Bad Hersfeld' of test object 'Object Repository/OGRPrototypFilialsuche - DistanzRotenburg/01ErgebnisTest' are NOT matched.)"/>
         <system-out><![CDATA[2018-03-20 20:02:57 - [TEST_CASE][FAILED] - Test Cases/Prototyp_Filialsuche (RC 18)/62_Testfall: Test Cases/Prototyp_Filialsuche (RC 18)/62_Testfall FAILED because (of) Verify element text of test object 'Object Repository/OGRPrototypFilialsuche - DistanzRotenburg/01ErgebnisTest' FAILED. (Root cause: Actual text 'VR-Bankverein Bad Hersfeld-Rotenburg eG Filiale  Bad Hersfeld' and expected text 'VR-Bankverein Bad Hersfeld-Rotenburg eG Filiale Bad Hersfeld' of test object 'Object Repository/OGRPrototypFilialsuche - DistanzRotenburg/01ErgebnisTest' are NOT matched.)

2018-03-20 20:02:57 - [TEST_STEP][PASSED] - openBrowser: Browser is opened with url: ''

2018-03-20 20:02:57 - [MESSAGE][WARNING] - A browser is already opened. Closing browser and opening a new one

2018-03-20 20:02:59 - [MESSAGE][PASSED] - Browser is opened with url: ''

2018-03-20 20:02:59 - [TEST_STEP][PASSED] - deleteAllCookies: Delete all cookies successfully

2018-03-20 20:02:59 - [MESSAGE][PASSED] - Delete all cookies successfully

2018-03-20 20:02:59 - [TEST_STEP][PASSED] - maximizeWindow: Current window maximized

2018-03-20 20:02:59 - [MESSAGE][PASSED] - Current window maximized

2018-03-20 20:02:59 - [TEST_STEP][PASSED] - navigateToUrl: Navigate to 'http://rc-ogrhtmlprototyp.testintern/18-1-0/filialsuche-rotenburg.html' successfully

2018-03-20 20:03:01 - [MESSAGE][PASSED] - Navigate to 'http://rc-ogrhtmlprototyp.testintern/18-1-0/filialsuche-rotenburg.html' successfully

2018-03-20 20:03:01 - [TEST_STEP][PASSED] - waitForPageLoad: Wait for page load successfully

2018-03-20 20:03:01 - [MESSAGE][WARNING] - Timeout '0' is invalid. Using default page load timeout: '30'

2018-03-20 20:03:02 - [MESSAGE][PASSED] - Wait for page load successfully

2018-03-20 20:03:02 - [TEST_STEP][PASSED] - delay: Delayed 4 second(s)

2018-03-20 20:03:06 - [MESSAGE][PASSED] - Delayed 4 second(s)

2018-03-20 20:03:06 - [TEST_STEP][PASSED] - click: Object: 'Object Repository/03/Page_Filialsuche-rotenburg - BVR HT/svg_dropdown-icons' is clicked on

2018-03-20 20:03:06 - [MESSAGE][PASSED] - Object: 'Object Repository/03/Page_Filialsuche-rotenburg - BVR HT/svg_dropdown-icons' is clicked on

2018-03-20 20:03:06 - [TEST_STEP][PASSED] - delay: Delayed 2 second(s)

2018-03-20 20:03:08 - [MESSAGE][PASSED] - Delayed 2 second(s)

2018-03-20 20:03:08 - [TEST_STEP][PASSED] - mouseOver: Object: 'Object Repository/002/Page_Filialsuche-rotenburg - BVR HT/div_Bad Hersfeld' is hovered

2018-03-20 20:03:08 - [MESSAGE][PASSED] - Object: 'Object Repository/002/Page_Filialsuche-rotenburg - BVR HT/div_Bad Hersfeld' is hovered

2018-03-20 20:03:08 - [TEST_STEP][PASSED] - delay: Delayed 2 second(s)

2018-03-20 20:03:10 - [MESSAGE][PASSED] - Delayed 2 second(s)

2018-03-20 20:03:10 - [TEST_STEP][PASSED] - click: Object: 'Object Repository/03/Page_Filialsuche-rotenburg - BVR HT/div_Bad Hersfeld' is clicked on

2018-03-20 20:03:10 - [MESSAGE][PASSED] - Object: 'Object Repository/03/Page_Filialsuche-rotenburg - BVR HT/div_Bad Hersfeld' is clicked on

2018-03-20 20:03:10 - [TEST_STEP][PASSED] - delay: Delayed 5 second(s)

2018-03-20 20:03:15 - [MESSAGE][PASSED] - Delayed 5 second(s)

2018-03-20 20:03:15 - [TEST_STEP][FAILED] - verifyElementText: Verify element text of test object 'Object Repository/OGRPrototypFilialsuche - DistanzRotenburg/01ErgebnisTest' FAILED. (Root cause: Actual text 'VR-Bankverein Bad Hersfeld-Rotenburg eG Filiale  Bad Hersfeld' and expected text 'VR-Bankverein Bad Hersfeld-Rotenburg eG Filiale Bad Hersfeld' of test object 'Object Repository/OGRPrototypFilialsuche - DistanzRotenburg/01ErgebnisTest' are NOT matched.)

2018-03-20 20:03:15 - [MESSAGE][FAILED] - Actual text 'VR-Bankverein Bad Hersfeld-Rotenburg eG Filiale  Bad Hersfeld' and expected text 'VR-Bankverein Bad Hersfeld-Rotenburg eG Filiale Bad Hersfeld' of test object 'Object Repository/OGRPrototypFilialsuche - DistanzRotenburg/01ErgebnisTest' are NOT matched.
[[ATTACHMENT|/Users/lbut/git/Katalon/Reports/Filialsuche_20_03/20180320_194128/1521572595403.png]]

2018-03-20 20:03:15 - [MESSAGE][FAILED] - Verify element text of test object 'Object Repository/OGRPrototypFilialsuche - DistanzRotenburg/01ErgebnisTest' FAILED. (Root cause: Actual text 'VR-Bankverein Bad Hersfeld-Rotenburg eG Filiale  Bad Hersfeld' and expected text 'VR-Bankverein Bad Hersfeld-Rotenburg eG Filiale Bad Hersfeld' of test object 'Object Repository/OGRPrototypFilialsuche - DistanzRotenburg/01ErgebnisTest' are NOT matched.)
[[ATTACHMENT|/Users/lbut/git/Katalon/Reports/Filialsuche_20_03/20180320_194128/1521572595602.png]]]]></system-out>
         <system-err><![CDATA[2018-03-20 20:02:57 - [TEST_CASE][FAILED] - Test Cases/Prototyp_Filialsuche (RC 18)/62_Testfall: Test Cases/Prototyp_Filialsuche (RC 18)/62_Testfall FAILED because (of) Verify element text of test object 'Object Repository/OGRPrototypFilialsuche - DistanzRotenburg/01ErgebnisTest' FAILED. (Root cause: Actual text 'VR-Bankverein Bad Hersfeld-Rotenburg eG Filiale  Bad Hersfeld' and expected text 'VR-Bankverein Bad Hersfeld-Rotenburg eG Filiale Bad Hersfeld' of test object 'Object Repository/OGRPrototypFilialsuche - DistanzRotenburg/01ErgebnisTest' are NOT matched.)]]></system-err>
      </testcase>
      <testcase name="Test Cases/Prototyp_Filialsuche (RC 18)/63_Testfall" classname="Test Cases/Prototyp_Filialsuche (RC 18)/63_Testfall" status="FAILED">
         <failure type="FAILED" message="Verify element text of test object 'Object Repository/OGRPrototypFilialsuche - DistanzRotenburg/01ErgebnisTest' FAILED. (Root cause: Actual text 'VR-Bankverein Bad Hersfeld-Rotenburg eG Filiale  Bad Hersfeld' and expected text 'VR-Bankverein Bad Hersfeld-Rotenburg eG Filiale Bad Hersfeld' of test object 'Object Repository/OGRPrototypFilialsuche - DistanzRotenburg/01ErgebnisTest' are NOT matched.)"/>
         <system-out><![CDATA[2018-03-20 20:03:15 - [TEST_CASE][FAILED] - Test Cases/Prototyp_Filialsuche (RC 18)/63_Testfall: Test Cases/Prototyp_Filialsuche (RC 18)/63_Testfall FAILED because (of) Verify element text of test object 'Object Repository/OGRPrototypFilialsuche - DistanzRotenburg/01ErgebnisTest' FAILED. (Root cause: Actual text 'VR-Bankverein Bad Hersfeld-Rotenburg eG Filiale  Bad Hersfeld' and expected text 'VR-Bankverein Bad Hersfeld-Rotenburg eG Filiale Bad Hersfeld' of test object 'Object Repository/OGRPrototypFilialsuche - DistanzRotenburg/01ErgebnisTest' are NOT matched.)

2018-03-20 20:03:15 - [TEST_STEP][PASSED] - openBrowser: Browser is opened with url: ''

2018-03-20 20:03:15 - [MESSAGE][WARNING] - A browser is already opened. Closing browser and opening a new one

2018-03-20 20:03:18 - [MESSAGE][PASSED] - Browser is opened with url: ''

2018-03-20 20:03:18 - [TEST_STEP][PASSED] - maximizeWindow: Current window maximized

2018-03-20 20:03:18 - [MESSAGE][PASSED] - Current window maximized

2018-03-20 20:03:18 - [TEST_STEP][PASSED] - deleteAllCookies: Delete all cookies successfully

2018-03-20 20:03:18 - [MESSAGE][PASSED] - Delete all cookies successfully

2018-03-20 20:03:18 - [TEST_STEP][PASSED] - navigateToUrl: Navigate to 'http://rc-ogrhtmlprototyp.testintern/18-1-0/filialsuche-rotenburg-textinput.html' successfully

2018-03-20 20:03:19 - [MESSAGE][PASSED] - Navigate to 'http://rc-ogrhtmlprototyp.testintern/18-1-0/filialsuche-rotenburg-textinput.html' successfully

2018-03-20 20:03:19 - [TEST_STEP][PASSED] - delay: Delayed 5 second(s)

2018-03-20 20:03:24 - [MESSAGE][PASSED] - Delayed 5 second(s)

2018-03-20 20:03:24 - [TEST_STEP][PASSED] - setText: Text 'Bad Hersfeld' is set on object 'Object Repository/Filialsuche_Inputtext'

2018-03-20 20:03:24 - [MESSAGE][PASSED] - Text 'Bad Hersfeld' is set on object 'Object Repository/Filialsuche_Inputtext'

2018-03-20 20:03:24 - [TEST_STEP][PASSED] - delay: Delayed 2 second(s)

2018-03-20 20:03:27 - [MESSAGE][PASSED] - Delayed 2 second(s)

2018-03-20 20:03:27 - [TEST_STEP][PASSED] - submit: The form containing object: 'Object Repository/Filialsuche_submit_button' is submitted

2018-03-20 20:03:27 - [MESSAGE][PASSED] - The form containing object: 'Object Repository/Filialsuche_submit_button' is submitted

2018-03-20 20:03:27 - [TEST_STEP][PASSED] - delay: Delayed 8 second(s)

2018-03-20 20:03:35 - [MESSAGE][PASSED] - Delayed 8 second(s)

2018-03-20 20:03:35 - [TEST_STEP][FAILED] - verifyElementText: Verify element text of test object 'Object Repository/OGRPrototypFilialsuche - DistanzRotenburg/01ErgebnisTest' FAILED. (Root cause: Actual text 'VR-Bankverein Bad Hersfeld-Rotenburg eG Filiale  Bad Hersfeld' and expected text 'VR-Bankverein Bad Hersfeld-Rotenburg eG Filiale Bad Hersfeld' of test object 'Object Repository/OGRPrototypFilialsuche - DistanzRotenburg/01ErgebnisTest' are NOT matched.)

2018-03-20 20:03:35 - [MESSAGE][FAILED] - Actual text 'VR-Bankverein Bad Hersfeld-Rotenburg eG Filiale  Bad Hersfeld' and expected text 'VR-Bankverein Bad Hersfeld-Rotenburg eG Filiale Bad Hersfeld' of test object 'Object Repository/OGRPrototypFilialsuche - DistanzRotenburg/01ErgebnisTest' are NOT matched.
[[ATTACHMENT|/Users/lbut/git/Katalon/Reports/Filialsuche_20_03/20180320_194128/1521572615128.png]]

2018-03-20 20:03:35 - [MESSAGE][FAILED] - Verify element text of test object 'Object Repository/OGRPrototypFilialsuche - DistanzRotenburg/01ErgebnisTest' FAILED. (Root cause: Actual text 'VR-Bankverein Bad Hersfeld-Rotenburg eG Filiale  Bad Hersfeld' and expected text 'VR-Bankverein Bad Hersfeld-Rotenburg eG Filiale Bad Hersfeld' of test object 'Object Repository/OGRPrototypFilialsuche - DistanzRotenburg/01ErgebnisTest' are NOT matched.)
[[ATTACHMENT|/Users/lbut/git/Katalon/Reports/Filialsuche_20_03/20180320_194128/1521572615367.png]]]]></system-out>
         <system-err><![CDATA[2018-03-20 20:03:15 - [TEST_CASE][FAILED] - Test Cases/Prototyp_Filialsuche (RC 18)/63_Testfall: Test Cases/Prototyp_Filialsuche (RC 18)/63_Testfall FAILED because (of) Verify element text of test object 'Object Repository/OGRPrototypFilialsuche - DistanzRotenburg/01ErgebnisTest' FAILED. (Root cause: Actual text 'VR-Bankverein Bad Hersfeld-Rotenburg eG Filiale  Bad Hersfeld' and expected text 'VR-Bankverein Bad Hersfeld-Rotenburg eG Filiale Bad Hersfeld' of test object 'Object Repository/OGRPrototypFilialsuche - DistanzRotenburg/01ErgebnisTest' are NOT matched.)]]></system-err>
      </testcase>
      <system-out><![CDATA[2018-03-20 19:41:54 - [TEST_SUITE][FAILED] - Filialsuche_20_03: Test Cases/Prototyp_Filialsuche (RC 18)/18_Testfall FAILED because (of) Unable to verify text 'Hauptstr. 11' is present  (Root cause: Text 'Hauptstr. 11' is not present on page )]]></system-out>
      <system-err><![CDATA[2018-03-20 19:41:54 - [TEST_SUITE][FAILED] - Filialsuche_20_03: Test Cases/Prototyp_Filialsuche (RC 18)/18_Testfall FAILED because (of) Unable to verify text 'Hauptstr. 11' is present  (Root cause: Text 'Hauptstr. 11' is not present on page )]]></system-err>
   </testsuite>
</testsuites>
